[3.452s] DEBUG:colcon:Command line arguments: ['/usr/bin/colcon', 'build']
[3.452s] DEBUG:colcon:Parsed command line arguments: Namespace(log_base=None, log_level=None, verb_name='build', build_base='build', install_base='install', merge_install=False, symlink_install=False, test_result_base=None, continue_on_error=False, executor='parallel', parallel_workers=4, event_handlers=None, ignore_user_meta=False, metas=['./colcon.meta'], base_paths=['.'], packages_ignore=None, packages_ignore_regex=None, paths=None, packages_up_to=None, packages_up_to_regex=None, packages_above=None, packages_above_and_dependencies=None, packages_above_depth=None, packages_select_by_dep=None, packages_skip_by_dep=None, packages_skip_up_to=None, packages_select_build_failed=False, packages_skip_build_finished=False, packages_select_test_failures=False, packages_skip_test_passed=False, packages_select=None, packages_skip=None, packages_select_regex=None, packages_skip_regex=None, packages_start=None, packages_end=None, allow_overriding=[], cmake_args=None, cmake_target=None, cmake_target_skip_unavailable=False, cmake_clean_cache=False, cmake_clean_first=False, cmake_force_configure=False, ament_cmake_args=None, catkin_cmake_args=None, catkin_skip_building_tests=False, verb_parser=<colcon_defaults.argument_parser.defaults.DefaultArgumentsDecorator object at 0xffffb1b0ff70>, verb_extension=<colcon_core.verb.build.BuildVerb object at 0xffffb23af550>, main=<bound method BuildVerb.main of <colcon_core.verb.build.BuildVerb object at 0xffffb23af550>>)
[3.751s] Level 1:colcon.colcon_core.package_discovery:discover_packages(colcon_meta) check parameters
[3.752s] Level 1:colcon.colcon_core.package_discovery:discover_packages(recursive) check parameters
[3.752s] Level 1:colcon.colcon_core.package_discovery:discover_packages(ignore) check parameters
[3.753s] Level 1:colcon.colcon_core.package_discovery:discover_packages(path) check parameters
[3.753s] Level 1:colcon.colcon_core.package_discovery:discover_packages(colcon_meta) discover
[3.753s] Level 1:colcon.colcon_core.package_discovery:discover_packages(recursive) discover
[3.754s] INFO:colcon.colcon_core.package_discovery:Crawling recursively for packages in '/home/robotica/Taller_3/ros2_taller3'
[3.754s] Level 1:colcon.colcon_core.package_identification:_identify(.) by extensions ['ignore', 'ignore_ament_install']
[3.755s] Level 1:colcon.colcon_core.package_identification:_identify(.) by extension 'ignore'
[3.755s] Level 1:colcon.colcon_core.package_identification:_identify(.) by extension 'ignore_ament_install'
[3.756s] Level 1:colcon.colcon_core.package_identification:_identify(.) by extensions ['colcon_pkg']
[3.756s] Level 1:colcon.colcon_core.package_identification:_identify(.) by extension 'colcon_pkg'
[3.756s] Level 1:colcon.colcon_core.package_identification:_identify(.) by extensions ['colcon_meta']
[3.756s] Level 1:colcon.colcon_core.package_identification:_identify(.) by extension 'colcon_meta'
[3.757s] Level 1:colcon.colcon_core.package_identification:_identify(.) by extensions ['ros']
[3.757s] Level 1:colcon.colcon_core.package_identification:_identify(.) by extension 'ros'
[3.846s] Level 1:colcon.colcon_core.package_identification:_identify(.) by extensions ['cmake', 'python']
[3.846s] Level 1:colcon.colcon_core.package_identification:_identify(.) by extension 'cmake'
[3.846s] Level 1:colcon.colcon_core.package_identification:_identify(.) by extension 'python'
[3.846s] Level 1:colcon.colcon_core.package_identification:_identify(.) by extensions ['python_setup_py']
[3.847s] Level 1:colcon.colcon_core.package_identification:_identify(.) by extension 'python_setup_py'
[3.847s] Level 1:colcon.colcon_core.package_identification:_identify(build) by extensions ['ignore', 'ignore_ament_install']
[3.848s] Level 1:colcon.colcon_core.package_identification:_identify(build) by extension 'ignore'
[3.848s] Level 1:colcon.colcon_core.package_identification:_identify(build) ignored
[3.848s] Level 1:colcon.colcon_core.package_identification:_identify(install) by extensions ['ignore', 'ignore_ament_install']
[3.849s] Level 1:colcon.colcon_core.package_identification:_identify(install) by extension 'ignore'
[3.849s] Level 1:colcon.colcon_core.package_identification:_identify(install) ignored
[3.850s] Level 1:colcon.colcon_core.package_identification:_identify(log) by extensions ['ignore', 'ignore_ament_install']
[3.851s] Level 1:colcon.colcon_core.package_identification:_identify(log) by extension 'ignore'
[3.851s] Level 1:colcon.colcon_core.package_identification:_identify(log) ignored
[3.851s] Level 1:colcon.colcon_core.package_identification:_identify(src) by extensions ['ignore', 'ignore_ament_install']
[3.852s] Level 1:colcon.colcon_core.package_identification:_identify(src) by extension 'ignore'
[3.852s] Level 1:colcon.colcon_core.package_identification:_identify(src) by extension 'ignore_ament_install'
[3.852s] Level 1:colcon.colcon_core.package_identification:_identify(src) by extensions ['colcon_pkg']
[3.852s] Level 1:colcon.colcon_core.package_identification:_identify(src) by extension 'colcon_pkg'
[3.852s] Level 1:colcon.colcon_core.package_identification:_identify(src) by extensions ['colcon_meta']
[3.853s] Level 1:colcon.colcon_core.package_identification:_identify(src) by extension 'colcon_meta'
[3.853s] Level 1:colcon.colcon_core.package_identification:_identify(src) by extensions ['ros']
[3.853s] Level 1:colcon.colcon_core.package_identification:_identify(src) by extension 'ros'
[3.853s] Level 1:colcon.colcon_core.package_identification:_identify(src) by extensions ['cmake', 'python']
[3.854s] Level 1:colcon.colcon_core.package_identification:_identify(src) by extension 'cmake'
[3.854s] Level 1:colcon.colcon_core.package_identification:_identify(src) by extension 'python'
[3.854s] Level 1:colcon.colcon_core.package_identification:_identify(src) by extensions ['python_setup_py']
[3.854s] Level 1:colcon.colcon_core.package_identification:_identify(src) by extension 'python_setup_py'
[3.857s] Level 1:colcon.colcon_core.package_identification:_identify(src/manipulador_odometria) by extensions ['ignore', 'ignore_ament_install']
[3.858s] Level 1:colcon.colcon_core.package_identification:_identify(src/manipulador_odometria) by extension 'ignore'
[3.858s] Level 1:colcon.colcon_core.package_identification:_identify(src/manipulador_odometria) by extension 'ignore_ament_install'
[3.858s] Level 1:colcon.colcon_core.package_identification:_identify(src/manipulador_odometria) by extensions ['colcon_pkg']
[3.859s] Level 1:colcon.colcon_core.package_identification:_identify(src/manipulador_odometria) by extension 'colcon_pkg'
[3.859s] Level 1:colcon.colcon_core.package_identification:_identify(src/manipulador_odometria) by extensions ['colcon_meta']
[3.859s] Level 1:colcon.colcon_core.package_identification:_identify(src/manipulador_odometria) by extension 'colcon_meta'
[3.859s] Level 1:colcon.colcon_core.package_identification:_identify(src/manipulador_odometria) by extensions ['ros']
[3.859s] Level 1:colcon.colcon_core.package_identification:_identify(src/manipulador_odometria) by extension 'ros'
[3.860s] Level 1:colcon.colcon_core.package_identification:_identify(src/manipulador_odometria) by extensions ['cmake', 'python']
[3.860s] Level 1:colcon.colcon_core.package_identification:_identify(src/manipulador_odometria) by extension 'cmake'
[3.860s] Level 1:colcon.colcon_core.package_identification:_identify(src/manipulador_odometria) by extension 'python'
[3.860s] Level 1:colcon.colcon_core.package_identification:_identify(src/manipulador_odometria) by extensions ['python_setup_py']
[3.861s] Level 1:colcon.colcon_core.package_identification:_identify(src/manipulador_odometria) by extension 'python_setup_py'
[3.861s] Level 1:colcon.colcon_core.package_identification:_identify(src/mi_robot_manipulador_3) by extensions ['ignore', 'ignore_ament_install']
[3.862s] Level 1:colcon.colcon_core.package_identification:_identify(src/mi_robot_manipulador_3) by extension 'ignore'
[3.862s] Level 1:colcon.colcon_core.package_identification:_identify(src/mi_robot_manipulador_3) by extension 'ignore_ament_install'
[3.862s] Level 1:colcon.colcon_core.package_identification:_identify(src/mi_robot_manipulador_3) by extensions ['colcon_pkg']
[3.863s] Level 1:colcon.colcon_core.package_identification:_identify(src/mi_robot_manipulador_3) by extension 'colcon_pkg'
[3.863s] Level 1:colcon.colcon_core.package_identification:_identify(src/mi_robot_manipulador_3) by extensions ['colcon_meta']
[3.863s] Level 1:colcon.colcon_core.package_identification:_identify(src/mi_robot_manipulador_3) by extension 'colcon_meta'
[3.863s] Level 1:colcon.colcon_core.package_identification:_identify(src/mi_robot_manipulador_3) by extensions ['ros']
[3.863s] Level 1:colcon.colcon_core.package_identification:_identify(src/mi_robot_manipulador_3) by extension 'ros'
[3.878s] DEBUG:colcon.colcon_core.package_identification:Package 'src/mi_robot_manipulador_3' with type 'ros.ament_python' and name 'mi_robot_manipulador_3'
[3.879s] Level 1:colcon.colcon_core.package_discovery:discover_packages(recursive) using defaults
[3.879s] Level 1:colcon.colcon_core.package_discovery:discover_packages(ignore) discover
[3.879s] Level 1:colcon.colcon_core.package_discovery:discover_packages(ignore) using defaults
[3.879s] Level 1:colcon.colcon_core.package_discovery:discover_packages(path) discover
[3.879s] Level 1:colcon.colcon_core.package_discovery:discover_packages(path) using defaults
[4.077s] Level 1:colcon.colcon_core.package_discovery:discover_packages(prefix_path) check parameters
[4.077s] Level 1:colcon.colcon_core.package_discovery:discover_packages(prefix_path) discover
[4.103s] DEBUG:colcon.colcon_installed_package_information.package_discovery:Found 1 installed packages in /home/robotica/Taller_3/ros2_taller3/install
[4.120s] DEBUG:colcon.colcon_installed_package_information.package_discovery:Found 182 installed packages in /opt/ros/humble
[4.126s] Level 1:colcon.colcon_core.package_discovery:discover_packages(prefix_path) using defaults
[4.461s] Level 5:colcon.colcon_core.verb:set package 'mi_robot_manipulador_3' build argument 'cmake_args' from command line to 'None'
[4.461s] Level 5:colcon.colcon_core.verb:set package 'mi_robot_manipulador_3' build argument 'cmake_target' from command line to 'None'
[4.461s] Level 5:colcon.colcon_core.verb:set package 'mi_robot_manipulador_3' build argument 'cmake_target_skip_unavailable' from command line to 'False'
[4.461s] Level 5:colcon.colcon_core.verb:set package 'mi_robot_manipulador_3' build argument 'cmake_clean_cache' from command line to 'False'
[4.462s] Level 5:colcon.colcon_core.verb:set package 'mi_robot_manipulador_3' build argument 'cmake_clean_first' from command line to 'False'
[4.462s] Level 5:colcon.colcon_core.verb:set package 'mi_robot_manipulador_3' build argument 'cmake_force_configure' from command line to 'False'
[4.462s] Level 5:colcon.colcon_core.verb:set package 'mi_robot_manipulador_3' build argument 'ament_cmake_args' from command line to 'None'
[4.462s] Level 5:colcon.colcon_core.verb:set package 'mi_robot_manipulador_3' build argument 'catkin_cmake_args' from command line to 'None'
[4.462s] Level 5:colcon.colcon_core.verb:set package 'mi_robot_manipulador_3' build argument 'catkin_skip_building_tests' from command line to 'False'
[4.462s] DEBUG:colcon.colcon_core.verb:Building package 'mi_robot_manipulador_3' with the following arguments: {'ament_cmake_args': None, 'build_base': '/home/robotica/Taller_3/ros2_taller3/build/mi_robot_manipulador_3', 'catkin_cmake_args': None, 'catkin_skip_building_tests': False, 'cmake_args': None, 'cmake_clean_cache': False, 'cmake_clean_first': False, 'cmake_force_configure': False, 'cmake_target': None, 'cmake_target_skip_unavailable': False, 'install_base': '/home/robotica/Taller_3/ros2_taller3/install/mi_robot_manipulador_3', 'merge_install': False, 'path': '/home/robotica/Taller_3/ros2_taller3/src/mi_robot_manipulador_3', 'symlink_install': False, 'test_result_base': None}
[4.465s] INFO:colcon.colcon_core.executor:Executing jobs using 'parallel' executor
[4.479s] DEBUG:colcon.colcon_parallel_executor.executor.parallel:run_until_complete
[4.480s] INFO:colcon.colcon_ros.task.ament_python.build:Building ROS package in '/home/robotica/Taller_3/ros2_taller3/src/mi_robot_manipulador_3' with build type 'ament_python'
[4.481s] Level 1:colcon.colcon_core.shell:create_environment_hook('mi_robot_manipulador_3', 'ament_prefix_path')
[4.530s] INFO:colcon.colcon_core.plugin_system:Skipping extension 'colcon_core.shell.bat': Not used on non-Windows systems
[4.532s] INFO:colcon.colcon_core.shell:Creating environment hook '/home/robotica/Taller_3/ros2_taller3/install/mi_robot_manipulador_3/share/mi_robot_manipulador_3/hook/ament_prefix_path.ps1'
[4.538s] INFO:colcon.colcon_core.shell:Creating environment descriptor '/home/robotica/Taller_3/ros2_taller3/install/mi_robot_manipulador_3/share/mi_robot_manipulador_3/hook/ament_prefix_path.dsv'
[4.541s] INFO:colcon.colcon_core.shell:Creating environment hook '/home/robotica/Taller_3/ros2_taller3/install/mi_robot_manipulador_3/share/mi_robot_manipulador_3/hook/ament_prefix_path.sh'
[4.551s] INFO:colcon.colcon_core.shell:Skip shell extension 'powershell' for command environment: Not usable outside of PowerShell
[4.552s] DEBUG:colcon.colcon_core.shell:Skip shell extension 'dsv' for command environment
[5.898s] INFO:colcon.colcon_core.task.python.build:Building Python package in '/home/robotica/Taller_3/ros2_taller3/src/mi_robot_manipulador_3'
[5.904s] INFO:colcon.colcon_core.shell:Skip shell extension 'powershell' for command environment: Not usable outside of PowerShell
[5.904s] DEBUG:colcon.colcon_core.shell:Skip shell extension 'dsv' for command environment
[7.760s] DEBUG:colcon.colcon_core.event_handler.log_command:Invoking command in '/home/robotica/Taller_3/ros2_taller3/src/mi_robot_manipulador_3': PYTHONPATH=/home/robotica/Taller_3/ros2_taller3/build/mi_robot_manipulador_3/prefix_override:/home/robotica/Taller_3/ros2_taller3/install/mi_robot_manipulador_3/lib/python3.10/site-packages:${PYTHONPATH} /usr/bin/python3 setup.py egg_info --egg-base ../../build/mi_robot_manipulador_3 build --build-base /home/robotica/Taller_3/ros2_taller3/build/mi_robot_manipulador_3/build install --record /home/robotica/Taller_3/ros2_taller3/build/mi_robot_manipulador_3/install.log --single-version-externally-managed
[9.247s] DEBUG:colcon.colcon_core.event_handler.log_command:Invoked command in '/home/robotica/Taller_3/ros2_taller3/src/mi_robot_manipulador_3' returned '0': PYTHONPATH=/home/robotica/Taller_3/ros2_taller3/build/mi_robot_manipulador_3/prefix_override:/home/robotica/Taller_3/ros2_taller3/install/mi_robot_manipulador_3/lib/python3.10/site-packages:${PYTHONPATH} /usr/bin/python3 setup.py egg_info --egg-base ../../build/mi_robot_manipulador_3 build --build-base /home/robotica/Taller_3/ros2_taller3/build/mi_robot_manipulador_3/build install --record /home/robotica/Taller_3/ros2_taller3/build/mi_robot_manipulador_3/install.log --single-version-externally-managed
[9.294s] Level 1:colcon.colcon_core.environment:checking '/home/robotica/Taller_3/ros2_taller3/install/mi_robot_manipulador_3' for CMake module files
[9.298s] Level 1:colcon.colcon_core.environment:checking '/home/robotica/Taller_3/ros2_taller3/install/mi_robot_manipulador_3' for CMake config files
[9.303s] Level 1:colcon.colcon_core.environment:checking '/home/robotica/Taller_3/ros2_taller3/install/mi_robot_manipulador_3/lib'
[9.304s] Level 1:colcon.colcon_core.environment:checking '/home/robotica/Taller_3/ros2_taller3/install/mi_robot_manipulador_3/bin'
[9.304s] Level 1:colcon.colcon_core.environment:checking '/home/robotica/Taller_3/ros2_taller3/install/mi_robot_manipulador_3/lib/pkgconfig/mi_robot_manipulador_3.pc'
[9.306s] Level 1:colcon.colcon_core.environment:checking '/home/robotica/Taller_3/ros2_taller3/install/mi_robot_manipulador_3/lib/python3.10/site-packages'
[9.306s] Level 1:colcon.colcon_core.shell:create_environment_hook('mi_robot_manipulador_3', 'pythonpath')
[9.312s] INFO:colcon.colcon_core.shell:Creating environment hook '/home/robotica/Taller_3/ros2_taller3/install/mi_robot_manipulador_3/share/mi_robot_manipulador_3/hook/pythonpath.ps1'
[9.314s] INFO:colcon.colcon_core.shell:Creating environment descriptor '/home/robotica/Taller_3/ros2_taller3/install/mi_robot_manipulador_3/share/mi_robot_manipulador_3/hook/pythonpath.dsv'
[9.317s] INFO:colcon.colcon_core.shell:Creating environment hook '/home/robotica/Taller_3/ros2_taller3/install/mi_robot_manipulador_3/share/mi_robot_manipulador_3/hook/pythonpath.sh'
[9.320s] Level 1:colcon.colcon_core.environment:checking '/home/robotica/Taller_3/ros2_taller3/install/mi_robot_manipulador_3/bin'
[9.320s] Level 1:colcon.colcon_core.environment:create_environment_scripts_only(mi_robot_manipulador_3)
[9.326s] INFO:colcon.colcon_core.shell:Creating package script '/home/robotica/Taller_3/ros2_taller3/install/mi_robot_manipulador_3/share/mi_robot_manipulador_3/package.ps1'
[9.332s] INFO:colcon.colcon_core.shell:Creating package descriptor '/home/robotica/Taller_3/ros2_taller3/install/mi_robot_manipulador_3/share/mi_robot_manipulador_3/package.dsv'
[9.335s] INFO:colcon.colcon_core.shell:Creating package script '/home/robotica/Taller_3/ros2_taller3/install/mi_robot_manipulador_3/share/mi_robot_manipulador_3/package.sh'
[9.340s] INFO:colcon.colcon_core.shell:Creating package script '/home/robotica/Taller_3/ros2_taller3/install/mi_robot_manipulador_3/share/mi_robot_manipulador_3/package.bash'
[9.346s] INFO:colcon.colcon_core.shell:Creating package script '/home/robotica/Taller_3/ros2_taller3/install/mi_robot_manipulador_3/share/mi_robot_manipulador_3/package.zsh'
[9.352s] Level 1:colcon.colcon_core.environment:create_file_with_runtime_dependencies(/home/robotica/Taller_3/ros2_taller3/install/mi_robot_manipulador_3/share/colcon-core/packages/mi_robot_manipulador_3)
[9.353s] DEBUG:colcon.colcon_parallel_executor.executor.parallel:closing loop
[9.355s] DEBUG:colcon.colcon_parallel_executor.executor.parallel:loop closed
[9.355s] DEBUG:colcon.colcon_parallel_executor.executor.parallel:run_until_complete finished with '0'
[9.355s] DEBUG:colcon.colcon_core.event_reactor:joining thread
[9.420s] INFO:colcon.colcon_core.plugin_system:Skipping extension 'colcon_notification.desktop_notification.terminal_notifier': Not used on non-Darwin systems
[9.421s] INFO:colcon.colcon_core.plugin_system:Skipping extension 'colcon_notification.desktop_notification.win32': Not used on non-Windows systems
[9.421s] INFO:colcon.colcon_notification.desktop_notification:Sending desktop notification using 'notify2'
[9.509s] DEBUG:colcon.colcon_core.event_reactor:joined thread
[9.517s] INFO:colcon.colcon_core.shell:Creating prefix script '/home/robotica/Taller_3/ros2_taller3/install/local_setup.ps1'
[9.528s] INFO:colcon.colcon_core.shell:Creating prefix util module '/home/robotica/Taller_3/ros2_taller3/install/_local_setup_util_ps1.py'
[9.537s] INFO:colcon.colcon_core.shell:Creating prefix chain script '/home/robotica/Taller_3/ros2_taller3/install/setup.ps1'
[9.549s] INFO:colcon.colcon_core.shell:Creating prefix script '/home/robotica/Taller_3/ros2_taller3/install/local_setup.sh'
[9.556s] INFO:colcon.colcon_core.shell:Creating prefix util module '/home/robotica/Taller_3/ros2_taller3/install/_local_setup_util_sh.py'
[9.560s] INFO:colcon.colcon_core.shell:Creating prefix chain script '/home/robotica/Taller_3/ros2_taller3/install/setup.sh'
[9.570s] INFO:colcon.colcon_core.shell:Creating prefix script '/home/robotica/Taller_3/ros2_taller3/install/local_setup.bash'
[9.575s] INFO:colcon.colcon_core.shell:Creating prefix chain script '/home/robotica/Taller_3/ros2_taller3/install/setup.bash'
[9.583s] INFO:colcon.colcon_core.shell:Creating prefix script '/home/robotica/Taller_3/ros2_taller3/install/local_setup.zsh'
[9.587s] INFO:colcon.colcon_core.shell:Creating prefix chain script '/home/robotica/Taller_3/ros2_taller3/install/setup.zsh'
