[8.762s] Invoking command in '/home/robotica/Taller_3/ros2_taller3/src/mi_robot_manipulador_3': PYTHONPATH=/home/robotica/Taller_3/ros2_taller3/build/mi_robot_manipulador_3/prefix_override:/home/robotica/Taller_3/ros2_taller3/install/mi_robot_manipulador_3/lib/python3.10/site-packages:${PYTHONPATH} /usr/bin/python3 setup.py egg_info --egg-base ../../build/mi_robot_manipulador_3 build --build-base /home/robotica/Taller_3/ros2_taller3/build/mi_robot_manipulador_3/build install --record /home/robotica/Taller_3/ros2_taller3/build/mi_robot_manipulador_3/install.log --single-version-externally-managed
[11.600s] running egg_info
[11.605s] writing ../../build/mi_robot_manipulador_3/mi_robot_manipulador_3.egg-info/PKG-INFO
[11.606s] writing dependency_links to ../../build/mi_robot_manipulador_3/mi_robot_manipulador_3.egg-info/dependency_links.txt
[11.608s] writing entry points to ../../build/mi_robot_manipulador_3/mi_robot_manipulador_3.egg-info/entry_points.txt
[11.609s] writing requirements to ../../build/mi_robot_manipulador_3/mi_robot_manipulador_3.egg-info/requires.txt
[11.609s] writing top-level names to ../../build/mi_robot_manipulador_3/mi_robot_manipulador_3.egg-info/top_level.txt
[11.620s] reading manifest file '../../build/mi_robot_manipulador_3/mi_robot_manipulador_3.egg-info/SOURCES.txt'
[11.625s] writing manifest file '../../build/mi_robot_manipulador_3/mi_robot_manipulador_3.egg-info/SOURCES.txt'
[11.626s] running build
[11.626s] running build_py
[11.628s] running install
[11.631s] /usr/lib/python3/dist-packages/setuptools/command/install.py:34: SetuptoolsDeprecationWarning: setup.py install is deprecated. Use build and pip and other standards-based tools.
[11.631s]   warnings.warn(
[11.632s] running install_lib
[11.644s] running install_data
[11.651s] running install_egg_info
[11.662s] removing '/home/robotica/Taller_3/ros2_taller3/install/mi_robot_manipulador_3/lib/python3.10/site-packages/mi_robot_manipulador_3-0.0.0-py3.10.egg-info' (and everything under it)
[11.663s] Copying ../../build/mi_robot_manipulador_3/mi_robot_manipulador_3.egg-info to /home/robotica/Taller_3/ros2_taller3/install/mi_robot_manipulador_3/lib/python3.10/site-packages/mi_robot_manipulador_3-0.0.0-py3.10.egg-info
[11.671s] running install_scripts
[11.787s] Installing robot_manipulator_controller script to /home/robotica/Taller_3/ros2_taller3/install/mi_robot_manipulador_3/lib/mi_robot_manipulador_3
[11.788s] Installing robot_manipulator_interface script to /home/robotica/Taller_3/ros2_taller3/install/mi_robot_manipulador_3/lib/mi_robot_manipulador_3
[11.789s] Installing robot_manipulator_planner script to /home/robotica/Taller_3/ros2_taller3/install/mi_robot_manipulador_3/lib/mi_robot_manipulador_3
[11.790s] Installing robot_manipulator_teleop script to /home/robotica/Taller_3/ros2_taller3/install/mi_robot_manipulador_3/lib/mi_robot_manipulador_3
[11.792s] writing list of installed files to '/home/robotica/Taller_3/ros2_taller3/build/mi_robot_manipulador_3/install.log'
[11.932s] Invoked command in '/home/robotica/Taller_3/ros2_taller3/src/mi_robot_manipulador_3' returned '0': PYTHONPATH=/home/robotica/Taller_3/ros2_taller3/build/mi_robot_manipulador_3/prefix_override:/home/robotica/Taller_3/ros2_taller3/install/mi_robot_manipulador_3/lib/python3.10/site-packages:${PYTHONPATH} /usr/bin/python3 setup.py egg_info --egg-base ../../build/mi_robot_manipulador_3 build --build-base /home/robotica/Taller_3/ros2_taller3/build/mi_robot_manipulador_3/build install --record /home/robotica/Taller_3/ros2_taller3/build/mi_robot_manipulador_3/install.log --single-version-externally-managed
