[1.658s] DEBUG:colcon:Command line arguments: ['/usr/bin/colcon', 'build']
[1.659s] DEBUG:colcon:Parsed command line arguments: Namespace(log_base=None, log_level=None, verb_name='build', build_base='build', install_base='install', merge_install=False, symlink_install=False, test_result_base=None, continue_on_error=False, executor='parallel', parallel_workers=4, event_handlers=None, ignore_user_meta=False, metas=['./colcon.meta'], base_paths=['.'], packages_ignore=None, packages_ignore_regex=None, paths=None, packages_up_to=None, packages_up_to_regex=None, packages_above=None, packages_above_and_dependencies=None, packages_above_depth=None, packages_select_by_dep=None, packages_skip_by_dep=None, packages_skip_up_to=None, packages_select_build_failed=False, packages_skip_build_finished=False, packages_select_test_failures=False, packages_skip_test_passed=False, packages_select=None, packages_skip=None, packages_select_regex=None, packages_skip_regex=None, packages_start=None, packages_end=None, allow_overriding=[], cmake_args=None, cmake_target=None, cmake_target_skip_unavailable=False, cmake_clean_cache=False, cmake_clean_first=False, cmake_force_configure=False, ament_cmake_args=None, catkin_cmake_args=None, catkin_skip_building_tests=False, verb_parser=<colcon_defaults.argument_parser.defaults.DefaultArgumentsDecorator object at 0xffffb61cbe80>, verb_extension=<colcon_core.verb.build.BuildVerb object at 0xffffb6aa0ee0>, main=<bound method BuildVerb.main of <colcon_core.verb.build.BuildVerb object at 0xffffb6aa0ee0>>)
[1.812s] Level 1:colcon.colcon_core.package_discovery:discover_packages(colcon_meta) check parameters
[1.813s] Level 1:colcon.colcon_core.package_discovery:discover_packages(recursive) check parameters
[1.814s] Level 1:colcon.colcon_core.package_discovery:discover_packages(ignore) check parameters
[1.814s] Level 1:colcon.colcon_core.package_discovery:discover_packages(path) check parameters
[1.815s] Level 1:colcon.colcon_core.package_discovery:discover_packages(colcon_meta) discover
[1.815s] Level 1:colcon.colcon_core.package_discovery:discover_packages(recursive) discover
[1.816s] INFO:colcon.colcon_core.package_discovery:Crawling recursively for packages in '/home/robotica/Taller_3'
[1.817s] Level 1:colcon.colcon_core.package_identification:_identify(.) by extensions ['ignore', 'ignore_ament_install']
[1.818s] Level 1:colcon.colcon_core.package_identification:_identify(.) by extension 'ignore'
[1.818s] Level 1:colcon.colcon_core.package_identification:_identify(.) by extension 'ignore_ament_install'
[1.819s] Level 1:colcon.colcon_core.package_identification:_identify(.) by extensions ['colcon_pkg']
[1.819s] Level 1:colcon.colcon_core.package_identification:_identify(.) by extension 'colcon_pkg'
[1.820s] Level 1:colcon.colcon_core.package_identification:_identify(.) by extensions ['colcon_meta']
[1.820s] Level 1:colcon.colcon_core.package_identification:_identify(.) by extension 'colcon_meta'
[1.821s] Level 1:colcon.colcon_core.package_identification:_identify(.) by extensions ['ros']
[1.821s] Level 1:colcon.colcon_core.package_identification:_identify(.) by extension 'ros'
[1.876s] Level 1:colcon.colcon_core.package_identification:_identify(.) by extensions ['cmake', 'python']
[1.876s] Level 1:colcon.colcon_core.package_identification:_identify(.) by extension 'cmake'
[1.876s] Level 1:colcon.colcon_core.package_identification:_identify(.) by extension 'python'
[1.876s] Level 1:colcon.colcon_core.package_identification:_identify(.) by extensions ['python_setup_py']
[1.876s] Level 1:colcon.colcon_core.package_identification:_identify(.) by extension 'python_setup_py'
[1.877s] Level 1:colcon.colcon_core.package_identification:_identify(build) by extensions ['ignore', 'ignore_ament_install']
[1.877s] Level 1:colcon.colcon_core.package_identification:_identify(build) by extension 'ignore'
[1.878s] Level 1:colcon.colcon_core.package_identification:_identify(build) ignored
[1.878s] Level 1:colcon.colcon_core.package_identification:_identify(install) by extensions ['ignore', 'ignore_ament_install']
[1.879s] Level 1:colcon.colcon_core.package_identification:_identify(install) by extension 'ignore'
[1.879s] Level 1:colcon.colcon_core.package_identification:_identify(install) ignored
[1.880s] Level 1:colcon.colcon_core.package_identification:_identify(log) by extensions ['ignore', 'ignore_ament_install']
[1.880s] Level 1:colcon.colcon_core.package_identification:_identify(log) by extension 'ignore'
[1.880s] Level 1:colcon.colcon_core.package_identification:_identify(log) ignored
[1.881s] Level 1:colcon.colcon_core.package_identification:_identify(ros2_taller3) by extensions ['ignore', 'ignore_ament_install']
[1.881s] Level 1:colcon.colcon_core.package_identification:_identify(ros2_taller3) by extension 'ignore'
[1.881s] Level 1:colcon.colcon_core.package_identification:_identify(ros2_taller3) by extension 'ignore_ament_install'
[1.882s] Level 1:colcon.colcon_core.package_identification:_identify(ros2_taller3) by extensions ['colcon_pkg']
[1.882s] Level 1:colcon.colcon_core.package_identification:_identify(ros2_taller3) by extension 'colcon_pkg'
[1.882s] Level 1:colcon.colcon_core.package_identification:_identify(ros2_taller3) by extensions ['colcon_meta']
[1.882s] Level 1:colcon.colcon_core.package_identification:_identify(ros2_taller3) by extension 'colcon_meta'
[1.882s] Level 1:colcon.colcon_core.package_identification:_identify(ros2_taller3) by extensions ['ros']
[1.882s] Level 1:colcon.colcon_core.package_identification:_identify(ros2_taller3) by extension 'ros'
[1.883s] Level 1:colcon.colcon_core.package_identification:_identify(ros2_taller3) by extensions ['cmake', 'python']
[1.883s] Level 1:colcon.colcon_core.package_identification:_identify(ros2_taller3) by extension 'cmake'
[1.883s] Level 1:colcon.colcon_core.package_identification:_identify(ros2_taller3) by extension 'python'
[1.883s] Level 1:colcon.colcon_core.package_identification:_identify(ros2_taller3) by extensions ['python_setup_py']
[1.883s] Level 1:colcon.colcon_core.package_identification:_identify(ros2_taller3) by extension 'python_setup_py'
[1.884s] Level 1:colcon.colcon_core.package_identification:_identify(ros2_taller3/build) by extensions ['ignore', 'ignore_ament_install']
[1.884s] Level 1:colcon.colcon_core.package_identification:_identify(ros2_taller3/build) by extension 'ignore'
[1.885s] Level 1:colcon.colcon_core.package_identification:_identify(ros2_taller3/build) ignored
[1.885s] Level 1:colcon.colcon_core.package_identification:_identify(ros2_taller3/install) by extensions ['ignore', 'ignore_ament_install']
[1.886s] Level 1:colcon.colcon_core.package_identification:_identify(ros2_taller3/install) by extension 'ignore'
[1.886s] Level 1:colcon.colcon_core.package_identification:_identify(ros2_taller3/install) ignored
[1.889s] Level 1:colcon.colcon_core.package_identification:_identify(ros2_taller3/log) by extensions ['ignore', 'ignore_ament_install']
[1.889s] Level 1:colcon.colcon_core.package_identification:_identify(ros2_taller3/log) by extension 'ignore'
[1.889s] Level 1:colcon.colcon_core.package_identification:_identify(ros2_taller3/log) ignored
[1.890s] Level 1:colcon.colcon_core.package_identification:_identify(ros2_taller3/src) by extensions ['ignore', 'ignore_ament_install']
[1.890s] Level 1:colcon.colcon_core.package_identification:_identify(ros2_taller3/src) by extension 'ignore'
[1.890s] Level 1:colcon.colcon_core.package_identification:_identify(ros2_taller3/src) by extension 'ignore_ament_install'
[1.891s] Level 1:colcon.colcon_core.package_identification:_identify(ros2_taller3/src) by extensions ['colcon_pkg']
[1.891s] Level 1:colcon.colcon_core.package_identification:_identify(ros2_taller3/src) by extension 'colcon_pkg'
[1.891s] Level 1:colcon.colcon_core.package_identification:_identify(ros2_taller3/src) by extensions ['colcon_meta']
[1.891s] Level 1:colcon.colcon_core.package_identification:_identify(ros2_taller3/src) by extension 'colcon_meta'
[1.891s] Level 1:colcon.colcon_core.package_identification:_identify(ros2_taller3/src) by extensions ['ros']
[1.891s] Level 1:colcon.colcon_core.package_identification:_identify(ros2_taller3/src) by extension 'ros'
[1.892s] Level 1:colcon.colcon_core.package_identification:_identify(ros2_taller3/src) by extensions ['cmake', 'python']
[1.892s] Level 1:colcon.colcon_core.package_identification:_identify(ros2_taller3/src) by extension 'cmake'
[1.892s] Level 1:colcon.colcon_core.package_identification:_identify(ros2_taller3/src) by extension 'python'
[1.892s] Level 1:colcon.colcon_core.package_identification:_identify(ros2_taller3/src) by extensions ['python_setup_py']
[1.893s] Level 1:colcon.colcon_core.package_identification:_identify(ros2_taller3/src) by extension 'python_setup_py'
[1.893s] Level 1:colcon.colcon_core.package_identification:_identify(ros2_taller3/src/manipulador_odometria) by extensions ['ignore', 'ignore_ament_install']
[1.894s] Level 1:colcon.colcon_core.package_identification:_identify(ros2_taller3/src/manipulador_odometria) by extension 'ignore'
[1.894s] Level 1:colcon.colcon_core.package_identification:_identify(ros2_taller3/src/manipulador_odometria) by extension 'ignore_ament_install'
[1.894s] Level 1:colcon.colcon_core.package_identification:_identify(ros2_taller3/src/manipulador_odometria) by extensions ['colcon_pkg']
[1.894s] Level 1:colcon.colcon_core.package_identification:_identify(ros2_taller3/src/manipulador_odometria) by extension 'colcon_pkg'
[1.894s] Level 1:colcon.colcon_core.package_identification:_identify(ros2_taller3/src/manipulador_odometria) by extensions ['colcon_meta']
[1.895s] Level 1:colcon.colcon_core.package_identification:_identify(ros2_taller3/src/manipulador_odometria) by extension 'colcon_meta'
[1.895s] Level 1:colcon.colcon_core.package_identification:_identify(ros2_taller3/src/manipulador_odometria) by extensions ['ros']
[1.895s] Level 1:colcon.colcon_core.package_identification:_identify(ros2_taller3/src/manipulador_odometria) by extension 'ros'
[1.895s] Level 1:colcon.colcon_core.package_identification:_identify(ros2_taller3/src/manipulador_odometria) by extensions ['cmake', 'python']
[1.896s] Level 1:colcon.colcon_core.package_identification:_identify(ros2_taller3/src/manipulador_odometria) by extension 'cmake'
[1.896s] Level 1:colcon.colcon_core.package_identification:_identify(ros2_taller3/src/manipulador_odometria) by extension 'python'
[1.896s] Level 1:colcon.colcon_core.package_identification:_identify(ros2_taller3/src/manipulador_odometria) by extensions ['python_setup_py']
[1.896s] Level 1:colcon.colcon_core.package_identification:_identify(ros2_taller3/src/manipulador_odometria) by extension 'python_setup_py'
[1.897s] Level 1:colcon.colcon_core.package_identification:_identify(ros2_taller3/src/manipularoreal.ino) by extensions ['ignore', 'ignore_ament_install']
[1.897s] Level 1:colcon.colcon_core.package_identification:_identify(ros2_taller3/src/manipularoreal.ino) by extension 'ignore'
[1.897s] Level 1:colcon.colcon_core.package_identification:_identify(ros2_taller3/src/manipularoreal.ino) by extension 'ignore_ament_install'
[1.898s] Level 1:colcon.colcon_core.package_identification:_identify(ros2_taller3/src/manipularoreal.ino) by extensions ['colcon_pkg']
[1.898s] Level 1:colcon.colcon_core.package_identification:_identify(ros2_taller3/src/manipularoreal.ino) by extension 'colcon_pkg'
[1.898s] Level 1:colcon.colcon_core.package_identification:_identify(ros2_taller3/src/manipularoreal.ino) by extensions ['colcon_meta']
[1.898s] Level 1:colcon.colcon_core.package_identification:_identify(ros2_taller3/src/manipularoreal.ino) by extension 'colcon_meta'
[1.898s] Level 1:colcon.colcon_core.package_identification:_identify(ros2_taller3/src/manipularoreal.ino) by extensions ['ros']
[1.898s] Level 1:colcon.colcon_core.package_identification:_identify(ros2_taller3/src/manipularoreal.ino) by extension 'ros'
[1.899s] Level 1:colcon.colcon_core.package_identification:_identify(ros2_taller3/src/manipularoreal.ino) by extensions ['cmake', 'python']
[1.899s] Level 1:colcon.colcon_core.package_identification:_identify(ros2_taller3/src/manipularoreal.ino) by extension 'cmake'
[1.899s] Level 1:colcon.colcon_core.package_identification:_identify(ros2_taller3/src/manipularoreal.ino) by extension 'python'
[1.899s] Level 1:colcon.colcon_core.package_identification:_identify(ros2_taller3/src/manipularoreal.ino) by extensions ['python_setup_py']
[1.899s] Level 1:colcon.colcon_core.package_identification:_identify(ros2_taller3/src/manipularoreal.ino) by extension 'python_setup_py'
[1.900s] Level 1:colcon.colcon_core.package_identification:_identify(ros2_taller3/src/manipularoreal.ino/manipularoreal) by extensions ['ignore', 'ignore_ament_install']
[1.900s] Level 1:colcon.colcon_core.package_identification:_identify(ros2_taller3/src/manipularoreal.ino/manipularoreal) by extension 'ignore'
[1.901s] Level 1:colcon.colcon_core.package_identification:_identify(ros2_taller3/src/manipularoreal.ino/manipularoreal) by extension 'ignore_ament_install'
[1.901s] Level 1:colcon.colcon_core.package_identification:_identify(ros2_taller3/src/manipularoreal.ino/manipularoreal) by extensions ['colcon_pkg']
[1.901s] Level 1:colcon.colcon_core.package_identification:_identify(ros2_taller3/src/manipularoreal.ino/manipularoreal) by extension 'colcon_pkg'
[1.901s] Level 1:colcon.colcon_core.package_identification:_identify(ros2_taller3/src/manipularoreal.ino/manipularoreal) by extensions ['colcon_meta']
[1.901s] Level 1:colcon.colcon_core.package_identification:_identify(ros2_taller3/src/manipularoreal.ino/manipularoreal) by extension 'colcon_meta'
[1.902s] Level 1:colcon.colcon_core.package_identification:_identify(ros2_taller3/src/manipularoreal.ino/manipularoreal) by extensions ['ros']
[1.902s] Level 1:colcon.colcon_core.package_identification:_identify(ros2_taller3/src/manipularoreal.ino/manipularoreal) by extension 'ros'
[1.902s] Level 1:colcon.colcon_core.package_identification:_identify(ros2_taller3/src/manipularoreal.ino/manipularoreal) by extensions ['cmake', 'python']
[1.902s] Level 1:colcon.colcon_core.package_identification:_identify(ros2_taller3/src/manipularoreal.ino/manipularoreal) by extension 'cmake'
[1.903s] Level 1:colcon.colcon_core.package_identification:_identify(ros2_taller3/src/manipularoreal.ino/manipularoreal) by extension 'python'
[1.903s] Level 1:colcon.colcon_core.package_identification:_identify(ros2_taller3/src/manipularoreal.ino/manipularoreal) by extensions ['python_setup_py']
[1.903s] Level 1:colcon.colcon_core.package_identification:_identify(ros2_taller3/src/manipularoreal.ino/manipularoreal) by extension 'python_setup_py'
[1.904s] Level 1:colcon.colcon_core.package_identification:_identify(ros2_taller3/src/mi_robot_manipulador_3) by extensions ['ignore', 'ignore_ament_install']
[1.904s] Level 1:colcon.colcon_core.package_identification:_identify(ros2_taller3/src/mi_robot_manipulador_3) by extension 'ignore'
[1.904s] Level 1:colcon.colcon_core.package_identification:_identify(ros2_taller3/src/mi_robot_manipulador_3) by extension 'ignore_ament_install'
[1.904s] Level 1:colcon.colcon_core.package_identification:_identify(ros2_taller3/src/mi_robot_manipulador_3) by extensions ['colcon_pkg']
[1.905s] Level 1:colcon.colcon_core.package_identification:_identify(ros2_taller3/src/mi_robot_manipulador_3) by extension 'colcon_pkg'
[1.905s] Level 1:colcon.colcon_core.package_identification:_identify(ros2_taller3/src/mi_robot_manipulador_3) by extensions ['colcon_meta']
[1.905s] Level 1:colcon.colcon_core.package_identification:_identify(ros2_taller3/src/mi_robot_manipulador_3) by extension 'colcon_meta'
[1.905s] Level 1:colcon.colcon_core.package_identification:_identify(ros2_taller3/src/mi_robot_manipulador_3) by extensions ['ros']
[1.905s] Level 1:colcon.colcon_core.package_identification:_identify(ros2_taller3/src/mi_robot_manipulador_3) by extension 'ros'
[1.915s] DEBUG:colcon.colcon_core.package_identification:Package 'ros2_taller3/src/mi_robot_manipulador_3' with type 'ros.ament_python' and name 'mi_robot_manipulador_3'
[1.916s] Level 1:colcon.colcon_core.package_discovery:discover_packages(recursive) using defaults
[1.916s] Level 1:colcon.colcon_core.package_discovery:discover_packages(ignore) discover
[1.916s] Level 1:colcon.colcon_core.package_discovery:discover_packages(ignore) using defaults
[1.916s] Level 1:colcon.colcon_core.package_discovery:discover_packages(path) discover
[1.917s] Level 1:colcon.colcon_core.package_discovery:discover_packages(path) using defaults
[2.025s] Level 1:colcon.colcon_core.package_discovery:discover_packages(prefix_path) check parameters
[2.025s] Level 1:colcon.colcon_core.package_discovery:discover_packages(prefix_path) discover
[2.039s] DEBUG:colcon.colcon_installed_package_information.package_discovery:Found 1 installed packages in /home/robotica/Taller_3/ros2_taller3/install
[2.052s] DEBUG:colcon.colcon_installed_package_information.package_discovery:Found 270 installed packages in /opt/ros/humble
[2.059s] Level 1:colcon.colcon_core.package_discovery:discover_packages(prefix_path) using defaults
[2.364s] Level 5:colcon.colcon_core.verb:set package 'mi_robot_manipulador_3' build argument 'cmake_args' from command line to 'None'
[2.364s] Level 5:colcon.colcon_core.verb:set package 'mi_robot_manipulador_3' build argument 'cmake_target' from command line to 'None'
[2.364s] Level 5:colcon.colcon_core.verb:set package 'mi_robot_manipulador_3' build argument 'cmake_target_skip_unavailable' from command line to 'False'
[2.364s] Level 5:colcon.colcon_core.verb:set package 'mi_robot_manipulador_3' build argument 'cmake_clean_cache' from command line to 'False'
[2.364s] Level 5:colcon.colcon_core.verb:set package 'mi_robot_manipulador_3' build argument 'cmake_clean_first' from command line to 'False'
[2.365s] Level 5:colcon.colcon_core.verb:set package 'mi_robot_manipulador_3' build argument 'cmake_force_configure' from command line to 'False'
[2.365s] Level 5:colcon.colcon_core.verb:set package 'mi_robot_manipulador_3' build argument 'ament_cmake_args' from command line to 'None'
[2.365s] Level 5:colcon.colcon_core.verb:set package 'mi_robot_manipulador_3' build argument 'catkin_cmake_args' from command line to 'None'
[2.365s] Level 5:colcon.colcon_core.verb:set package 'mi_robot_manipulador_3' build argument 'catkin_skip_building_tests' from command line to 'False'
[2.365s] DEBUG:colcon.colcon_core.verb:Building package 'mi_robot_manipulador_3' with the following arguments: {'ament_cmake_args': None, 'build_base': '/home/robotica/Taller_3/build/mi_robot_manipulador_3', 'catkin_cmake_args': None, 'catkin_skip_building_tests': False, 'cmake_args': None, 'cmake_clean_cache': False, 'cmake_clean_first': False, 'cmake_force_configure': False, 'cmake_target': None, 'cmake_target_skip_unavailable': False, 'install_base': '/home/robotica/Taller_3/install/mi_robot_manipulador_3', 'merge_install': False, 'path': '/home/robotica/Taller_3/ros2_taller3/src/mi_robot_manipulador_3', 'symlink_install': False, 'test_result_base': None}
[2.368s] INFO:colcon.colcon_core.executor:Executing jobs using 'parallel' executor
[2.383s] DEBUG:colcon.colcon_parallel_executor.executor.parallel:run_until_complete
[2.384s] INFO:colcon.colcon_ros.task.ament_python.build:Building ROS package in '/home/robotica/Taller_3/ros2_taller3/src/mi_robot_manipulador_3' with build type 'ament_python'
[2.386s] Level 1:colcon.colcon_core.shell:create_environment_hook('mi_robot_manipulador_3', 'ament_prefix_path')
[2.408s] INFO:colcon.colcon_core.plugin_system:Skipping extension 'colcon_core.shell.bat': Not used on non-Windows systems
[2.409s] INFO:colcon.colcon_core.shell:Creating environment hook '/home/robotica/Taller_3/install/mi_robot_manipulador_3/share/mi_robot_manipulador_3/hook/ament_prefix_path.ps1'
[2.412s] INFO:colcon.colcon_core.shell:Creating environment descriptor '/home/robotica/Taller_3/install/mi_robot_manipulador_3/share/mi_robot_manipulador_3/hook/ament_prefix_path.dsv'
[2.415s] INFO:colcon.colcon_core.shell:Creating environment hook '/home/robotica/Taller_3/install/mi_robot_manipulador_3/share/mi_robot_manipulador_3/hook/ament_prefix_path.sh'
[2.424s] INFO:colcon.colcon_core.shell:Skip shell extension 'powershell' for command environment: Not usable outside of PowerShell
[2.425s] DEBUG:colcon.colcon_core.shell:Skip shell extension 'dsv' for command environment
[3.844s] INFO:colcon.colcon_core.task.python.build:Building Python package in '/home/robotica/Taller_3/ros2_taller3/src/mi_robot_manipulador_3'
[3.850s] INFO:colcon.colcon_core.shell:Skip shell extension 'powershell' for command environment: Not usable outside of PowerShell
[3.850s] DEBUG:colcon.colcon_core.shell:Skip shell extension 'dsv' for command environment
[5.590s] DEBUG:colcon.colcon_core.event_handler.log_command:Invoking command in '/home/robotica/Taller_3/ros2_taller3/src/mi_robot_manipulador_3': PYTHONPATH=/home/robotica/Taller_3/build/mi_robot_manipulador_3/prefix_override:/home/robotica/Taller_3/install/mi_robot_manipulador_3/lib/python3.10/site-packages:${PYTHONPATH} /usr/bin/python3 setup.py egg_info --egg-base ../../../build/mi_robot_manipulador_3 build --build-base /home/robotica/Taller_3/build/mi_robot_manipulador_3/build install --record /home/robotica/Taller_3/build/mi_robot_manipulador_3/install.log --single-version-externally-managed
[7.159s] DEBUG:colcon.colcon_core.event_handler.log_command:Invoked command in '/home/robotica/Taller_3/ros2_taller3/src/mi_robot_manipulador_3' returned '0': PYTHONPATH=/home/robotica/Taller_3/build/mi_robot_manipulador_3/prefix_override:/home/robotica/Taller_3/install/mi_robot_manipulador_3/lib/python3.10/site-packages:${PYTHONPATH} /usr/bin/python3 setup.py egg_info --egg-base ../../../build/mi_robot_manipulador_3 build --build-base /home/robotica/Taller_3/build/mi_robot_manipulador_3/build install --record /home/robotica/Taller_3/build/mi_robot_manipulador_3/install.log --single-version-externally-managed
[7.184s] Level 1:colcon.colcon_core.environment:checking '/home/robotica/Taller_3/install/mi_robot_manipulador_3' for CMake module files
[7.187s] Level 1:colcon.colcon_core.environment:checking '/home/robotica/Taller_3/install/mi_robot_manipulador_3' for CMake config files
[7.192s] Level 1:colcon.colcon_core.environment:checking '/home/robotica/Taller_3/install/mi_robot_manipulador_3/lib'
[7.193s] Level 1:colcon.colcon_core.environment:checking '/home/robotica/Taller_3/install/mi_robot_manipulador_3/bin'
[7.193s] Level 1:colcon.colcon_core.environment:checking '/home/robotica/Taller_3/install/mi_robot_manipulador_3/lib/pkgconfig/mi_robot_manipulador_3.pc'
[7.194s] Level 1:colcon.colcon_core.environment:checking '/home/robotica/Taller_3/install/mi_robot_manipulador_3/lib/python3.10/site-packages'
[7.194s] Level 1:colcon.colcon_core.shell:create_environment_hook('mi_robot_manipulador_3', 'pythonpath')
[7.200s] INFO:colcon.colcon_core.shell:Creating environment hook '/home/robotica/Taller_3/install/mi_robot_manipulador_3/share/mi_robot_manipulador_3/hook/pythonpath.ps1'
[7.202s] INFO:colcon.colcon_core.shell:Creating environment descriptor '/home/robotica/Taller_3/install/mi_robot_manipulador_3/share/mi_robot_manipulador_3/hook/pythonpath.dsv'
[7.204s] INFO:colcon.colcon_core.shell:Creating environment hook '/home/robotica/Taller_3/install/mi_robot_manipulador_3/share/mi_robot_manipulador_3/hook/pythonpath.sh'
[7.207s] Level 1:colcon.colcon_core.environment:checking '/home/robotica/Taller_3/install/mi_robot_manipulador_3/bin'
[7.207s] Level 1:colcon.colcon_core.environment:create_environment_scripts_only(mi_robot_manipulador_3)
[7.213s] INFO:colcon.colcon_core.shell:Creating package script '/home/robotica/Taller_3/install/mi_robot_manipulador_3/share/mi_robot_manipulador_3/package.ps1'
[7.218s] INFO:colcon.colcon_core.shell:Creating package descriptor '/home/robotica/Taller_3/install/mi_robot_manipulador_3/share/mi_robot_manipulador_3/package.dsv'
[7.222s] INFO:colcon.colcon_core.shell:Creating package script '/home/robotica/Taller_3/install/mi_robot_manipulador_3/share/mi_robot_manipulador_3/package.sh'
[7.226s] INFO:colcon.colcon_core.shell:Creating package script '/home/robotica/Taller_3/install/mi_robot_manipulador_3/share/mi_robot_manipulador_3/package.bash'
[7.229s] INFO:colcon.colcon_core.shell:Creating package script '/home/robotica/Taller_3/install/mi_robot_manipulador_3/share/mi_robot_manipulador_3/package.zsh'
[7.233s] Level 1:colcon.colcon_core.environment:create_file_with_runtime_dependencies(/home/robotica/Taller_3/install/mi_robot_manipulador_3/share/colcon-core/packages/mi_robot_manipulador_3)
[7.234s] DEBUG:colcon.colcon_parallel_executor.executor.parallel:closing loop
[7.236s] DEBUG:colcon.colcon_parallel_executor.executor.parallel:loop closed
[7.237s] DEBUG:colcon.colcon_parallel_executor.executor.parallel:run_until_complete finished with '0'
[7.238s] DEBUG:colcon.colcon_core.event_reactor:joining thread
[7.264s] INFO:colcon.colcon_core.plugin_system:Skipping extension 'colcon_notification.desktop_notification.terminal_notifier': Not used on non-Darwin systems
[7.264s] INFO:colcon.colcon_core.plugin_system:Skipping extension 'colcon_notification.desktop_notification.win32': Not used on non-Windows systems
[7.264s] INFO:colcon.colcon_notification.desktop_notification:Sending desktop notification using 'notify2'
[7.318s] DEBUG:colcon.colcon_core.event_reactor:joined thread
[7.325s] INFO:colcon.colcon_core.shell:Creating prefix script '/home/robotica/Taller_3/install/local_setup.ps1'
[7.329s] INFO:colcon.colcon_core.shell:Creating prefix util module '/home/robotica/Taller_3/install/_local_setup_util_ps1.py'
[7.335s] INFO:colcon.colcon_core.shell:Creating prefix chain script '/home/robotica/Taller_3/install/setup.ps1'
[7.342s] INFO:colcon.colcon_core.shell:Creating prefix script '/home/robotica/Taller_3/install/local_setup.sh'
[7.344s] INFO:colcon.colcon_core.shell:Creating prefix util module '/home/robotica/Taller_3/install/_local_setup_util_sh.py'
[7.347s] INFO:colcon.colcon_core.shell:Creating prefix chain script '/home/robotica/Taller_3/install/setup.sh'
[7.354s] INFO:colcon.colcon_core.shell:Creating prefix script '/home/robotica/Taller_3/install/local_setup.bash'
[7.357s] INFO:colcon.colcon_core.shell:Creating prefix chain script '/home/robotica/Taller_3/install/setup.bash'
[7.364s] INFO:colcon.colcon_core.shell:Creating prefix script '/home/robotica/Taller_3/install/local_setup.zsh'
[7.366s] INFO:colcon.colcon_core.shell:Creating prefix chain script '/home/robotica/Taller_3/install/setup.zsh'
