[5.498s] Invoking command in '/home/robotica/Taller_3/ros2_taller3/src/mi_robot_manipulador_3': PYTHONPATH=/home/robotica/Taller_3/ros2_taller3/build/mi_robot_manipulador_3/prefix_override:/home/robotica/Taller_3/ros2_taller3/install/mi_robot_manipulador_3/lib/python3.10/site-packages:${PYTHONPATH} /usr/bin/python3 setup.py egg_info --egg-base ../../build/mi_robot_manipulador_3 build --build-base /home/robotica/Taller_3/ros2_taller3/build/mi_robot_manipulador_3/build install --record /home/robotica/Taller_3/ros2_taller3/build/mi_robot_manipulador_3/install.log --single-version-externally-managed
[7.343s] running egg_info
[7.348s] writing ../../build/mi_robot_manipulador_3/mi_robot_manipulador_3.egg-info/PKG-INFO
[7.356s] writing dependency_links to ../../build/mi_robot_manipulador_3/mi_robot_manipulador_3.egg-info/dependency_links.txt
[7.356s] writing entry points to ../../build/mi_robot_manipulador_3/mi_robot_manipulador_3.egg-info/entry_points.txt
[7.372s] writing requirements to ../../build/mi_robot_manipulador_3/mi_robot_manipulador_3.egg-info/requires.txt
[7.373s] writing top-level names to ../../build/mi_robot_manipulador_3/mi_robot_manipulador_3.egg-info/top_level.txt
[7.403s] reading manifest file '../../build/mi_robot_manipulador_3/mi_robot_manipulador_3.egg-info/SOURCES.txt'
[7.410s] writing manifest file '../../build/mi_robot_manipulador_3/mi_robot_manipulador_3.egg-info/SOURCES.txt'
[7.411s] running build
[7.412s] running build_py
[7.421s] copying mi_robot_manipulador_3/manipulador_interfaces.py -> /home/robotica/Taller_3/ros2_taller3/build/mi_robot_manipulador_3/build/lib/mi_robot_manipulador_3
[7.425s] running install
[7.428s] /usr/lib/python3/dist-packages/setuptools/command/install.py:34: SetuptoolsDeprecationWarning: setup.py install is deprecated. Use build and pip and other standards-based tools.
[7.430s]   warnings.warn(
[7.431s] running install_lib
[7.441s] copying /home/robotica/Taller_3/ros2_taller3/build/mi_robot_manipulador_3/build/lib/mi_robot_manipulador_3/manipulador_interfaces.py -> /home/robotica/Taller_3/ros2_taller3/install/mi_robot_manipulador_3/lib/python3.10/site-packages/mi_robot_manipulador_3
[7.454s] byte-compiling /home/robotica/Taller_3/ros2_taller3/install/mi_robot_manipulador_3/lib/python3.10/site-packages/mi_robot_manipulador_3/manipulador_interfaces.py to manipulador_interfaces.cpython-310.pyc
[7.468s] running install_data
[7.483s] running install_egg_info
[7.486s] removing '/home/robotica/Taller_3/ros2_taller3/install/mi_robot_manipulador_3/lib/python3.10/site-packages/mi_robot_manipulador_3-0.0.0-py3.10.egg-info' (and everything under it)
[7.503s] Copying ../../build/mi_robot_manipulador_3/mi_robot_manipulador_3.egg-info to /home/robotica/Taller_3/ros2_taller3/install/mi_robot_manipulador_3/lib/python3.10/site-packages/mi_robot_manipulador_3-0.0.0-py3.10.egg-info
[7.522s] running install_scripts
[7.693s] Installing robot_manipulator_interface script to /home/robotica/Taller_3/ros2_taller3/install/mi_robot_manipulador_3/lib/mi_robot_manipulador_3
[7.701s] Installing robot_manipulator_planner script to /home/robotica/Taller_3/ros2_taller3/install/mi_robot_manipulador_3/lib/mi_robot_manipulador_3
[7.704s] Installing robot_manipulator_teleop script to /home/robotica/Taller_3/ros2_taller3/install/mi_robot_manipulador_3/lib/mi_robot_manipulador_3
[7.709s] writing list of installed files to '/home/robotica/Taller_3/ros2_taller3/build/mi_robot_manipulador_3/install.log'
[7.955s] Invoked command in '/home/robotica/Taller_3/ros2_taller3/src/mi_robot_manipulador_3' returned '0': PYTHONPATH=/home/robotica/Taller_3/ros2_taller3/build/mi_robot_manipulador_3/prefix_override:/home/robotica/Taller_3/ros2_taller3/install/mi_robot_manipulador_3/lib/python3.10/site-packages:${PYTHONPATH} /usr/bin/python3 setup.py egg_info --egg-base ../../build/mi_robot_manipulador_3 build --build-base /home/robotica/Taller_3/ros2_taller3/build/mi_robot_manipulador_3/build install --record /home/robotica/Taller_3/ros2_taller3/build/mi_robot_manipulador_3/install.log --single-version-externally-managed
