[1.649s] DEBUG:colcon:Command line arguments: ['/usr/bin/colcon', 'build']
[1.650s] DEBUG:colcon:Parsed command line arguments: Namespace(log_base=None, log_level=None, verb_name='build', build_base='build', install_base='install', merge_install=False, symlink_install=False, test_result_base=None, continue_on_error=False, executor='parallel', parallel_workers=4, event_handlers=None, ignore_user_meta=False, metas=['./colcon.meta'], base_paths=['.'], packages_ignore=None, packages_ignore_regex=None, paths=None, packages_up_to=None, packages_up_to_regex=None, packages_above=None, packages_above_and_dependencies=None, packages_above_depth=None, packages_select_by_dep=None, packages_skip_by_dep=None, packages_skip_up_to=None, packages_select_build_failed=False, packages_skip_build_finished=False, packages_select_test_failures=False, packages_skip_test_passed=False, packages_select=None, packages_skip=None, packages_select_regex=None, packages_skip_regex=None, packages_start=None, packages_end=None, allow_overriding=[], cmake_args=None, cmake_target=None, cmake_target_skip_unavailable=False, cmake_clean_cache=False, cmake_clean_first=False, cmake_force_configure=False, ament_cmake_args=None, catkin_cmake_args=None, catkin_skip_building_tests=False, verb_parser=<colcon_defaults.argument_parser.defaults.DefaultArgumentsDecorator object at 0xffff87a87d60>, verb_extension=<colcon_core.verb.build.BuildVerb object at 0xffff88361090>, main=<bound method BuildVerb.main of <colcon_core.verb.build.BuildVerb object at 0xffff88361090>>)
[1.801s] Level 1:colcon.colcon_core.package_discovery:discover_packages(colcon_meta) check parameters
[1.801s] Level 1:colcon.colcon_core.package_discovery:discover_packages(recursive) check parameters
[1.801s] Level 1:colcon.colcon_core.package_discovery:discover_packages(ignore) check parameters
[1.801s] Level 1:colcon.colcon_core.package_discovery:discover_packages(path) check parameters
[1.802s] Level 1:colcon.colcon_core.package_discovery:discover_packages(colcon_meta) discover
[1.802s] Level 1:colcon.colcon_core.package_discovery:discover_packages(recursive) discover
[1.802s] INFO:colcon.colcon_core.package_discovery:Crawling recursively for packages in '/home/robotica/Taller_3'
[1.803s] Level 1:colcon.colcon_core.package_identification:_identify(.) by extensions ['ignore', 'ignore_ament_install']
[1.803s] Level 1:colcon.colcon_core.package_identification:_identify(.) by extension 'ignore'
[1.803s] Level 1:colcon.colcon_core.package_identification:_identify(.) by extension 'ignore_ament_install'
[1.804s] Level 1:colcon.colcon_core.package_identification:_identify(.) by extensions ['colcon_pkg']
[1.804s] Level 1:colcon.colcon_core.package_identification:_identify(.) by extension 'colcon_pkg'
[1.804s] Level 1:colcon.colcon_core.package_identification:_identify(.) by extensions ['colcon_meta']
[1.804s] Level 1:colcon.colcon_core.package_identification:_identify(.) by extension 'colcon_meta'
[1.804s] Level 1:colcon.colcon_core.package_identification:_identify(.) by extensions ['ros']
[1.804s] Level 1:colcon.colcon_core.package_identification:_identify(.) by extension 'ros'
[1.858s] Level 1:colcon.colcon_core.package_identification:_identify(.) by extensions ['cmake', 'python']
[1.859s] Level 1:colcon.colcon_core.package_identification:_identify(.) by extension 'cmake'
[1.859s] Level 1:colcon.colcon_core.package_identification:_identify(.) by extension 'python'
[1.859s] Level 1:colcon.colcon_core.package_identification:_identify(.) by extensions ['python_setup_py']
[1.859s] Level 1:colcon.colcon_core.package_identification:_identify(.) by extension 'python_setup_py'
[1.860s] Level 1:colcon.colcon_core.package_identification:_identify(build) by extensions ['ignore', 'ignore_ament_install']
[1.860s] Level 1:colcon.colcon_core.package_identification:_identify(build) by extension 'ignore'
[1.860s] Level 1:colcon.colcon_core.package_identification:_identify(build) ignored
[1.861s] Level 1:colcon.colcon_core.package_identification:_identify(install) by extensions ['ignore', 'ignore_ament_install']
[1.861s] Level 1:colcon.colcon_core.package_identification:_identify(install) by extension 'ignore'
[1.861s] Level 1:colcon.colcon_core.package_identification:_identify(install) ignored
[1.862s] Level 1:colcon.colcon_core.package_identification:_identify(log) by extensions ['ignore', 'ignore_ament_install']
[1.862s] Level 1:colcon.colcon_core.package_identification:_identify(log) by extension 'ignore'
[1.863s] Level 1:colcon.colcon_core.package_identification:_identify(log) ignored
[1.863s] Level 1:colcon.colcon_core.package_identification:_identify(ros2_taller3) by extensions ['ignore', 'ignore_ament_install']
[1.863s] Level 1:colcon.colcon_core.package_identification:_identify(ros2_taller3) by extension 'ignore'
[1.863s] Level 1:colcon.colcon_core.package_identification:_identify(ros2_taller3) by extension 'ignore_ament_install'
[1.864s] Level 1:colcon.colcon_core.package_identification:_identify(ros2_taller3) by extensions ['colcon_pkg']
[1.864s] Level 1:colcon.colcon_core.package_identification:_identify(ros2_taller3) by extension 'colcon_pkg'
[1.864s] Level 1:colcon.colcon_core.package_identification:_identify(ros2_taller3) by extensions ['colcon_meta']
[1.864s] Level 1:colcon.colcon_core.package_identification:_identify(ros2_taller3) by extension 'colcon_meta'
[1.864s] Level 1:colcon.colcon_core.package_identification:_identify(ros2_taller3) by extensions ['ros']
[1.864s] Level 1:colcon.colcon_core.package_identification:_identify(ros2_taller3) by extension 'ros'
[1.865s] Level 1:colcon.colcon_core.package_identification:_identify(ros2_taller3) by extensions ['cmake', 'python']
[1.865s] Level 1:colcon.colcon_core.package_identification:_identify(ros2_taller3) by extension 'cmake'
[1.865s] Level 1:colcon.colcon_core.package_identification:_identify(ros2_taller3) by extension 'python'
[1.865s] Level 1:colcon.colcon_core.package_identification:_identify(ros2_taller3) by extensions ['python_setup_py']
[1.865s] Level 1:colcon.colcon_core.package_identification:_identify(ros2_taller3) by extension 'python_setup_py'
[1.866s] Level 1:colcon.colcon_core.package_identification:_identify(ros2_taller3/build) by extensions ['ignore', 'ignore_ament_install']
[1.866s] Level 1:colcon.colcon_core.package_identification:_identify(ros2_taller3/build) by extension 'ignore'
[1.866s] Level 1:colcon.colcon_core.package_identification:_identify(ros2_taller3/build) ignored
[1.867s] Level 1:colcon.colcon_core.package_identification:_identify(ros2_taller3/install) by extensions ['ignore', 'ignore_ament_install']
[1.867s] Level 1:colcon.colcon_core.package_identification:_identify(ros2_taller3/install) by extension 'ignore'
[1.868s] Level 1:colcon.colcon_core.package_identification:_identify(ros2_taller3/install) ignored
[1.870s] Level 1:colcon.colcon_core.package_identification:_identify(ros2_taller3/log) by extensions ['ignore', 'ignore_ament_install']
[1.871s] Level 1:colcon.colcon_core.package_identification:_identify(ros2_taller3/log) by extension 'ignore'
[1.871s] Level 1:colcon.colcon_core.package_identification:_identify(ros2_taller3/log) ignored
[1.871s] Level 1:colcon.colcon_core.package_identification:_identify(ros2_taller3/src) by extensions ['ignore', 'ignore_ament_install']
[1.872s] Level 1:colcon.colcon_core.package_identification:_identify(ros2_taller3/src) by extension 'ignore'
[1.872s] Level 1:colcon.colcon_core.package_identification:_identify(ros2_taller3/src) by extension 'ignore_ament_install'
[1.872s] Level 1:colcon.colcon_core.package_identification:_identify(ros2_taller3/src) by extensions ['colcon_pkg']
[1.872s] Level 1:colcon.colcon_core.package_identification:_identify(ros2_taller3/src) by extension 'colcon_pkg'
[1.872s] Level 1:colcon.colcon_core.package_identification:_identify(ros2_taller3/src) by extensions ['colcon_meta']
[1.872s] Level 1:colcon.colcon_core.package_identification:_identify(ros2_taller3/src) by extension 'colcon_meta'
[1.873s] Level 1:colcon.colcon_core.package_identification:_identify(ros2_taller3/src) by extensions ['ros']
[1.873s] Level 1:colcon.colcon_core.package_identification:_identify(ros2_taller3/src) by extension 'ros'
[1.873s] Level 1:colcon.colcon_core.package_identification:_identify(ros2_taller3/src) by extensions ['cmake', 'python']
[1.873s] Level 1:colcon.colcon_core.package_identification:_identify(ros2_taller3/src) by extension 'cmake'
[1.874s] Level 1:colcon.colcon_core.package_identification:_identify(ros2_taller3/src) by extension 'python'
[1.874s] Level 1:colcon.colcon_core.package_identification:_identify(ros2_taller3/src) by extensions ['python_setup_py']
[1.874s] Level 1:colcon.colcon_core.package_identification:_identify(ros2_taller3/src) by extension 'python_setup_py'
[1.875s] Level 1:colcon.colcon_core.package_identification:_identify(ros2_taller3/src/manipulador_odometria) by extensions ['ignore', 'ignore_ament_install']
[1.875s] Level 1:colcon.colcon_core.package_identification:_identify(ros2_taller3/src/manipulador_odometria) by extension 'ignore'
[1.875s] Level 1:colcon.colcon_core.package_identification:_identify(ros2_taller3/src/manipulador_odometria) by extension 'ignore_ament_install'
[1.875s] Level 1:colcon.colcon_core.package_identification:_identify(ros2_taller3/src/manipulador_odometria) by extensions ['colcon_pkg']
[1.875s] Level 1:colcon.colcon_core.package_identification:_identify(ros2_taller3/src/manipulador_odometria) by extension 'colcon_pkg'
[1.876s] Level 1:colcon.colcon_core.package_identification:_identify(ros2_taller3/src/manipulador_odometria) by extensions ['colcon_meta']
[1.876s] Level 1:colcon.colcon_core.package_identification:_identify(ros2_taller3/src/manipulador_odometria) by extension 'colcon_meta'
[1.876s] Level 1:colcon.colcon_core.package_identification:_identify(ros2_taller3/src/manipulador_odometria) by extensions ['ros']
[1.876s] Level 1:colcon.colcon_core.package_identification:_identify(ros2_taller3/src/manipulador_odometria) by extension 'ros'
[1.876s] Level 1:colcon.colcon_core.package_identification:_identify(ros2_taller3/src/manipulador_odometria) by extensions ['cmake', 'python']
[1.877s] Level 1:colcon.colcon_core.package_identification:_identify(ros2_taller3/src/manipulador_odometria) by extension 'cmake'
[1.877s] Level 1:colcon.colcon_core.package_identification:_identify(ros2_taller3/src/manipulador_odometria) by extension 'python'
[1.877s] Level 1:colcon.colcon_core.package_identification:_identify(ros2_taller3/src/manipulador_odometria) by extensions ['python_setup_py']
[1.877s] Level 1:colcon.colcon_core.package_identification:_identify(ros2_taller3/src/manipulador_odometria) by extension 'python_setup_py'
[1.878s] Level 1:colcon.colcon_core.package_identification:_identify(ros2_taller3/src/manipularoreal.ino) by extensions ['ignore', 'ignore_ament_install']
[1.878s] Level 1:colcon.colcon_core.package_identification:_identify(ros2_taller3/src/manipularoreal.ino) by extension 'ignore'
[1.878s] Level 1:colcon.colcon_core.package_identification:_identify(ros2_taller3/src/manipularoreal.ino) by extension 'ignore_ament_install'
[1.878s] Level 1:colcon.colcon_core.package_identification:_identify(ros2_taller3/src/manipularoreal.ino) by extensions ['colcon_pkg']
[1.879s] Level 1:colcon.colcon_core.package_identification:_identify(ros2_taller3/src/manipularoreal.ino) by extension 'colcon_pkg'
[1.879s] Level 1:colcon.colcon_core.package_identification:_identify(ros2_taller3/src/manipularoreal.ino) by extensions ['colcon_meta']
[1.879s] Level 1:colcon.colcon_core.package_identification:_identify(ros2_taller3/src/manipularoreal.ino) by extension 'colcon_meta'
[1.879s] Level 1:colcon.colcon_core.package_identification:_identify(ros2_taller3/src/manipularoreal.ino) by extensions ['ros']
[1.879s] Level 1:colcon.colcon_core.package_identification:_identify(ros2_taller3/src/manipularoreal.ino) by extension 'ros'
[1.880s] Level 1:colcon.colcon_core.package_identification:_identify(ros2_taller3/src/manipularoreal.ino) by extensions ['cmake', 'python']
[1.880s] Level 1:colcon.colcon_core.package_identification:_identify(ros2_taller3/src/manipularoreal.ino) by extension 'cmake'
[1.880s] Level 1:colcon.colcon_core.package_identification:_identify(ros2_taller3/src/manipularoreal.ino) by extension 'python'
[1.880s] Level 1:colcon.colcon_core.package_identification:_identify(ros2_taller3/src/manipularoreal.ino) by extensions ['python_setup_py']
[1.880s] Level 1:colcon.colcon_core.package_identification:_identify(ros2_taller3/src/manipularoreal.ino) by extension 'python_setup_py'
[1.881s] Level 1:colcon.colcon_core.package_identification:_identify(ros2_taller3/src/manipularoreal.ino/manipularoreal) by extensions ['ignore', 'ignore_ament_install']
[1.881s] Level 1:colcon.colcon_core.package_identification:_identify(ros2_taller3/src/manipularoreal.ino/manipularoreal) by extension 'ignore'
[1.881s] Level 1:colcon.colcon_core.package_identification:_identify(ros2_taller3/src/manipularoreal.ino/manipularoreal) by extension 'ignore_ament_install'
[1.882s] Level 1:colcon.colcon_core.package_identification:_identify(ros2_taller3/src/manipularoreal.ino/manipularoreal) by extensions ['colcon_pkg']
[1.882s] Level 1:colcon.colcon_core.package_identification:_identify(ros2_taller3/src/manipularoreal.ino/manipularoreal) by extension 'colcon_pkg'
[1.882s] Level 1:colcon.colcon_core.package_identification:_identify(ros2_taller3/src/manipularoreal.ino/manipularoreal) by extensions ['colcon_meta']
[1.882s] Level 1:colcon.colcon_core.package_identification:_identify(ros2_taller3/src/manipularoreal.ino/manipularoreal) by extension 'colcon_meta'
[1.882s] Level 1:colcon.colcon_core.package_identification:_identify(ros2_taller3/src/manipularoreal.ino/manipularoreal) by extensions ['ros']
[1.882s] Level 1:colcon.colcon_core.package_identification:_identify(ros2_taller3/src/manipularoreal.ino/manipularoreal) by extension 'ros'
[1.883s] Level 1:colcon.colcon_core.package_identification:_identify(ros2_taller3/src/manipularoreal.ino/manipularoreal) by extensions ['cmake', 'python']
[1.883s] Level 1:colcon.colcon_core.package_identification:_identify(ros2_taller3/src/manipularoreal.ino/manipularoreal) by extension 'cmake'
[1.883s] Level 1:colcon.colcon_core.package_identification:_identify(ros2_taller3/src/manipularoreal.ino/manipularoreal) by extension 'python'
[1.883s] Level 1:colcon.colcon_core.package_identification:_identify(ros2_taller3/src/manipularoreal.ino/manipularoreal) by extensions ['python_setup_py']
[1.883s] Level 1:colcon.colcon_core.package_identification:_identify(ros2_taller3/src/manipularoreal.ino/manipularoreal) by extension 'python_setup_py'
[1.884s] Level 1:colcon.colcon_core.package_identification:_identify(ros2_taller3/src/mi_robot_manipulador_3) by extensions ['ignore', 'ignore_ament_install']
[1.884s] Level 1:colcon.colcon_core.package_identification:_identify(ros2_taller3/src/mi_robot_manipulador_3) by extension 'ignore'
[1.885s] Level 1:colcon.colcon_core.package_identification:_identify(ros2_taller3/src/mi_robot_manipulador_3) by extension 'ignore_ament_install'
[1.885s] Level 1:colcon.colcon_core.package_identification:_identify(ros2_taller3/src/mi_robot_manipulador_3) by extensions ['colcon_pkg']
[1.885s] Level 1:colcon.colcon_core.package_identification:_identify(ros2_taller3/src/mi_robot_manipulador_3) by extension 'colcon_pkg'
[1.885s] Level 1:colcon.colcon_core.package_identification:_identify(ros2_taller3/src/mi_robot_manipulador_3) by extensions ['colcon_meta']
[1.885s] Level 1:colcon.colcon_core.package_identification:_identify(ros2_taller3/src/mi_robot_manipulador_3) by extension 'colcon_meta'
[1.885s] Level 1:colcon.colcon_core.package_identification:_identify(ros2_taller3/src/mi_robot_manipulador_3) by extensions ['ros']
[1.886s] Level 1:colcon.colcon_core.package_identification:_identify(ros2_taller3/src/mi_robot_manipulador_3) by extension 'ros'
[1.895s] DEBUG:colcon.colcon_core.package_identification:Package 'ros2_taller3/src/mi_robot_manipulador_3' with type 'ros.ament_python' and name 'mi_robot_manipulador_3'
[1.895s] Level 1:colcon.colcon_core.package_discovery:discover_packages(recursive) using defaults
[1.895s] Level 1:colcon.colcon_core.package_discovery:discover_packages(ignore) discover
[1.895s] Level 1:colcon.colcon_core.package_discovery:discover_packages(ignore) using defaults
[1.895s] Level 1:colcon.colcon_core.package_discovery:discover_packages(path) discover
[1.896s] Level 1:colcon.colcon_core.package_discovery:discover_packages(path) using defaults
[2.001s] Level 1:colcon.colcon_core.package_discovery:discover_packages(prefix_path) check parameters
[2.001s] Level 1:colcon.colcon_core.package_discovery:discover_packages(prefix_path) discover
[2.014s] DEBUG:colcon.colcon_installed_package_information.package_discovery:Found 1 installed packages in /home/robotica/Taller_3/ros2_taller3/install
[2.027s] DEBUG:colcon.colcon_installed_package_information.package_discovery:Found 270 installed packages in /opt/ros/humble
[2.034s] Level 1:colcon.colcon_core.package_discovery:discover_packages(prefix_path) using defaults
[2.326s] Level 5:colcon.colcon_core.verb:set package 'mi_robot_manipulador_3' build argument 'cmake_args' from command line to 'None'
[2.327s] Level 5:colcon.colcon_core.verb:set package 'mi_robot_manipulador_3' build argument 'cmake_target' from command line to 'None'
[2.327s] Level 5:colcon.colcon_core.verb:set package 'mi_robot_manipulador_3' build argument 'cmake_target_skip_unavailable' from command line to 'False'
[2.327s] Level 5:colcon.colcon_core.verb:set package 'mi_robot_manipulador_3' build argument 'cmake_clean_cache' from command line to 'False'
[2.327s] Level 5:colcon.colcon_core.verb:set package 'mi_robot_manipulador_3' build argument 'cmake_clean_first' from command line to 'False'
[2.327s] Level 5:colcon.colcon_core.verb:set package 'mi_robot_manipulador_3' build argument 'cmake_force_configure' from command line to 'False'
[2.327s] Level 5:colcon.colcon_core.verb:set package 'mi_robot_manipulador_3' build argument 'ament_cmake_args' from command line to 'None'
[2.327s] Level 5:colcon.colcon_core.verb:set package 'mi_robot_manipulador_3' build argument 'catkin_cmake_args' from command line to 'None'
[2.327s] Level 5:colcon.colcon_core.verb:set package 'mi_robot_manipulador_3' build argument 'catkin_skip_building_tests' from command line to 'False'
[2.328s] DEBUG:colcon.colcon_core.verb:Building package 'mi_robot_manipulador_3' with the following arguments: {'ament_cmake_args': None, 'build_base': '/home/robotica/Taller_3/build/mi_robot_manipulador_3', 'catkin_cmake_args': None, 'catkin_skip_building_tests': False, 'cmake_args': None, 'cmake_clean_cache': False, 'cmake_clean_first': False, 'cmake_force_configure': False, 'cmake_target': None, 'cmake_target_skip_unavailable': False, 'install_base': '/home/robotica/Taller_3/install/mi_robot_manipulador_3', 'merge_install': False, 'path': '/home/robotica/Taller_3/ros2_taller3/src/mi_robot_manipulador_3', 'symlink_install': False, 'test_result_base': None}
[2.331s] INFO:colcon.colcon_core.executor:Executing jobs using 'parallel' executor
[2.345s] DEBUG:colcon.colcon_parallel_executor.executor.parallel:run_until_complete
[2.346s] INFO:colcon.colcon_ros.task.ament_python.build:Building ROS package in '/home/robotica/Taller_3/ros2_taller3/src/mi_robot_manipulador_3' with build type 'ament_python'
[2.347s] Level 1:colcon.colcon_core.shell:create_environment_hook('mi_robot_manipulador_3', 'ament_prefix_path')
[2.369s] INFO:colcon.colcon_core.plugin_system:Skipping extension 'colcon_core.shell.bat': Not used on non-Windows systems
[2.370s] INFO:colcon.colcon_core.shell:Creating environment hook '/home/robotica/Taller_3/install/mi_robot_manipulador_3/share/mi_robot_manipulador_3/hook/ament_prefix_path.ps1'
[2.373s] INFO:colcon.colcon_core.shell:Creating environment descriptor '/home/robotica/Taller_3/install/mi_robot_manipulador_3/share/mi_robot_manipulador_3/hook/ament_prefix_path.dsv'
[2.374s] INFO:colcon.colcon_core.shell:Creating environment hook '/home/robotica/Taller_3/install/mi_robot_manipulador_3/share/mi_robot_manipulador_3/hook/ament_prefix_path.sh'
[2.382s] INFO:colcon.colcon_core.shell:Skip shell extension 'powershell' for command environment: Not usable outside of PowerShell
[2.383s] DEBUG:colcon.colcon_core.shell:Skip shell extension 'dsv' for command environment
[3.731s] INFO:colcon.colcon_core.task.python.build:Building Python package in '/home/robotica/Taller_3/ros2_taller3/src/mi_robot_manipulador_3'
[3.737s] INFO:colcon.colcon_core.shell:Skip shell extension 'powershell' for command environment: Not usable outside of PowerShell
[3.737s] DEBUG:colcon.colcon_core.shell:Skip shell extension 'dsv' for command environment
[5.436s] DEBUG:colcon.colcon_core.event_handler.log_command:Invoking command in '/home/robotica/Taller_3/ros2_taller3/src/mi_robot_manipulador_3': PYTHONPATH=/home/robotica/Taller_3/build/mi_robot_manipulador_3/prefix_override:/home/robotica/Taller_3/install/mi_robot_manipulador_3/lib/python3.10/site-packages:${PYTHONPATH} /usr/bin/python3 setup.py egg_info --egg-base ../../../build/mi_robot_manipulador_3 build --build-base /home/robotica/Taller_3/build/mi_robot_manipulador_3/build install --record /home/robotica/Taller_3/build/mi_robot_manipulador_3/install.log --single-version-externally-managed
[6.967s] DEBUG:colcon.colcon_core.event_handler.log_command:Invoked command in '/home/robotica/Taller_3/ros2_taller3/src/mi_robot_manipulador_3' returned '0': PYTHONPATH=/home/robotica/Taller_3/build/mi_robot_manipulador_3/prefix_override:/home/robotica/Taller_3/install/mi_robot_manipulador_3/lib/python3.10/site-packages:${PYTHONPATH} /usr/bin/python3 setup.py egg_info --egg-base ../../../build/mi_robot_manipulador_3 build --build-base /home/robotica/Taller_3/build/mi_robot_manipulador_3/build install --record /home/robotica/Taller_3/build/mi_robot_manipulador_3/install.log --single-version-externally-managed
[6.990s] Level 1:colcon.colcon_core.environment:checking '/home/robotica/Taller_3/install/mi_robot_manipulador_3' for CMake module files
[6.993s] Level 1:colcon.colcon_core.environment:checking '/home/robotica/Taller_3/install/mi_robot_manipulador_3' for CMake config files
[6.997s] Level 1:colcon.colcon_core.environment:checking '/home/robotica/Taller_3/install/mi_robot_manipulador_3/lib'
[6.998s] Level 1:colcon.colcon_core.environment:checking '/home/robotica/Taller_3/install/mi_robot_manipulador_3/bin'
[6.998s] Level 1:colcon.colcon_core.environment:checking '/home/robotica/Taller_3/install/mi_robot_manipulador_3/lib/pkgconfig/mi_robot_manipulador_3.pc'
[6.999s] Level 1:colcon.colcon_core.environment:checking '/home/robotica/Taller_3/install/mi_robot_manipulador_3/lib/python3.10/site-packages'
[6.999s] Level 1:colcon.colcon_core.shell:create_environment_hook('mi_robot_manipulador_3', 'pythonpath')
[7.005s] INFO:colcon.colcon_core.shell:Creating environment hook '/home/robotica/Taller_3/install/mi_robot_manipulador_3/share/mi_robot_manipulador_3/hook/pythonpath.ps1'
[7.007s] INFO:colcon.colcon_core.shell:Creating environment descriptor '/home/robotica/Taller_3/install/mi_robot_manipulador_3/share/mi_robot_manipulador_3/hook/pythonpath.dsv'
[7.008s] INFO:colcon.colcon_core.shell:Creating environment hook '/home/robotica/Taller_3/install/mi_robot_manipulador_3/share/mi_robot_manipulador_3/hook/pythonpath.sh'
[7.011s] Level 1:colcon.colcon_core.environment:checking '/home/robotica/Taller_3/install/mi_robot_manipulador_3/bin'
[7.011s] Level 1:colcon.colcon_core.environment:create_environment_scripts_only(mi_robot_manipulador_3)
[7.017s] INFO:colcon.colcon_core.shell:Creating package script '/home/robotica/Taller_3/install/mi_robot_manipulador_3/share/mi_robot_manipulador_3/package.ps1'
[7.021s] INFO:colcon.colcon_core.shell:Creating package descriptor '/home/robotica/Taller_3/install/mi_robot_manipulador_3/share/mi_robot_manipulador_3/package.dsv'
[7.024s] INFO:colcon.colcon_core.shell:Creating package script '/home/robotica/Taller_3/install/mi_robot_manipulador_3/share/mi_robot_manipulador_3/package.sh'
[7.027s] INFO:colcon.colcon_core.shell:Creating package script '/home/robotica/Taller_3/install/mi_robot_manipulador_3/share/mi_robot_manipulador_3/package.bash'
[7.030s] INFO:colcon.colcon_core.shell:Creating package script '/home/robotica/Taller_3/install/mi_robot_manipulador_3/share/mi_robot_manipulador_3/package.zsh'
[7.033s] Level 1:colcon.colcon_core.environment:create_file_with_runtime_dependencies(/home/robotica/Taller_3/install/mi_robot_manipulador_3/share/colcon-core/packages/mi_robot_manipulador_3)
[7.035s] DEBUG:colcon.colcon_parallel_executor.executor.parallel:closing loop
[7.036s] DEBUG:colcon.colcon_parallel_executor.executor.parallel:loop closed
[7.036s] DEBUG:colcon.colcon_parallel_executor.executor.parallel:run_until_complete finished with '0'
[7.036s] DEBUG:colcon.colcon_core.event_reactor:joining thread
[7.063s] INFO:colcon.colcon_core.plugin_system:Skipping extension 'colcon_notification.desktop_notification.terminal_notifier': Not used on non-Darwin systems
[7.063s] INFO:colcon.colcon_core.plugin_system:Skipping extension 'colcon_notification.desktop_notification.win32': Not used on non-Windows systems
[7.063s] INFO:colcon.colcon_notification.desktop_notification:Sending desktop notification using 'notify2'
[7.182s] DEBUG:colcon.colcon_core.event_reactor:joined thread
[7.191s] INFO:colcon.colcon_core.shell:Creating prefix script '/home/robotica/Taller_3/install/local_setup.ps1'
[7.195s] INFO:colcon.colcon_core.shell:Creating prefix util module '/home/robotica/Taller_3/install/_local_setup_util_ps1.py'
[7.201s] INFO:colcon.colcon_core.shell:Creating prefix chain script '/home/robotica/Taller_3/install/setup.ps1'
[7.212s] INFO:colcon.colcon_core.shell:Creating prefix script '/home/robotica/Taller_3/install/local_setup.sh'
[7.215s] INFO:colcon.colcon_core.shell:Creating prefix util module '/home/robotica/Taller_3/install/_local_setup_util_sh.py'
[7.218s] INFO:colcon.colcon_core.shell:Creating prefix chain script '/home/robotica/Taller_3/install/setup.sh'
[7.227s] INFO:colcon.colcon_core.shell:Creating prefix script '/home/robotica/Taller_3/install/local_setup.bash'
[7.230s] INFO:colcon.colcon_core.shell:Creating prefix chain script '/home/robotica/Taller_3/install/setup.bash'
[7.238s] INFO:colcon.colcon_core.shell:Creating prefix script '/home/robotica/Taller_3/install/local_setup.zsh'
[7.241s] INFO:colcon.colcon_core.shell:Creating prefix chain script '/home/robotica/Taller_3/install/setup.zsh'
