[3.088s] Invoking command in '/home/robotica/Taller_3/ros2_taller3/src/mi_robot_manipulador_3': PYTHONPATH=/home/robotica/Taller_3/build/mi_robot_manipulador_3/prefix_override:/home/robotica/Taller_3/install/mi_robot_manipulador_3/lib/python3.10/site-packages:${PYTHONPATH} /usr/bin/python3 setup.py egg_info --egg-base ../../../build/mi_robot_manipulador_3 build --build-base /home/robotica/Taller_3/build/mi_robot_manipulador_3/build install --record /home/robotica/Taller_3/build/mi_robot_manipulador_3/install.log --single-version-externally-managed
[4.323s] running egg_info
[4.327s] creating ../../../build/mi_robot_manipulador_3/mi_robot_manipulador_3.egg-info
[4.328s] writing ../../../build/mi_robot_manipulador_3/mi_robot_manipulador_3.egg-info/PKG-INFO
[4.329s] writing dependency_links to ../../../build/mi_robot_manipulador_3/mi_robot_manipulador_3.egg-info/dependency_links.txt
[4.330s] writing entry points to ../../../build/mi_robot_manipulador_3/mi_robot_manipulador_3.egg-info/entry_points.txt
[4.331s] writing requirements to ../../../build/mi_robot_manipulador_3/mi_robot_manipulador_3.egg-info/requires.txt
[4.332s] writing top-level names to ../../../build/mi_robot_manipulador_3/mi_robot_manipulador_3.egg-info/top_level.txt
[4.333s] writing manifest file '../../../build/mi_robot_manipulador_3/mi_robot_manipulador_3.egg-info/SOURCES.txt'
[4.341s] reading manifest file '../../../build/mi_robot_manipulador_3/mi_robot_manipulador_3.egg-info/SOURCES.txt'
[4.345s] writing manifest file '../../../build/mi_robot_manipulador_3/mi_robot_manipulador_3.egg-info/SOURCES.txt'
[4.346s] running build
[4.346s] running build_py
[4.347s] creating /home/robotica/Taller_3/build/mi_robot_manipulador_3/build
[4.348s] creating /home/robotica/Taller_3/build/mi_robot_manipulador_3/build/lib
[4.348s] creating /home/robotica/Taller_3/build/mi_robot_manipulador_3/build/lib/mi_robot_manipulador_3
[4.348s] copying mi_robot_manipulador_3/manipulador_controller.py -> /home/robotica/Taller_3/build/mi_robot_manipulador_3/build/lib/mi_robot_manipulador_3
[4.349s] copying mi_robot_manipulador_3/manipulador_vista.py -> /home/robotica/Taller_3/build/mi_robot_manipulador_3/build/lib/mi_robot_manipulador_3
[4.350s] copying mi_robot_manipulador_3/manipulador_planner.py -> /home/robotica/Taller_3/build/mi_robot_manipulador_3/build/lib/mi_robot_manipulador_3
[4.351s] copying mi_robot_manipulador_3/__init__.py -> /home/robotica/Taller_3/build/mi_robot_manipulador_3/build/lib/mi_robot_manipulador_3
[4.351s] copying mi_robot_manipulador_3/TeleopRobot.py -> /home/robotica/Taller_3/build/mi_robot_manipulador_3/build/lib/mi_robot_manipulador_3
[4.352s] copying mi_robot_manipulador_3/manipulador_punto.py -> /home/robotica/Taller_3/build/mi_robot_manipulador_3/build/lib/mi_robot_manipulador_3
[4.354s] running install
[4.354s] /usr/lib/python3/dist-packages/setuptools/command/install.py:34: SetuptoolsDeprecationWarning: setup.py install is deprecated. Use build and pip and other standards-based tools.
[4.355s]   warnings.warn(
[4.356s] running install_lib
[4.359s] creating /home/robotica/Taller_3/install/mi_robot_manipulador_3/lib/python3.10/site-packages/mi_robot_manipulador_3
[4.360s] copying /home/robotica/Taller_3/build/mi_robot_manipulador_3/build/lib/mi_robot_manipulador_3/manipulador_controller.py -> /home/robotica/Taller_3/install/mi_robot_manipulador_3/lib/python3.10/site-packages/mi_robot_manipulador_3
[4.360s] copying /home/robotica/Taller_3/build/mi_robot_manipulador_3/build/lib/mi_robot_manipulador_3/manipulador_vista.py -> /home/robotica/Taller_3/install/mi_robot_manipulador_3/lib/python3.10/site-packages/mi_robot_manipulador_3
[4.361s] copying /home/robotica/Taller_3/build/mi_robot_manipulador_3/build/lib/mi_robot_manipulador_3/manipulador_planner.py -> /home/robotica/Taller_3/install/mi_robot_manipulador_3/lib/python3.10/site-packages/mi_robot_manipulador_3
[4.362s] copying /home/robotica/Taller_3/build/mi_robot_manipulador_3/build/lib/mi_robot_manipulador_3/__init__.py -> /home/robotica/Taller_3/install/mi_robot_manipulador_3/lib/python3.10/site-packages/mi_robot_manipulador_3
[4.363s] copying /home/robotica/Taller_3/build/mi_robot_manipulador_3/build/lib/mi_robot_manipulador_3/TeleopRobot.py -> /home/robotica/Taller_3/install/mi_robot_manipulador_3/lib/python3.10/site-packages/mi_robot_manipulador_3
[4.364s] copying /home/robotica/Taller_3/build/mi_robot_manipulador_3/build/lib/mi_robot_manipulador_3/manipulador_punto.py -> /home/robotica/Taller_3/install/mi_robot_manipulador_3/lib/python3.10/site-packages/mi_robot_manipulador_3
[4.367s] byte-compiling /home/robotica/Taller_3/install/mi_robot_manipulador_3/lib/python3.10/site-packages/mi_robot_manipulador_3/manipulador_controller.py to manipulador_controller.cpython-310.pyc
[4.370s] byte-compiling /home/robotica/Taller_3/install/mi_robot_manipulador_3/lib/python3.10/site-packages/mi_robot_manipulador_3/manipulador_vista.py to manipulador_vista.cpython-310.pyc
[4.372s] byte-compiling /home/robotica/Taller_3/install/mi_robot_manipulador_3/lib/python3.10/site-packages/mi_robot_manipulador_3/manipulador_planner.py to manipulador_planner.cpython-310.pyc
[4.376s] byte-compiling /home/robotica/Taller_3/install/mi_robot_manipulador_3/lib/python3.10/site-packages/mi_robot_manipulador_3/__init__.py to __init__.cpython-310.pyc
[4.377s] byte-compiling /home/robotica/Taller_3/install/mi_robot_manipulador_3/lib/python3.10/site-packages/mi_robot_manipulador_3/TeleopRobot.py to TeleopRobot.cpython-310.pyc
[4.381s] byte-compiling /home/robotica/Taller_3/install/mi_robot_manipulador_3/lib/python3.10/site-packages/mi_robot_manipulador_3/manipulador_punto.py to manipulador_punto.cpython-310.pyc
[4.383s] running install_data
[4.385s] creating /home/robotica/Taller_3/install/mi_robot_manipulador_3/share/ament_index
[4.386s] creating /home/robotica/Taller_3/install/mi_robot_manipulador_3/share/ament_index/resource_index
[4.386s] creating /home/robotica/Taller_3/install/mi_robot_manipulador_3/share/ament_index/resource_index/packages
[4.387s] copying resource/mi_robot_manipulador_3 -> /home/robotica/Taller_3/install/mi_robot_manipulador_3/share/ament_index/resource_index/packages
[4.387s] copying package.xml -> /home/robotica/Taller_3/install/mi_robot_manipulador_3/share/mi_robot_manipulador_3
[4.388s] running install_egg_info
[4.395s] Copying ../../../build/mi_robot_manipulador_3/mi_robot_manipulador_3.egg-info to /home/robotica/Taller_3/install/mi_robot_manipulador_3/lib/python3.10/site-packages/mi_robot_manipulador_3-0.0.0-py3.10.egg-info
[4.401s] running install_scripts
[4.490s] Installing robot_manipulator_controller script to /home/robotica/Taller_3/install/mi_robot_manipulador_3/lib/mi_robot_manipulador_3
[4.491s] Installing robot_manipulator_interface script to /home/robotica/Taller_3/install/mi_robot_manipulador_3/lib/mi_robot_manipulador_3
[4.491s] Installing robot_manipulator_planner script to /home/robotica/Taller_3/install/mi_robot_manipulador_3/lib/mi_robot_manipulador_3
[4.492s] Installing robot_manipulator_tarea script to /home/robotica/Taller_3/install/mi_robot_manipulador_3/lib/mi_robot_manipulador_3
[4.493s] Installing robot_manipulator_teleop script to /home/robotica/Taller_3/install/mi_robot_manipulador_3/lib/mi_robot_manipulador_3
[4.495s] writing list of installed files to '/home/robotica/Taller_3/build/mi_robot_manipulador_3/install.log'
[4.619s] Invoked command in '/home/robotica/Taller_3/ros2_taller3/src/mi_robot_manipulador_3' returned '0': PYTHONPATH=/home/robotica/Taller_3/build/mi_robot_manipulador_3/prefix_override:/home/robotica/Taller_3/install/mi_robot_manipulador_3/lib/python3.10/site-packages:${PYTHONPATH} /usr/bin/python3 setup.py egg_info --egg-base ../../../build/mi_robot_manipulador_3 build --build-base /home/robotica/Taller_3/build/mi_robot_manipulador_3/build install --record /home/robotica/Taller_3/build/mi_robot_manipulador_3/install.log --single-version-externally-managed
