[3.310s] DEBUG:colcon:Command line arguments: ['/usr/bin/colcon', 'build']
[3.311s] DEBUG:colcon:Parsed command line arguments: Namespace(log_base=None, log_level=None, verb_name='build', build_base='build', install_base='install', merge_install=False, symlink_install=False, test_result_base=None, continue_on_error=False, executor='parallel', parallel_workers=4, event_handlers=None, ignore_user_meta=False, metas=['./colcon.meta'], base_paths=['.'], packages_ignore=None, packages_ignore_regex=None, paths=None, packages_up_to=None, packages_up_to_regex=None, packages_above=None, packages_above_and_dependencies=None, packages_above_depth=None, packages_select_by_dep=None, packages_skip_by_dep=None, packages_skip_up_to=None, packages_select_build_failed=False, packages_skip_build_finished=False, packages_select_test_failures=False, packages_skip_test_passed=False, packages_select=None, packages_skip=None, packages_select_regex=None, packages_skip_regex=None, packages_start=None, packages_end=None, allow_overriding=[], cmake_args=None, cmake_target=None, cmake_target_skip_unavailable=False, cmake_clean_cache=False, cmake_clean_first=False, cmake_force_configure=False, ament_cmake_args=None, catkin_cmake_args=None, catkin_skip_building_tests=False, verb_parser=<colcon_defaults.argument_parser.defaults.DefaultArgumentsDecorator object at 0xffffa9cfc2b0>, verb_extension=<colcon_core.verb.build.BuildVerb object at 0xffffaa580970>, main=<bound method BuildVerb.main of <colcon_core.verb.build.BuildVerb object at 0xffffaa580970>>)
[3.591s] Level 1:colcon.colcon_core.package_discovery:discover_packages(colcon_meta) check parameters
[3.592s] Level 1:colcon.colcon_core.package_discovery:discover_packages(recursive) check parameters
[3.592s] Level 1:colcon.colcon_core.package_discovery:discover_packages(ignore) check parameters
[3.592s] Level 1:colcon.colcon_core.package_discovery:discover_packages(path) check parameters
[3.592s] Level 1:colcon.colcon_core.package_discovery:discover_packages(colcon_meta) discover
[3.592s] Level 1:colcon.colcon_core.package_discovery:discover_packages(recursive) discover
[3.593s] INFO:colcon.colcon_core.package_discovery:Crawling recursively for packages in '/home/robotica/Taller_3/ros2_taller3'
[3.593s] Level 1:colcon.colcon_core.package_identification:_identify(.) by extensions ['ignore', 'ignore_ament_install']
[3.594s] Level 1:colcon.colcon_core.package_identification:_identify(.) by extension 'ignore'
[3.594s] Level 1:colcon.colcon_core.package_identification:_identify(.) by extension 'ignore_ament_install'
[3.595s] Level 1:colcon.colcon_core.package_identification:_identify(.) by extensions ['colcon_pkg']
[3.595s] Level 1:colcon.colcon_core.package_identification:_identify(.) by extension 'colcon_pkg'
[3.595s] Level 1:colcon.colcon_core.package_identification:_identify(.) by extensions ['colcon_meta']
[3.595s] Level 1:colcon.colcon_core.package_identification:_identify(.) by extension 'colcon_meta'
[3.596s] Level 1:colcon.colcon_core.package_identification:_identify(.) by extensions ['ros']
[3.596s] Level 1:colcon.colcon_core.package_identification:_identify(.) by extension 'ros'
[3.689s] Level 1:colcon.colcon_core.package_identification:_identify(.) by extensions ['cmake', 'python']
[3.689s] Level 1:colcon.colcon_core.package_identification:_identify(.) by extension 'cmake'
[3.689s] Level 1:colcon.colcon_core.package_identification:_identify(.) by extension 'python'
[3.690s] Level 1:colcon.colcon_core.package_identification:_identify(.) by extensions ['python_setup_py']
[3.690s] Level 1:colcon.colcon_core.package_identification:_identify(.) by extension 'python_setup_py'
[3.690s] Level 1:colcon.colcon_core.package_identification:_identify(build) by extensions ['ignore', 'ignore_ament_install']
[3.691s] Level 1:colcon.colcon_core.package_identification:_identify(build) by extension 'ignore'
[3.691s] Level 1:colcon.colcon_core.package_identification:_identify(build) ignored
[3.692s] Level 1:colcon.colcon_core.package_identification:_identify(install) by extensions ['ignore', 'ignore_ament_install']
[3.692s] Level 1:colcon.colcon_core.package_identification:_identify(install) by extension 'ignore'
[3.693s] Level 1:colcon.colcon_core.package_identification:_identify(install) ignored
[3.695s] Level 1:colcon.colcon_core.package_identification:_identify(log) by extensions ['ignore', 'ignore_ament_install']
[3.696s] Level 1:colcon.colcon_core.package_identification:_identify(log) by extension 'ignore'
[3.696s] Level 1:colcon.colcon_core.package_identification:_identify(log) ignored
[3.696s] Level 1:colcon.colcon_core.package_identification:_identify(src) by extensions ['ignore', 'ignore_ament_install']
[3.697s] Level 1:colcon.colcon_core.package_identification:_identify(src) by extension 'ignore'
[3.697s] Level 1:colcon.colcon_core.package_identification:_identify(src) by extension 'ignore_ament_install'
[3.697s] Level 1:colcon.colcon_core.package_identification:_identify(src) by extensions ['colcon_pkg']
[3.697s] Level 1:colcon.colcon_core.package_identification:_identify(src) by extension 'colcon_pkg'
[3.698s] Level 1:colcon.colcon_core.package_identification:_identify(src) by extensions ['colcon_meta']
[3.698s] Level 1:colcon.colcon_core.package_identification:_identify(src) by extension 'colcon_meta'
[3.698s] Level 1:colcon.colcon_core.package_identification:_identify(src) by extensions ['ros']
[3.698s] Level 1:colcon.colcon_core.package_identification:_identify(src) by extension 'ros'
[3.699s] Level 1:colcon.colcon_core.package_identification:_identify(src) by extensions ['cmake', 'python']
[3.699s] Level 1:colcon.colcon_core.package_identification:_identify(src) by extension 'cmake'
[3.699s] Level 1:colcon.colcon_core.package_identification:_identify(src) by extension 'python'
[3.699s] Level 1:colcon.colcon_core.package_identification:_identify(src) by extensions ['python_setup_py']
[3.699s] Level 1:colcon.colcon_core.package_identification:_identify(src) by extension 'python_setup_py'
[3.701s] Level 1:colcon.colcon_core.package_identification:_identify(src/manipulador_odometria) by extensions ['ignore', 'ignore_ament_install']
[3.701s] Level 1:colcon.colcon_core.package_identification:_identify(src/manipulador_odometria) by extension 'ignore'
[3.702s] Level 1:colcon.colcon_core.package_identification:_identify(src/manipulador_odometria) by extension 'ignore_ament_install'
[3.702s] Level 1:colcon.colcon_core.package_identification:_identify(src/manipulador_odometria) by extensions ['colcon_pkg']
[3.702s] Level 1:colcon.colcon_core.package_identification:_identify(src/manipulador_odometria) by extension 'colcon_pkg'
[3.702s] Level 1:colcon.colcon_core.package_identification:_identify(src/manipulador_odometria) by extensions ['colcon_meta']
[3.702s] Level 1:colcon.colcon_core.package_identification:_identify(src/manipulador_odometria) by extension 'colcon_meta'
[3.703s] Level 1:colcon.colcon_core.package_identification:_identify(src/manipulador_odometria) by extensions ['ros']
[3.703s] Level 1:colcon.colcon_core.package_identification:_identify(src/manipulador_odometria) by extension 'ros'
[3.703s] Level 1:colcon.colcon_core.package_identification:_identify(src/manipulador_odometria) by extensions ['cmake', 'python']
[3.704s] Level 1:colcon.colcon_core.package_identification:_identify(src/manipulador_odometria) by extension 'cmake'
[3.704s] Level 1:colcon.colcon_core.package_identification:_identify(src/manipulador_odometria) by extension 'python'
[3.704s] Level 1:colcon.colcon_core.package_identification:_identify(src/manipulador_odometria) by extensions ['python_setup_py']
[3.704s] Level 1:colcon.colcon_core.package_identification:_identify(src/manipulador_odometria) by extension 'python_setup_py'
[3.705s] Level 1:colcon.colcon_core.package_identification:_identify(src/manipularoreal.ino) by extensions ['ignore', 'ignore_ament_install']
[3.706s] Level 1:colcon.colcon_core.package_identification:_identify(src/manipularoreal.ino) by extension 'ignore'
[3.706s] Level 1:colcon.colcon_core.package_identification:_identify(src/manipularoreal.ino) by extension 'ignore_ament_install'
[3.706s] Level 1:colcon.colcon_core.package_identification:_identify(src/manipularoreal.ino) by extensions ['colcon_pkg']
[3.707s] Level 1:colcon.colcon_core.package_identification:_identify(src/manipularoreal.ino) by extension 'colcon_pkg'
[3.707s] Level 1:colcon.colcon_core.package_identification:_identify(src/manipularoreal.ino) by extensions ['colcon_meta']
[3.707s] Level 1:colcon.colcon_core.package_identification:_identify(src/manipularoreal.ino) by extension 'colcon_meta'
[3.707s] Level 1:colcon.colcon_core.package_identification:_identify(src/manipularoreal.ino) by extensions ['ros']
[3.708s] Level 1:colcon.colcon_core.package_identification:_identify(src/manipularoreal.ino) by extension 'ros'
[3.708s] Level 1:colcon.colcon_core.package_identification:_identify(src/manipularoreal.ino) by extensions ['cmake', 'python']
[3.708s] Level 1:colcon.colcon_core.package_identification:_identify(src/manipularoreal.ino) by extension 'cmake'
[3.709s] Level 1:colcon.colcon_core.package_identification:_identify(src/manipularoreal.ino) by extension 'python'
[3.709s] Level 1:colcon.colcon_core.package_identification:_identify(src/manipularoreal.ino) by extensions ['python_setup_py']
[3.709s] Level 1:colcon.colcon_core.package_identification:_identify(src/manipularoreal.ino) by extension 'python_setup_py'
[3.710s] Level 1:colcon.colcon_core.package_identification:_identify(src/manipularoreal.ino/manipularoreal) by extensions ['ignore', 'ignore_ament_install']
[3.711s] Level 1:colcon.colcon_core.package_identification:_identify(src/manipularoreal.ino/manipularoreal) by extension 'ignore'
[3.711s] Level 1:colcon.colcon_core.package_identification:_identify(src/manipularoreal.ino/manipularoreal) by extension 'ignore_ament_install'
[3.712s] Level 1:colcon.colcon_core.package_identification:_identify(src/manipularoreal.ino/manipularoreal) by extensions ['colcon_pkg']
[3.712s] Level 1:colcon.colcon_core.package_identification:_identify(src/manipularoreal.ino/manipularoreal) by extension 'colcon_pkg'
[3.712s] Level 1:colcon.colcon_core.package_identification:_identify(src/manipularoreal.ino/manipularoreal) by extensions ['colcon_meta']
[3.712s] Level 1:colcon.colcon_core.package_identification:_identify(src/manipularoreal.ino/manipularoreal) by extension 'colcon_meta'
[3.713s] Level 1:colcon.colcon_core.package_identification:_identify(src/manipularoreal.ino/manipularoreal) by extensions ['ros']
[3.713s] Level 1:colcon.colcon_core.package_identification:_identify(src/manipularoreal.ino/manipularoreal) by extension 'ros'
[3.713s] Level 1:colcon.colcon_core.package_identification:_identify(src/manipularoreal.ino/manipularoreal) by extensions ['cmake', 'python']
[3.713s] Level 1:colcon.colcon_core.package_identification:_identify(src/manipularoreal.ino/manipularoreal) by extension 'cmake'
[3.714s] Level 1:colcon.colcon_core.package_identification:_identify(src/manipularoreal.ino/manipularoreal) by extension 'python'
[3.714s] Level 1:colcon.colcon_core.package_identification:_identify(src/manipularoreal.ino/manipularoreal) by extensions ['python_setup_py']
[3.714s] Level 1:colcon.colcon_core.package_identification:_identify(src/manipularoreal.ino/manipularoreal) by extension 'python_setup_py'
[3.715s] Level 1:colcon.colcon_core.package_identification:_identify(src/mi_robot_manipulador_3) by extensions ['ignore', 'ignore_ament_install']
[3.715s] Level 1:colcon.colcon_core.package_identification:_identify(src/mi_robot_manipulador_3) by extension 'ignore'
[3.715s] Level 1:colcon.colcon_core.package_identification:_identify(src/mi_robot_manipulador_3) by extension 'ignore_ament_install'
[3.716s] Level 1:colcon.colcon_core.package_identification:_identify(src/mi_robot_manipulador_3) by extensions ['colcon_pkg']
[3.716s] Level 1:colcon.colcon_core.package_identification:_identify(src/mi_robot_manipulador_3) by extension 'colcon_pkg'
[3.716s] Level 1:colcon.colcon_core.package_identification:_identify(src/mi_robot_manipulador_3) by extensions ['colcon_meta']
[3.716s] Level 1:colcon.colcon_core.package_identification:_identify(src/mi_robot_manipulador_3) by extension 'colcon_meta'
[3.717s] Level 1:colcon.colcon_core.package_identification:_identify(src/mi_robot_manipulador_3) by extensions ['ros']
[3.717s] Level 1:colcon.colcon_core.package_identification:_identify(src/mi_robot_manipulador_3) by extension 'ros'
[3.732s] DEBUG:colcon.colcon_core.package_identification:Package 'src/mi_robot_manipulador_3' with type 'ros.ament_python' and name 'mi_robot_manipulador_3'
[3.733s] Level 1:colcon.colcon_core.package_discovery:discover_packages(recursive) using defaults
[3.733s] Level 1:colcon.colcon_core.package_discovery:discover_packages(ignore) discover
[3.733s] Level 1:colcon.colcon_core.package_discovery:discover_packages(ignore) using defaults
[3.733s] Level 1:colcon.colcon_core.package_discovery:discover_packages(path) discover
[3.734s] Level 1:colcon.colcon_core.package_discovery:discover_packages(path) using defaults
[3.907s] Level 1:colcon.colcon_core.package_discovery:discover_packages(prefix_path) check parameters
[3.908s] Level 1:colcon.colcon_core.package_discovery:discover_packages(prefix_path) discover
[3.931s] DEBUG:colcon.colcon_installed_package_information.package_discovery:Found 1 installed packages in /home/robotica/Taller_3/ros2_taller3/install
[3.951s] DEBUG:colcon.colcon_installed_package_information.package_discovery:Found 270 installed packages in /opt/ros/humble
[3.959s] Level 1:colcon.colcon_core.package_discovery:discover_packages(prefix_path) using defaults
[4.507s] Level 5:colcon.colcon_core.verb:set package 'mi_robot_manipulador_3' build argument 'cmake_args' from command line to 'None'
[4.508s] Level 5:colcon.colcon_core.verb:set package 'mi_robot_manipulador_3' build argument 'cmake_target' from command line to 'None'
[4.508s] Level 5:colcon.colcon_core.verb:set package 'mi_robot_manipulador_3' build argument 'cmake_target_skip_unavailable' from command line to 'False'
[4.508s] Level 5:colcon.colcon_core.verb:set package 'mi_robot_manipulador_3' build argument 'cmake_clean_cache' from command line to 'False'
[4.508s] Level 5:colcon.colcon_core.verb:set package 'mi_robot_manipulador_3' build argument 'cmake_clean_first' from command line to 'False'
[4.508s] Level 5:colcon.colcon_core.verb:set package 'mi_robot_manipulador_3' build argument 'cmake_force_configure' from command line to 'False'
[4.508s] Level 5:colcon.colcon_core.verb:set package 'mi_robot_manipulador_3' build argument 'ament_cmake_args' from command line to 'None'
[4.509s] Level 5:colcon.colcon_core.verb:set package 'mi_robot_manipulador_3' build argument 'catkin_cmake_args' from command line to 'None'
[4.509s] Level 5:colcon.colcon_core.verb:set package 'mi_robot_manipulador_3' build argument 'catkin_skip_building_tests' from command line to 'False'
[4.509s] DEBUG:colcon.colcon_core.verb:Building package 'mi_robot_manipulador_3' with the following arguments: {'ament_cmake_args': None, 'build_base': '/home/robotica/Taller_3/ros2_taller3/build/mi_robot_manipulador_3', 'catkin_cmake_args': None, 'catkin_skip_building_tests': False, 'cmake_args': None, 'cmake_clean_cache': False, 'cmake_clean_first': False, 'cmake_force_configure': False, 'cmake_target': None, 'cmake_target_skip_unavailable': False, 'install_base': '/home/robotica/Taller_3/ros2_taller3/install/mi_robot_manipulador_3', 'merge_install': False, 'path': '/home/robotica/Taller_3/ros2_taller3/src/mi_robot_manipulador_3', 'symlink_install': False, 'test_result_base': None}
[4.512s] INFO:colcon.colcon_core.executor:Executing jobs using 'parallel' executor
[4.526s] DEBUG:colcon.colcon_parallel_executor.executor.parallel:run_until_complete
[4.527s] INFO:colcon.colcon_ros.task.ament_python.build:Building ROS package in '/home/robotica/Taller_3/ros2_taller3/src/mi_robot_manipulador_3' with build type 'ament_python'
[4.528s] Level 1:colcon.colcon_core.shell:create_environment_hook('mi_robot_manipulador_3', 'ament_prefix_path')
[4.566s] INFO:colcon.colcon_core.plugin_system:Skipping extension 'colcon_core.shell.bat': Not used on non-Windows systems
[4.567s] INFO:colcon.colcon_core.shell:Creating environment hook '/home/robotica/Taller_3/ros2_taller3/install/mi_robot_manipulador_3/share/mi_robot_manipulador_3/hook/ament_prefix_path.ps1'
[4.574s] INFO:colcon.colcon_core.shell:Creating environment descriptor '/home/robotica/Taller_3/ros2_taller3/install/mi_robot_manipulador_3/share/mi_robot_manipulador_3/hook/ament_prefix_path.dsv'
[4.580s] INFO:colcon.colcon_core.shell:Creating environment hook '/home/robotica/Taller_3/ros2_taller3/install/mi_robot_manipulador_3/share/mi_robot_manipulador_3/hook/ament_prefix_path.sh'
[4.592s] INFO:colcon.colcon_core.shell:Skip shell extension 'powershell' for command environment: Not usable outside of PowerShell
[4.592s] DEBUG:colcon.colcon_core.shell:Skip shell extension 'dsv' for command environment
[5.978s] INFO:colcon.colcon_core.task.python.build:Building Python package in '/home/robotica/Taller_3/ros2_taller3/src/mi_robot_manipulador_3'
[5.984s] INFO:colcon.colcon_core.shell:Skip shell extension 'powershell' for command environment: Not usable outside of PowerShell
[5.985s] DEBUG:colcon.colcon_core.shell:Skip shell extension 'dsv' for command environment
[7.914s] DEBUG:colcon.colcon_core.event_handler.log_command:Invoking command in '/home/robotica/Taller_3/ros2_taller3/src/mi_robot_manipulador_3': PYTHONPATH=/home/robotica/Taller_3/ros2_taller3/build/mi_robot_manipulador_3/prefix_override:/home/robotica/Taller_3/ros2_taller3/install/mi_robot_manipulador_3/lib/python3.10/site-packages:${PYTHONPATH} /usr/bin/python3 setup.py egg_info --egg-base ../../build/mi_robot_manipulador_3 build --build-base /home/robotica/Taller_3/ros2_taller3/build/mi_robot_manipulador_3/build install --record /home/robotica/Taller_3/ros2_taller3/build/mi_robot_manipulador_3/install.log --single-version-externally-managed
[9.462s] DEBUG:colcon.colcon_core.event_handler.log_command:Invoked command in '/home/robotica/Taller_3/ros2_taller3/src/mi_robot_manipulador_3' returned '0': PYTHONPATH=/home/robotica/Taller_3/ros2_taller3/build/mi_robot_manipulador_3/prefix_override:/home/robotica/Taller_3/ros2_taller3/install/mi_robot_manipulador_3/lib/python3.10/site-packages:${PYTHONPATH} /usr/bin/python3 setup.py egg_info --egg-base ../../build/mi_robot_manipulador_3 build --build-base /home/robotica/Taller_3/ros2_taller3/build/mi_robot_manipulador_3/build install --record /home/robotica/Taller_3/ros2_taller3/build/mi_robot_manipulador_3/install.log --single-version-externally-managed
[9.505s] Level 1:colcon.colcon_core.environment:checking '/home/robotica/Taller_3/ros2_taller3/install/mi_robot_manipulador_3' for CMake module files
[9.509s] Level 1:colcon.colcon_core.environment:checking '/home/robotica/Taller_3/ros2_taller3/install/mi_robot_manipulador_3' for CMake config files
[9.514s] Level 1:colcon.colcon_core.environment:checking '/home/robotica/Taller_3/ros2_taller3/install/mi_robot_manipulador_3/lib'
[9.515s] Level 1:colcon.colcon_core.environment:checking '/home/robotica/Taller_3/ros2_taller3/install/mi_robot_manipulador_3/bin'
[9.515s] Level 1:colcon.colcon_core.environment:checking '/home/robotica/Taller_3/ros2_taller3/install/mi_robot_manipulador_3/lib/pkgconfig/mi_robot_manipulador_3.pc'
[9.517s] Level 1:colcon.colcon_core.environment:checking '/home/robotica/Taller_3/ros2_taller3/install/mi_robot_manipulador_3/lib/python3.10/site-packages'
[9.517s] Level 1:colcon.colcon_core.shell:create_environment_hook('mi_robot_manipulador_3', 'pythonpath')
[9.523s] INFO:colcon.colcon_core.shell:Creating environment hook '/home/robotica/Taller_3/ros2_taller3/install/mi_robot_manipulador_3/share/mi_robot_manipulador_3/hook/pythonpath.ps1'
[9.525s] INFO:colcon.colcon_core.shell:Creating environment descriptor '/home/robotica/Taller_3/ros2_taller3/install/mi_robot_manipulador_3/share/mi_robot_manipulador_3/hook/pythonpath.dsv'
[9.527s] INFO:colcon.colcon_core.shell:Creating environment hook '/home/robotica/Taller_3/ros2_taller3/install/mi_robot_manipulador_3/share/mi_robot_manipulador_3/hook/pythonpath.sh'
[9.530s] Level 1:colcon.colcon_core.environment:checking '/home/robotica/Taller_3/ros2_taller3/install/mi_robot_manipulador_3/bin'
[9.531s] Level 1:colcon.colcon_core.environment:create_environment_scripts_only(mi_robot_manipulador_3)
[9.537s] INFO:colcon.colcon_core.shell:Creating package script '/home/robotica/Taller_3/ros2_taller3/install/mi_robot_manipulador_3/share/mi_robot_manipulador_3/package.ps1'
[9.543s] INFO:colcon.colcon_core.shell:Creating package descriptor '/home/robotica/Taller_3/ros2_taller3/install/mi_robot_manipulador_3/share/mi_robot_manipulador_3/package.dsv'
[9.547s] INFO:colcon.colcon_core.shell:Creating package script '/home/robotica/Taller_3/ros2_taller3/install/mi_robot_manipulador_3/share/mi_robot_manipulador_3/package.sh'
[9.552s] INFO:colcon.colcon_core.shell:Creating package script '/home/robotica/Taller_3/ros2_taller3/install/mi_robot_manipulador_3/share/mi_robot_manipulador_3/package.bash'
[9.559s] INFO:colcon.colcon_core.shell:Creating package script '/home/robotica/Taller_3/ros2_taller3/install/mi_robot_manipulador_3/share/mi_robot_manipulador_3/package.zsh'
[9.565s] Level 1:colcon.colcon_core.environment:create_file_with_runtime_dependencies(/home/robotica/Taller_3/ros2_taller3/install/mi_robot_manipulador_3/share/colcon-core/packages/mi_robot_manipulador_3)
[9.566s] DEBUG:colcon.colcon_parallel_executor.executor.parallel:closing loop
[9.567s] DEBUG:colcon.colcon_parallel_executor.executor.parallel:loop closed
[9.568s] DEBUG:colcon.colcon_parallel_executor.executor.parallel:run_until_complete finished with '0'
[9.568s] DEBUG:colcon.colcon_core.event_reactor:joining thread
[9.640s] INFO:colcon.colcon_core.plugin_system:Skipping extension 'colcon_notification.desktop_notification.terminal_notifier': Not used on non-Darwin systems
[9.641s] INFO:colcon.colcon_core.plugin_system:Skipping extension 'colcon_notification.desktop_notification.win32': Not used on non-Windows systems
[9.641s] INFO:colcon.colcon_notification.desktop_notification:Sending desktop notification using 'notify2'
[9.951s] DEBUG:colcon.colcon_core.event_reactor:joined thread
[9.959s] INFO:colcon.colcon_core.shell:Creating prefix script '/home/robotica/Taller_3/ros2_taller3/install/local_setup.ps1'
[9.965s] INFO:colcon.colcon_core.shell:Creating prefix util module '/home/robotica/Taller_3/ros2_taller3/install/_local_setup_util_ps1.py'
[9.974s] INFO:colcon.colcon_core.shell:Creating prefix chain script '/home/robotica/Taller_3/ros2_taller3/install/setup.ps1'
[9.983s] INFO:colcon.colcon_core.shell:Creating prefix script '/home/robotica/Taller_3/ros2_taller3/install/local_setup.sh'
[9.989s] INFO:colcon.colcon_core.shell:Creating prefix util module '/home/robotica/Taller_3/ros2_taller3/install/_local_setup_util_sh.py'
[9.992s] INFO:colcon.colcon_core.shell:Creating prefix chain script '/home/robotica/Taller_3/ros2_taller3/install/setup.sh'
[10.001s] INFO:colcon.colcon_core.shell:Creating prefix script '/home/robotica/Taller_3/ros2_taller3/install/local_setup.bash'
[10.006s] INFO:colcon.colcon_core.shell:Creating prefix chain script '/home/robotica/Taller_3/ros2_taller3/install/setup.bash'
[10.013s] INFO:colcon.colcon_core.shell:Creating prefix script '/home/robotica/Taller_3/ros2_taller3/install/local_setup.zsh'
[10.017s] INFO:colcon.colcon_core.shell:Creating prefix chain script '/home/robotica/Taller_3/ros2_taller3/install/setup.zsh'
