[4.117s] DEBUG:colcon:Command line arguments: ['/usr/bin/colcon', 'build']
[4.118s] DEBUG:colcon:Parsed command line arguments: Namespace(log_base=None, log_level=None, verb_name='build', build_base='build', install_base='install', merge_install=False, symlink_install=False, test_result_base=None, continue_on_error=False, executor='parallel', parallel_workers=4, event_handlers=None, ignore_user_meta=False, metas=['./colcon.meta'], base_paths=['.'], packages_ignore=None, packages_ignore_regex=None, paths=None, packages_up_to=None, packages_up_to_regex=None, packages_above=None, packages_above_and_dependencies=None, packages_above_depth=None, packages_select_by_dep=None, packages_skip_by_dep=None, packages_skip_up_to=None, packages_select_build_failed=False, packages_skip_build_finished=False, packages_select_test_failures=False, packages_skip_test_passed=False, packages_select=None, packages_skip=None, packages_select_regex=None, packages_skip_regex=None, packages_start=None, packages_end=None, allow_overriding=[], cmake_args=None, cmake_target=None, cmake_target_skip_unavailable=False, cmake_clean_cache=False, cmake_clean_first=False, cmake_force_configure=False, ament_cmake_args=None, catkin_cmake_args=None, catkin_skip_building_tests=False, verb_parser=<colcon_defaults.argument_parser.defaults.DefaultArgumentsDecorator object at 0xffffbcb10130>, verb_extension=<colcon_core.verb.build.BuildVerb object at 0xffffbd37f8b0>, main=<bound method BuildVerb.main of <colcon_core.verb.build.BuildVerb object at 0xffffbd37f8b0>>)
[4.648s] Level 1:colcon.colcon_core.package_discovery:discover_packages(colcon_meta) check parameters
[4.649s] Level 1:colcon.colcon_core.package_discovery:discover_packages(recursive) check parameters
[4.650s] Level 1:colcon.colcon_core.package_discovery:discover_packages(ignore) check parameters
[4.650s] Level 1:colcon.colcon_core.package_discovery:discover_packages(path) check parameters
[4.650s] Level 1:colcon.colcon_core.package_discovery:discover_packages(colcon_meta) discover
[4.651s] Level 1:colcon.colcon_core.package_discovery:discover_packages(recursive) discover
[4.651s] INFO:colcon.colcon_core.package_discovery:Crawling recursively for packages in '/home/robotica/Taller_3/ros2_taller3'
[4.652s] Level 1:colcon.colcon_core.package_identification:_identify(.) by extensions ['ignore', 'ignore_ament_install']
[4.653s] Level 1:colcon.colcon_core.package_identification:_identify(.) by extension 'ignore'
[4.653s] Level 1:colcon.colcon_core.package_identification:_identify(.) by extension 'ignore_ament_install'
[4.654s] Level 1:colcon.colcon_core.package_identification:_identify(.) by extensions ['colcon_pkg']
[4.654s] Level 1:colcon.colcon_core.package_identification:_identify(.) by extension 'colcon_pkg'
[4.654s] Level 1:colcon.colcon_core.package_identification:_identify(.) by extensions ['colcon_meta']
[4.655s] Level 1:colcon.colcon_core.package_identification:_identify(.) by extension 'colcon_meta'
[4.655s] Level 1:colcon.colcon_core.package_identification:_identify(.) by extensions ['ros']
[4.655s] Level 1:colcon.colcon_core.package_identification:_identify(.) by extension 'ros'
[4.765s] Level 1:colcon.colcon_core.package_identification:_identify(.) by extensions ['cmake', 'python']
[4.765s] Level 1:colcon.colcon_core.package_identification:_identify(.) by extension 'cmake'
[4.766s] Level 1:colcon.colcon_core.package_identification:_identify(.) by extension 'python'
[4.767s] Level 1:colcon.colcon_core.package_identification:_identify(.) by extensions ['python_setup_py']
[4.767s] Level 1:colcon.colcon_core.package_identification:_identify(.) by extension 'python_setup_py'
[4.768s] Level 1:colcon.colcon_core.package_identification:_identify(build) by extensions ['ignore', 'ignore_ament_install']
[4.769s] Level 1:colcon.colcon_core.package_identification:_identify(build) by extension 'ignore'
[4.769s] Level 1:colcon.colcon_core.package_identification:_identify(build) ignored
[4.770s] Level 1:colcon.colcon_core.package_identification:_identify(install) by extensions ['ignore', 'ignore_ament_install']
[4.771s] Level 1:colcon.colcon_core.package_identification:_identify(install) by extension 'ignore'
[4.772s] Level 1:colcon.colcon_core.package_identification:_identify(install) ignored
[4.774s] Level 1:colcon.colcon_core.package_identification:_identify(log) by extensions ['ignore', 'ignore_ament_install']
[4.775s] Level 1:colcon.colcon_core.package_identification:_identify(log) by extension 'ignore'
[4.775s] Level 1:colcon.colcon_core.package_identification:_identify(log) ignored
[4.787s] Level 1:colcon.colcon_core.package_identification:_identify(src) by extensions ['ignore', 'ignore_ament_install']
[4.788s] Level 1:colcon.colcon_core.package_identification:_identify(src) by extension 'ignore'
[4.789s] Level 1:colcon.colcon_core.package_identification:_identify(src) by extension 'ignore_ament_install'
[4.790s] Level 1:colcon.colcon_core.package_identification:_identify(src) by extensions ['colcon_pkg']
[4.791s] Level 1:colcon.colcon_core.package_identification:_identify(src) by extension 'colcon_pkg'
[4.791s] Level 1:colcon.colcon_core.package_identification:_identify(src) by extensions ['colcon_meta']
[4.792s] Level 1:colcon.colcon_core.package_identification:_identify(src) by extension 'colcon_meta'
[4.792s] Level 1:colcon.colcon_core.package_identification:_identify(src) by extensions ['ros']
[4.793s] Level 1:colcon.colcon_core.package_identification:_identify(src) by extension 'ros'
[4.794s] Level 1:colcon.colcon_core.package_identification:_identify(src) by extensions ['cmake', 'python']
[4.796s] Level 1:colcon.colcon_core.package_identification:_identify(src) by extension 'cmake'
[4.797s] Level 1:colcon.colcon_core.package_identification:_identify(src) by extension 'python'
[4.797s] Level 1:colcon.colcon_core.package_identification:_identify(src) by extensions ['python_setup_py']
[4.798s] Level 1:colcon.colcon_core.package_identification:_identify(src) by extension 'python_setup_py'
[4.802s] Level 1:colcon.colcon_core.package_identification:_identify(src/manipulador_odometria) by extensions ['ignore', 'ignore_ament_install']
[4.802s] Level 1:colcon.colcon_core.package_identification:_identify(src/manipulador_odometria) by extension 'ignore'
[4.804s] Level 1:colcon.colcon_core.package_identification:_identify(src/manipulador_odometria) by extension 'ignore_ament_install'
[4.805s] Level 1:colcon.colcon_core.package_identification:_identify(src/manipulador_odometria) by extensions ['colcon_pkg']
[4.805s] Level 1:colcon.colcon_core.package_identification:_identify(src/manipulador_odometria) by extension 'colcon_pkg'
[4.806s] Level 1:colcon.colcon_core.package_identification:_identify(src/manipulador_odometria) by extensions ['colcon_meta']
[4.807s] Level 1:colcon.colcon_core.package_identification:_identify(src/manipulador_odometria) by extension 'colcon_meta'
[4.807s] Level 1:colcon.colcon_core.package_identification:_identify(src/manipulador_odometria) by extensions ['ros']
[4.807s] Level 1:colcon.colcon_core.package_identification:_identify(src/manipulador_odometria) by extension 'ros'
[4.808s] Level 1:colcon.colcon_core.package_identification:_identify(src/manipulador_odometria) by extensions ['cmake', 'python']
[4.809s] Level 1:colcon.colcon_core.package_identification:_identify(src/manipulador_odometria) by extension 'cmake'
[4.809s] Level 1:colcon.colcon_core.package_identification:_identify(src/manipulador_odometria) by extension 'python'
[4.810s] Level 1:colcon.colcon_core.package_identification:_identify(src/manipulador_odometria) by extensions ['python_setup_py']
[4.810s] Level 1:colcon.colcon_core.package_identification:_identify(src/manipulador_odometria) by extension 'python_setup_py'
[4.814s] Level 1:colcon.colcon_core.package_identification:_identify(src/mi_robot_manipulador_3) by extensions ['ignore', 'ignore_ament_install']
[4.815s] Level 1:colcon.colcon_core.package_identification:_identify(src/mi_robot_manipulador_3) by extension 'ignore'
[4.816s] Level 1:colcon.colcon_core.package_identification:_identify(src/mi_robot_manipulador_3) by extension 'ignore_ament_install'
[4.816s] Level 1:colcon.colcon_core.package_identification:_identify(src/mi_robot_manipulador_3) by extensions ['colcon_pkg']
[4.817s] Level 1:colcon.colcon_core.package_identification:_identify(src/mi_robot_manipulador_3) by extension 'colcon_pkg'
[4.818s] Level 1:colcon.colcon_core.package_identification:_identify(src/mi_robot_manipulador_3) by extensions ['colcon_meta']
[4.818s] Level 1:colcon.colcon_core.package_identification:_identify(src/mi_robot_manipulador_3) by extension 'colcon_meta'
[4.819s] Level 1:colcon.colcon_core.package_identification:_identify(src/mi_robot_manipulador_3) by extensions ['ros']
[4.819s] Level 1:colcon.colcon_core.package_identification:_identify(src/mi_robot_manipulador_3) by extension 'ros'
[4.847s] DEBUG:colcon.colcon_core.package_identification:Package 'src/mi_robot_manipulador_3' with type 'ros.ament_python' and name 'mi_robot_manipulador_3'
[4.848s] Level 1:colcon.colcon_core.package_discovery:discover_packages(recursive) using defaults
[4.849s] Level 1:colcon.colcon_core.package_discovery:discover_packages(ignore) discover
[4.850s] Level 1:colcon.colcon_core.package_discovery:discover_packages(ignore) using defaults
[4.850s] Level 1:colcon.colcon_core.package_discovery:discover_packages(path) discover
[4.851s] Level 1:colcon.colcon_core.package_discovery:discover_packages(path) using defaults
[5.106s] Level 1:colcon.colcon_core.package_discovery:discover_packages(prefix_path) check parameters
[5.107s] Level 1:colcon.colcon_core.package_discovery:discover_packages(prefix_path) discover
[5.138s] DEBUG:colcon.colcon_installed_package_information.package_discovery:Found 182 installed packages in /opt/ros/humble
[5.144s] Level 1:colcon.colcon_core.package_discovery:discover_packages(prefix_path) using defaults
[5.634s] Level 5:colcon.colcon_core.verb:set package 'mi_robot_manipulador_3' build argument 'cmake_args' from command line to 'None'
[5.634s] Level 5:colcon.colcon_core.verb:set package 'mi_robot_manipulador_3' build argument 'cmake_target' from command line to 'None'
[5.634s] Level 5:colcon.colcon_core.verb:set package 'mi_robot_manipulador_3' build argument 'cmake_target_skip_unavailable' from command line to 'False'
[5.635s] Level 5:colcon.colcon_core.verb:set package 'mi_robot_manipulador_3' build argument 'cmake_clean_cache' from command line to 'False'
[5.635s] Level 5:colcon.colcon_core.verb:set package 'mi_robot_manipulador_3' build argument 'cmake_clean_first' from command line to 'False'
[5.635s] Level 5:colcon.colcon_core.verb:set package 'mi_robot_manipulador_3' build argument 'cmake_force_configure' from command line to 'False'
[5.635s] Level 5:colcon.colcon_core.verb:set package 'mi_robot_manipulador_3' build argument 'ament_cmake_args' from command line to 'None'
[5.635s] Level 5:colcon.colcon_core.verb:set package 'mi_robot_manipulador_3' build argument 'catkin_cmake_args' from command line to 'None'
[5.635s] Level 5:colcon.colcon_core.verb:set package 'mi_robot_manipulador_3' build argument 'catkin_skip_building_tests' from command line to 'False'
[5.636s] DEBUG:colcon.colcon_core.verb:Building package 'mi_robot_manipulador_3' with the following arguments: {'ament_cmake_args': None, 'build_base': '/home/robotica/Taller_3/ros2_taller3/build/mi_robot_manipulador_3', 'catkin_cmake_args': None, 'catkin_skip_building_tests': False, 'cmake_args': None, 'cmake_clean_cache': False, 'cmake_clean_first': False, 'cmake_force_configure': False, 'cmake_target': None, 'cmake_target_skip_unavailable': False, 'install_base': '/home/robotica/Taller_3/ros2_taller3/install/mi_robot_manipulador_3', 'merge_install': False, 'path': '/home/robotica/Taller_3/ros2_taller3/src/mi_robot_manipulador_3', 'symlink_install': False, 'test_result_base': None}
[5.639s] INFO:colcon.colcon_core.executor:Executing jobs using 'parallel' executor
[5.657s] DEBUG:colcon.colcon_parallel_executor.executor.parallel:run_until_complete
[5.660s] INFO:colcon.colcon_ros.task.ament_python.build:Building ROS package in '/home/robotica/Taller_3/ros2_taller3/src/mi_robot_manipulador_3' with build type 'ament_python'
[5.661s] Level 1:colcon.colcon_core.shell:create_environment_hook('mi_robot_manipulador_3', 'ament_prefix_path')
[5.732s] INFO:colcon.colcon_core.plugin_system:Skipping extension 'colcon_core.shell.bat': Not used on non-Windows systems
[5.735s] INFO:colcon.colcon_core.shell:Creating environment hook '/home/robotica/Taller_3/ros2_taller3/install/mi_robot_manipulador_3/share/mi_robot_manipulador_3/hook/ament_prefix_path.ps1'
[5.747s] INFO:colcon.colcon_core.shell:Creating environment descriptor '/home/robotica/Taller_3/ros2_taller3/install/mi_robot_manipulador_3/share/mi_robot_manipulador_3/hook/ament_prefix_path.dsv'
[5.753s] INFO:colcon.colcon_core.shell:Creating environment hook '/home/robotica/Taller_3/ros2_taller3/install/mi_robot_manipulador_3/share/mi_robot_manipulador_3/hook/ament_prefix_path.sh'
[5.774s] INFO:colcon.colcon_core.shell:Skip shell extension 'powershell' for command environment: Not usable outside of PowerShell
[5.775s] DEBUG:colcon.colcon_core.shell:Skip shell extension 'dsv' for command environment
[7.996s] INFO:colcon.colcon_core.task.python.build:Building Python package in '/home/robotica/Taller_3/ros2_taller3/src/mi_robot_manipulador_3'
[8.006s] INFO:colcon.colcon_core.shell:Skip shell extension 'powershell' for command environment: Not usable outside of PowerShell
[8.007s] DEBUG:colcon.colcon_core.shell:Skip shell extension 'dsv' for command environment
[11.161s] DEBUG:colcon.colcon_core.event_handler.log_command:Invoking command in '/home/robotica/Taller_3/ros2_taller3/src/mi_robot_manipulador_3': PYTHONPATH=/home/robotica/Taller_3/ros2_taller3/build/mi_robot_manipulador_3/prefix_override:/home/robotica/Taller_3/ros2_taller3/install/mi_robot_manipulador_3/lib/python3.10/site-packages:${PYTHONPATH} /usr/bin/python3 setup.py egg_info --egg-base ../../build/mi_robot_manipulador_3 build --build-base /home/robotica/Taller_3/ros2_taller3/build/mi_robot_manipulador_3/build install --record /home/robotica/Taller_3/ros2_taller3/build/mi_robot_manipulador_3/install.log --single-version-externally-managed
[13.617s] DEBUG:colcon.colcon_core.event_handler.log_command:Invoked command in '/home/robotica/Taller_3/ros2_taller3/src/mi_robot_manipulador_3' returned '0': PYTHONPATH=/home/robotica/Taller_3/ros2_taller3/build/mi_robot_manipulador_3/prefix_override:/home/robotica/Taller_3/ros2_taller3/install/mi_robot_manipulador_3/lib/python3.10/site-packages:${PYTHONPATH} /usr/bin/python3 setup.py egg_info --egg-base ../../build/mi_robot_manipulador_3 build --build-base /home/robotica/Taller_3/ros2_taller3/build/mi_robot_manipulador_3/build install --record /home/robotica/Taller_3/ros2_taller3/build/mi_robot_manipulador_3/install.log --single-version-externally-managed
[13.684s] Level 1:colcon.colcon_core.environment:checking '/home/robotica/Taller_3/ros2_taller3/install/mi_robot_manipulador_3' for CMake module files
[13.698s] Level 1:colcon.colcon_core.environment:checking '/home/robotica/Taller_3/ros2_taller3/install/mi_robot_manipulador_3' for CMake config files
[13.710s] Level 1:colcon.colcon_core.environment:checking '/home/robotica/Taller_3/ros2_taller3/install/mi_robot_manipulador_3/lib'
[13.711s] Level 1:colcon.colcon_core.environment:checking '/home/robotica/Taller_3/ros2_taller3/install/mi_robot_manipulador_3/bin'
[13.712s] Level 1:colcon.colcon_core.environment:checking '/home/robotica/Taller_3/ros2_taller3/install/mi_robot_manipulador_3/lib/pkgconfig/mi_robot_manipulador_3.pc'
[13.714s] Level 1:colcon.colcon_core.environment:checking '/home/robotica/Taller_3/ros2_taller3/install/mi_robot_manipulador_3/lib/python3.10/site-packages'
[13.714s] Level 1:colcon.colcon_core.shell:create_environment_hook('mi_robot_manipulador_3', 'pythonpath')
[13.734s] INFO:colcon.colcon_core.shell:Creating environment hook '/home/robotica/Taller_3/ros2_taller3/install/mi_robot_manipulador_3/share/mi_robot_manipulador_3/hook/pythonpath.ps1'
[13.752s] INFO:colcon.colcon_core.shell:Creating environment descriptor '/home/robotica/Taller_3/ros2_taller3/install/mi_robot_manipulador_3/share/mi_robot_manipulador_3/hook/pythonpath.dsv'
[13.755s] INFO:colcon.colcon_core.shell:Creating environment hook '/home/robotica/Taller_3/ros2_taller3/install/mi_robot_manipulador_3/share/mi_robot_manipulador_3/hook/pythonpath.sh'
[13.762s] Level 1:colcon.colcon_core.environment:checking '/home/robotica/Taller_3/ros2_taller3/install/mi_robot_manipulador_3/bin'
[13.763s] Level 1:colcon.colcon_core.environment:create_environment_scripts_only(mi_robot_manipulador_3)
[13.772s] INFO:colcon.colcon_core.shell:Creating package script '/home/robotica/Taller_3/ros2_taller3/install/mi_robot_manipulador_3/share/mi_robot_manipulador_3/package.ps1'
[13.783s] INFO:colcon.colcon_core.shell:Creating package descriptor '/home/robotica/Taller_3/ros2_taller3/install/mi_robot_manipulador_3/share/mi_robot_manipulador_3/package.dsv'
[13.788s] INFO:colcon.colcon_core.shell:Creating package script '/home/robotica/Taller_3/ros2_taller3/install/mi_robot_manipulador_3/share/mi_robot_manipulador_3/package.sh'
[13.799s] INFO:colcon.colcon_core.shell:Creating package script '/home/robotica/Taller_3/ros2_taller3/install/mi_robot_manipulador_3/share/mi_robot_manipulador_3/package.bash'
[13.807s] INFO:colcon.colcon_core.shell:Creating package script '/home/robotica/Taller_3/ros2_taller3/install/mi_robot_manipulador_3/share/mi_robot_manipulador_3/package.zsh'
[13.817s] Level 1:colcon.colcon_core.environment:create_file_with_runtime_dependencies(/home/robotica/Taller_3/ros2_taller3/install/mi_robot_manipulador_3/share/colcon-core/packages/mi_robot_manipulador_3)
[13.820s] DEBUG:colcon.colcon_parallel_executor.executor.parallel:closing loop
[13.824s] DEBUG:colcon.colcon_parallel_executor.executor.parallel:loop closed
[13.825s] DEBUG:colcon.colcon_parallel_executor.executor.parallel:run_until_complete finished with '0'
[13.825s] DEBUG:colcon.colcon_core.event_reactor:joining thread
[13.942s] INFO:colcon.colcon_core.plugin_system:Skipping extension 'colcon_notification.desktop_notification.terminal_notifier': Not used on non-Darwin systems
[13.942s] INFO:colcon.colcon_core.plugin_system:Skipping extension 'colcon_notification.desktop_notification.win32': Not used on non-Windows systems
[13.944s] INFO:colcon.colcon_notification.desktop_notification:Sending desktop notification using 'notify2'
[14.723s] DEBUG:colcon.colcon_core.event_reactor:joined thread
[14.738s] INFO:colcon.colcon_core.shell:Creating prefix script '/home/robotica/Taller_3/ros2_taller3/install/local_setup.ps1'
[14.752s] INFO:colcon.colcon_core.shell:Creating prefix util module '/home/robotica/Taller_3/ros2_taller3/install/_local_setup_util_ps1.py'
[14.763s] INFO:colcon.colcon_core.shell:Creating prefix chain script '/home/robotica/Taller_3/ros2_taller3/install/setup.ps1'
[14.772s] INFO:colcon.colcon_core.shell:Creating prefix script '/home/robotica/Taller_3/ros2_taller3/install/local_setup.sh'
[14.781s] INFO:colcon.colcon_core.shell:Creating prefix util module '/home/robotica/Taller_3/ros2_taller3/install/_local_setup_util_sh.py'
[14.791s] INFO:colcon.colcon_core.shell:Creating prefix chain script '/home/robotica/Taller_3/ros2_taller3/install/setup.sh'
[14.811s] INFO:colcon.colcon_core.shell:Creating prefix script '/home/robotica/Taller_3/ros2_taller3/install/local_setup.bash'
[14.820s] INFO:colcon.colcon_core.shell:Creating prefix chain script '/home/robotica/Taller_3/ros2_taller3/install/setup.bash'
[14.829s] INFO:colcon.colcon_core.shell:Creating prefix script '/home/robotica/Taller_3/ros2_taller3/install/local_setup.zsh'
[14.836s] INFO:colcon.colcon_core.shell:Creating prefix chain script '/home/robotica/Taller_3/ros2_taller3/install/setup.zsh'
