[3.780s] Invoking command in '/home/robotica/Taller_3/ros2_taller3/src/mi_robot_manipulador_3': PYTHONPATH=/home/robotica/Taller_3/ros2_taller3/build/mi_robot_manipulador_3/prefix_override:/home/robotica/Taller_3/ros2_taller3/install/mi_robot_manipulador_3/lib/python3.10/site-packages:${PYTHONPATH} /usr/bin/python3 setup.py egg_info --egg-base ../../build/mi_robot_manipulador_3 build --build-base /home/robotica/Taller_3/ros2_taller3/build/mi_robot_manipulador_3/build install --record /home/robotica/Taller_3/ros2_taller3/build/mi_robot_manipulador_3/install.log --single-version-externally-managed
[5.039s] running egg_info
[5.042s] writing ../../build/mi_robot_manipulador_3/mi_robot_manipulador_3.egg-info/PKG-INFO
[5.046s] writing dependency_links to ../../build/mi_robot_manipulador_3/mi_robot_manipulador_3.egg-info/dependency_links.txt
[5.048s] writing entry points to ../../build/mi_robot_manipulador_3/mi_robot_manipulador_3.egg-info/entry_points.txt
[5.049s] writing requirements to ../../build/mi_robot_manipulador_3/mi_robot_manipulador_3.egg-info/requires.txt
[5.049s] writing top-level names to ../../build/mi_robot_manipulador_3/mi_robot_manipulador_3.egg-info/top_level.txt
[5.064s] reading manifest file '../../build/mi_robot_manipulador_3/mi_robot_manipulador_3.egg-info/SOURCES.txt'
[5.072s] writing manifest file '../../build/mi_robot_manipulador_3/mi_robot_manipulador_3.egg-info/SOURCES.txt'
[5.073s] running build
[5.073s] running build_py
[5.079s] running install
[5.080s] /usr/lib/python3/dist-packages/setuptools/command/install.py:34: SetuptoolsDeprecationWarning: setup.py install is deprecated. Use build and pip and other standards-based tools.
[5.081s]   warnings.warn(
[5.082s] running install_lib
[5.092s] running install_data
[5.097s] running install_egg_info
[5.105s] removing '/home/robotica/Taller_3/ros2_taller3/install/mi_robot_manipulador_3/lib/python3.10/site-packages/mi_robot_manipulador_3-0.0.0-py3.10.egg-info' (and everything under it)
[5.107s] Copying ../../build/mi_robot_manipulador_3/mi_robot_manipulador_3.egg-info to /home/robotica/Taller_3/ros2_taller3/install/mi_robot_manipulador_3/lib/python3.10/site-packages/mi_robot_manipulador_3-0.0.0-py3.10.egg-info
[5.121s] running install_scripts
[5.217s] Installing robot_manipulator_interface script to /home/robotica/Taller_3/ros2_taller3/install/mi_robot_manipulador_3/lib/mi_robot_manipulador_3
[5.221s] Installing robot_manipulator_planner script to /home/robotica/Taller_3/ros2_taller3/install/mi_robot_manipulador_3/lib/mi_robot_manipulador_3
[5.222s] Installing robot_manipulator_teleop script to /home/robotica/Taller_3/ros2_taller3/install/mi_robot_manipulador_3/lib/mi_robot_manipulador_3
[5.224s] writing list of installed files to '/home/robotica/Taller_3/ros2_taller3/build/mi_robot_manipulador_3/install.log'
[5.366s] Invoked command in '/home/robotica/Taller_3/ros2_taller3/src/mi_robot_manipulador_3' returned '0': PYTHONPATH=/home/robotica/Taller_3/ros2_taller3/build/mi_robot_manipulador_3/prefix_override:/home/robotica/Taller_3/ros2_taller3/install/mi_robot_manipulador_3/lib/python3.10/site-packages:${PYTHONPATH} /usr/bin/python3 setup.py egg_info --egg-base ../../build/mi_robot_manipulador_3 build --build-base /home/robotica/Taller_3/ros2_taller3/build/mi_robot_manipulador_3/build install --record /home/robotica/Taller_3/ros2_taller3/build/mi_robot_manipulador_3/install.log --single-version-externally-managed
