[0.000000] (-) TimerEvent: {}
[0.005975] (mi_robot_manipulador_3) JobQueued: {'identifier': 'mi_robot_manipulador_3', 'dependencies': OrderedDict()}
[0.007373] (mi_robot_manipulador_3) JobStarted: {'identifier': 'mi_robot_manipulador_3'}
[0.099448] (-) TimerEvent: {}
[0.200292] (-) TimerEvent: {}
[0.302188] (-) TimerEvent: {}
[0.405379] (-) TimerEvent: {}
[0.506513] (-) TimerEvent: {}
[0.607498] (-) TimerEvent: {}
[0.708881] (-) TimerEvent: {}
[0.809780] (-) TimerEvent: {}
[0.910681] (-) TimerEvent: {}
[1.011599] (-) TimerEvent: {}
[1.112647] (-) TimerEvent: {}
[1.213647] (-) TimerEvent: {}
[1.315309] (-) TimerEvent: {}
[1.418459] (-) TimerEvent: {}
[1.522482] (-) TimerEvent: {}
[1.624875] (-) TimerEvent: {}
[1.730479] (-) TimerEvent: {}
[1.831906] (-) TimerEvent: {}
[1.934015] (-) TimerEvent: {}
[2.039189] (-) TimerEvent: {}
[2.142079] (-) TimerEvent: {}
[2.243127] (-) TimerEvent: {}
[2.344696] (-) TimerEvent: {}
[2.446532] (-) TimerEvent: {}
[2.548261] (-) TimerEvent: {}
[2.649233] (-) TimerEvent: {}
[2.750745] (-) TimerEvent: {}
[2.851612] (-) TimerEvent: {}
[2.952433] (-) TimerEvent: {}
[3.053271] (-) TimerEvent: {}
[3.154243] (-) TimerEvent: {}
[3.255906] (-) TimerEvent: {}
[3.360052] (-) TimerEvent: {}
[3.461179] (-) TimerEvent: {}
[3.568160] (-) TimerEvent: {}
[3.670089] (-) TimerEvent: {}
[3.771658] (-) TimerEvent: {}
[3.873411] (-) TimerEvent: {}
[3.974564] (-) TimerEvent: {}
[4.075960] (-) TimerEvent: {}
[4.177359] (-) TimerEvent: {}
[4.285480] (-) TimerEvent: {}
[4.386491] (-) TimerEvent: {}
[4.487405] (-) TimerEvent: {}
[4.589042] (-) TimerEvent: {}
[4.690436] (-) TimerEvent: {}
[4.792147] (-) TimerEvent: {}
[4.894199] (-) TimerEvent: {}
[4.995638] (-) TimerEvent: {}
[5.096908] (-) TimerEvent: {}
[5.198651] (-) TimerEvent: {}
[5.301633] (mi_robot_manipulador_3) StderrLine: {'line': b'Traceback (most recent call last):\n  File "/usr/lib/python3/dist-packages/colcon_core/executor/__init__.py", line 91, in __call__\n    rc = await self.task(*args, **kwargs)\n  File "/usr/lib/python3/dist-packages/colcon_core/task/__init__.py", line 93, in __call__\n    return await task_method(*args, **kwargs)\n  File "/usr/lib/python3/dist-packages/colcon_ros/task/ament_python/build.py", line 51, in build\n    setup_py_data = get_setup_data(self.context.pkg, env)\n  File "/usr/lib/python3/dist-packages/colcon_core/task/python/__init__.py", line 20, in get_setup_data\n    return dict(pkg.metadata[key](env))\n  File "/usr/lib/python3/dist-packages/colcon_ros/package_augmentation/ros_ament_python.py", line 57, in getter\n    return get_setup_information(\n  File "/usr/lib/python3/dist-packages/colcon_python_setup_py/package_identification/python_setup_py.py", line 241, in get_setup_information\n    _setup_information_cache[hashable_env] = _get_setup_information(\n  File "/usr/lib/python3/dist-packages/colcon_python_setup_py/package_identification/python_setup_py.py", line 288, in _get_setup_information\n    result = subprocess.run(\n  File "/usr/lib/python3.10/subprocess.py", line 524, in run\n    raise CalledProcessError(retcode, process.args,\nsubprocess.CalledProcessError: Command \'[\'/usr/bin/python3\', \'-c\', \'import sys;from contextlib import suppress;exec("with suppress(ImportError):    from setuptools.extern.packaging.specifiers    import SpecifierSet");exec("with suppress(ImportError):    from packaging.specifiers import SpecifierSet");from distutils.core import run_setup;dist = run_setup(    \\\'setup.py\\\', script_args=(\\\'--dry-run\\\',), stop_after=\\\'config\\\');skip_keys = (\\\'cmdclass\\\', \\\'distclass\\\', \\\'ext_modules\\\', \\\'metadata\\\');data = {    key: value for key, value in dist.__dict__.items()     if (        not key.startswith(\\\'_\\\') and         not callable(value) and         key not in skip_keys and         key not in dist.display_option_names    )};data[\\\'metadata\\\'] = {    k: v for k, v in dist.metadata.__dict__.items()     if k not in (\\\'license_files\\\', \\\'provides_extras\\\')};sys.stdout.buffer.write(repr(data).encode(\\\'utf-8\\\'))\']\' returned non-zero exit status 1.\n'}
[5.309624] (-) TimerEvent: {}
[5.310656] (mi_robot_manipulador_3) JobEnded: {'identifier': 'mi_robot_manipulador_3', 'rc': 1}
[5.325695] (-) EventReactorShutdown: {}
