[3.098s] Invoking command in '/home/robotica/Taller_3/ros2_taller3/src/mi_robot_manipulador_3': PYTHONPATH=/home/robotica/Taller_3/ros2_taller3/build/mi_robot_manipulador_3/prefix_override:/home/robotica/Taller_3/ros2_taller3/install/mi_robot_manipulador_3/lib/python3.10/site-packages:${PYTHONPATH} /usr/bin/python3 setup.py egg_info --egg-base ../../build/mi_robot_manipulador_3 build --build-base /home/robotica/Taller_3/ros2_taller3/build/mi_robot_manipulador_3/build install --record /home/robotica/Taller_3/ros2_taller3/build/mi_robot_manipulador_3/install.log --single-version-externally-managed
[4.286s] running egg_info
[4.289s] writing ../../build/mi_robot_manipulador_3/mi_robot_manipulador_3.egg-info/PKG-INFO
[4.290s] writing dependency_links to ../../build/mi_robot_manipulador_3/mi_robot_manipulador_3.egg-info/dependency_links.txt
[4.291s] writing entry points to ../../build/mi_robot_manipulador_3/mi_robot_manipulador_3.egg-info/entry_points.txt
[4.292s] writing requirements to ../../build/mi_robot_manipulador_3/mi_robot_manipulador_3.egg-info/requires.txt
[4.293s] writing top-level names to ../../build/mi_robot_manipulador_3/mi_robot_manipulador_3.egg-info/top_level.txt
[4.302s] reading manifest file '../../build/mi_robot_manipulador_3/mi_robot_manipulador_3.egg-info/SOURCES.txt'
[4.307s] writing manifest file '../../build/mi_robot_manipulador_3/mi_robot_manipulador_3.egg-info/SOURCES.txt'
[4.308s] running build
[4.308s] running build_py
[4.309s] copying mi_robot_manipulador_3/manipulador_planner.py -> /home/robotica/Taller_3/ros2_taller3/build/mi_robot_manipulador_3/build/lib/mi_robot_manipulador_3
[4.312s] running install
[4.312s] /usr/lib/python3/dist-packages/setuptools/command/install.py:34: SetuptoolsDeprecationWarning: setup.py install is deprecated. Use build and pip and other standards-based tools.
[4.313s]   warnings.warn(
[4.314s] running install_lib
[4.317s] copying /home/robotica/Taller_3/ros2_taller3/build/mi_robot_manipulador_3/build/lib/mi_robot_manipulador_3/manipulador_planner.py -> /home/robotica/Taller_3/ros2_taller3/install/mi_robot_manipulador_3/lib/python3.10/site-packages/mi_robot_manipulador_3
[4.321s] byte-compiling /home/robotica/Taller_3/ros2_taller3/install/mi_robot_manipulador_3/lib/python3.10/site-packages/mi_robot_manipulador_3/manipulador_planner.py to manipulador_planner.cpython-310.pyc
[4.326s] running install_data
[4.329s] running install_egg_info
[4.336s] removing '/home/robotica/Taller_3/ros2_taller3/install/mi_robot_manipulador_3/lib/python3.10/site-packages/mi_robot_manipulador_3-0.0.0-py3.10.egg-info' (and everything under it)
[4.338s] Copying ../../build/mi_robot_manipulador_3/mi_robot_manipulador_3.egg-info to /home/robotica/Taller_3/ros2_taller3/install/mi_robot_manipulador_3/lib/python3.10/site-packages/mi_robot_manipulador_3-0.0.0-py3.10.egg-info
[4.345s] running install_scripts
[4.440s] Installing robot_manipulator_interface script to /home/robotica/Taller_3/ros2_taller3/install/mi_robot_manipulador_3/lib/mi_robot_manipulador_3
[4.441s] Installing robot_manipulator_planner script to /home/robotica/Taller_3/ros2_taller3/install/mi_robot_manipulador_3/lib/mi_robot_manipulador_3
[4.442s] Installing robot_manipulator_teleop script to /home/robotica/Taller_3/ros2_taller3/install/mi_robot_manipulador_3/lib/mi_robot_manipulador_3
[4.444s] writing list of installed files to '/home/robotica/Taller_3/ros2_taller3/build/mi_robot_manipulador_3/install.log'
[4.581s] Invoked command in '/home/robotica/Taller_3/ros2_taller3/src/mi_robot_manipulador_3' returned '0': PYTHONPATH=/home/robotica/Taller_3/ros2_taller3/build/mi_robot_manipulador_3/prefix_override:/home/robotica/Taller_3/ros2_taller3/install/mi_robot_manipulador_3/lib/python3.10/site-packages:${PYTHONPATH} /usr/bin/python3 setup.py egg_info --egg-base ../../build/mi_robot_manipulador_3 build --build-base /home/robotica/Taller_3/ros2_taller3/build/mi_robot_manipulador_3/build install --record /home/robotica/Taller_3/ros2_taller3/build/mi_robot_manipulador_3/install.log --single-version-externally-managed
