[3.416s] DEBUG:colcon:Command line arguments: ['/usr/bin/colcon', 'build']
[3.416s] DEBUG:colcon:Parsed command line arguments: Namespace(log_base=None, log_level=None, verb_name='build', build_base='build', install_base='install', merge_install=False, symlink_install=False, test_result_base=None, continue_on_error=False, executor='parallel', parallel_workers=4, event_handlers=None, ignore_user_meta=False, metas=['./colcon.meta'], base_paths=['.'], packages_ignore=None, packages_ignore_regex=None, paths=None, packages_up_to=None, packages_up_to_regex=None, packages_above=None, packages_above_and_dependencies=None, packages_above_depth=None, packages_select_by_dep=None, packages_skip_by_dep=None, packages_skip_up_to=None, packages_select_build_failed=False, packages_skip_build_finished=False, packages_select_test_failures=False, packages_skip_test_passed=False, packages_select=None, packages_skip=None, packages_select_regex=None, packages_skip_regex=None, packages_start=None, packages_end=None, allow_overriding=[], cmake_args=None, cmake_target=None, cmake_target_skip_unavailable=False, cmake_clean_cache=False, cmake_clean_first=False, cmake_force_configure=False, ament_cmake_args=None, catkin_cmake_args=None, catkin_skip_building_tests=False, verb_parser=<colcon_defaults.argument_parser.defaults.DefaultArgumentsDecorator object at 0xffffbb30c100>, verb_extension=<colcon_core.verb.build.BuildVerb object at 0xffffbbb912a0>, main=<bound method BuildVerb.main of <colcon_core.verb.build.BuildVerb object at 0xffffbbb912a0>>)
[3.715s] Level 1:colcon.colcon_core.package_discovery:discover_packages(colcon_meta) check parameters
[3.716s] Level 1:colcon.colcon_core.package_discovery:discover_packages(recursive) check parameters
[3.716s] Level 1:colcon.colcon_core.package_discovery:discover_packages(ignore) check parameters
[3.716s] Level 1:colcon.colcon_core.package_discovery:discover_packages(path) check parameters
[3.716s] Level 1:colcon.colcon_core.package_discovery:discover_packages(colcon_meta) discover
[3.716s] Level 1:colcon.colcon_core.package_discovery:discover_packages(recursive) discover
[3.717s] INFO:colcon.colcon_core.package_discovery:Crawling recursively for packages in '/home/robotica/Taller_3'
[3.717s] Level 1:colcon.colcon_core.package_identification:_identify(.) by extensions ['ignore', 'ignore_ament_install']
[3.718s] Level 1:colcon.colcon_core.package_identification:_identify(.) by extension 'ignore'
[3.718s] Level 1:colcon.colcon_core.package_identification:_identify(.) by extension 'ignore_ament_install'
[3.718s] Level 1:colcon.colcon_core.package_identification:_identify(.) by extensions ['colcon_pkg']
[3.719s] Level 1:colcon.colcon_core.package_identification:_identify(.) by extension 'colcon_pkg'
[3.719s] Level 1:colcon.colcon_core.package_identification:_identify(.) by extensions ['colcon_meta']
[3.719s] Level 1:colcon.colcon_core.package_identification:_identify(.) by extension 'colcon_meta'
[3.719s] Level 1:colcon.colcon_core.package_identification:_identify(.) by extensions ['ros']
[3.719s] Level 1:colcon.colcon_core.package_identification:_identify(.) by extension 'ros'
[3.822s] Level 1:colcon.colcon_core.package_identification:_identify(.) by extensions ['cmake', 'python']
[3.823s] Level 1:colcon.colcon_core.package_identification:_identify(.) by extension 'cmake'
[3.823s] Level 1:colcon.colcon_core.package_identification:_identify(.) by extension 'python'
[3.823s] Level 1:colcon.colcon_core.package_identification:_identify(.) by extensions ['python_setup_py']
[3.823s] Level 1:colcon.colcon_core.package_identification:_identify(.) by extension 'python_setup_py'
[3.824s] Level 1:colcon.colcon_core.package_identification:_identify(build) by extensions ['ignore', 'ignore_ament_install']
[3.824s] Level 1:colcon.colcon_core.package_identification:_identify(build) by extension 'ignore'
[3.825s] Level 1:colcon.colcon_core.package_identification:_identify(build) ignored
[3.825s] Level 1:colcon.colcon_core.package_identification:_identify(install) by extensions ['ignore', 'ignore_ament_install']
[3.826s] Level 1:colcon.colcon_core.package_identification:_identify(install) by extension 'ignore'
[3.826s] Level 1:colcon.colcon_core.package_identification:_identify(install) ignored
[3.827s] Level 1:colcon.colcon_core.package_identification:_identify(log) by extensions ['ignore', 'ignore_ament_install']
[3.827s] Level 1:colcon.colcon_core.package_identification:_identify(log) by extension 'ignore'
[3.827s] Level 1:colcon.colcon_core.package_identification:_identify(log) ignored
[3.828s] Level 1:colcon.colcon_core.package_identification:_identify(ros2_taller3) by extensions ['ignore', 'ignore_ament_install']
[3.828s] Level 1:colcon.colcon_core.package_identification:_identify(ros2_taller3) by extension 'ignore'
[3.828s] Level 1:colcon.colcon_core.package_identification:_identify(ros2_taller3) by extension 'ignore_ament_install'
[3.829s] Level 1:colcon.colcon_core.package_identification:_identify(ros2_taller3) by extensions ['colcon_pkg']
[3.829s] Level 1:colcon.colcon_core.package_identification:_identify(ros2_taller3) by extension 'colcon_pkg'
[3.829s] Level 1:colcon.colcon_core.package_identification:_identify(ros2_taller3) by extensions ['colcon_meta']
[3.829s] Level 1:colcon.colcon_core.package_identification:_identify(ros2_taller3) by extension 'colcon_meta'
[3.829s] Level 1:colcon.colcon_core.package_identification:_identify(ros2_taller3) by extensions ['ros']
[3.830s] Level 1:colcon.colcon_core.package_identification:_identify(ros2_taller3) by extension 'ros'
[3.830s] Level 1:colcon.colcon_core.package_identification:_identify(ros2_taller3) by extensions ['cmake', 'python']
[3.830s] Level 1:colcon.colcon_core.package_identification:_identify(ros2_taller3) by extension 'cmake'
[3.830s] Level 1:colcon.colcon_core.package_identification:_identify(ros2_taller3) by extension 'python'
[3.831s] Level 1:colcon.colcon_core.package_identification:_identify(ros2_taller3) by extensions ['python_setup_py']
[3.831s] Level 1:colcon.colcon_core.package_identification:_identify(ros2_taller3) by extension 'python_setup_py'
[3.831s] Level 1:colcon.colcon_core.package_identification:_identify(ros2_taller3/build) by extensions ['ignore', 'ignore_ament_install']
[3.832s] Level 1:colcon.colcon_core.package_identification:_identify(ros2_taller3/build) by extension 'ignore'
[3.832s] Level 1:colcon.colcon_core.package_identification:_identify(ros2_taller3/build) ignored
[3.832s] Level 1:colcon.colcon_core.package_identification:_identify(ros2_taller3/install) by extensions ['ignore', 'ignore_ament_install']
[3.833s] Level 1:colcon.colcon_core.package_identification:_identify(ros2_taller3/install) by extension 'ignore'
[3.833s] Level 1:colcon.colcon_core.package_identification:_identify(ros2_taller3/install) ignored
[3.836s] Level 1:colcon.colcon_core.package_identification:_identify(ros2_taller3/log) by extensions ['ignore', 'ignore_ament_install']
[3.836s] Level 1:colcon.colcon_core.package_identification:_identify(ros2_taller3/log) by extension 'ignore'
[3.837s] Level 1:colcon.colcon_core.package_identification:_identify(ros2_taller3/log) ignored
[3.837s] Level 1:colcon.colcon_core.package_identification:_identify(ros2_taller3/src) by extensions ['ignore', 'ignore_ament_install']
[3.838s] Level 1:colcon.colcon_core.package_identification:_identify(ros2_taller3/src) by extension 'ignore'
[3.838s] Level 1:colcon.colcon_core.package_identification:_identify(ros2_taller3/src) by extension 'ignore_ament_install'
[3.838s] Level 1:colcon.colcon_core.package_identification:_identify(ros2_taller3/src) by extensions ['colcon_pkg']
[3.838s] Level 1:colcon.colcon_core.package_identification:_identify(ros2_taller3/src) by extension 'colcon_pkg'
[3.839s] Level 1:colcon.colcon_core.package_identification:_identify(ros2_taller3/src) by extensions ['colcon_meta']
[3.839s] Level 1:colcon.colcon_core.package_identification:_identify(ros2_taller3/src) by extension 'colcon_meta'
[3.839s] Level 1:colcon.colcon_core.package_identification:_identify(ros2_taller3/src) by extensions ['ros']
[3.839s] Level 1:colcon.colcon_core.package_identification:_identify(ros2_taller3/src) by extension 'ros'
[3.840s] Level 1:colcon.colcon_core.package_identification:_identify(ros2_taller3/src) by extensions ['cmake', 'python']
[3.840s] Level 1:colcon.colcon_core.package_identification:_identify(ros2_taller3/src) by extension 'cmake'
[3.840s] Level 1:colcon.colcon_core.package_identification:_identify(ros2_taller3/src) by extension 'python'
[3.840s] Level 1:colcon.colcon_core.package_identification:_identify(ros2_taller3/src) by extensions ['python_setup_py']
[3.840s] Level 1:colcon.colcon_core.package_identification:_identify(ros2_taller3/src) by extension 'python_setup_py'
[3.841s] Level 1:colcon.colcon_core.package_identification:_identify(ros2_taller3/src/manipulador_odometria) by extensions ['ignore', 'ignore_ament_install']
[3.841s] Level 1:colcon.colcon_core.package_identification:_identify(ros2_taller3/src/manipulador_odometria) by extension 'ignore'
[3.842s] Level 1:colcon.colcon_core.package_identification:_identify(ros2_taller3/src/manipulador_odometria) by extension 'ignore_ament_install'
[3.842s] Level 1:colcon.colcon_core.package_identification:_identify(ros2_taller3/src/manipulador_odometria) by extensions ['colcon_pkg']
[3.842s] Level 1:colcon.colcon_core.package_identification:_identify(ros2_taller3/src/manipulador_odometria) by extension 'colcon_pkg'
[3.842s] Level 1:colcon.colcon_core.package_identification:_identify(ros2_taller3/src/manipulador_odometria) by extensions ['colcon_meta']
[3.842s] Level 1:colcon.colcon_core.package_identification:_identify(ros2_taller3/src/manipulador_odometria) by extension 'colcon_meta'
[3.843s] Level 1:colcon.colcon_core.package_identification:_identify(ros2_taller3/src/manipulador_odometria) by extensions ['ros']
[3.843s] Level 1:colcon.colcon_core.package_identification:_identify(ros2_taller3/src/manipulador_odometria) by extension 'ros'
[3.843s] Level 1:colcon.colcon_core.package_identification:_identify(ros2_taller3/src/manipulador_odometria) by extensions ['cmake', 'python']
[3.843s] Level 1:colcon.colcon_core.package_identification:_identify(ros2_taller3/src/manipulador_odometria) by extension 'cmake'
[3.844s] Level 1:colcon.colcon_core.package_identification:_identify(ros2_taller3/src/manipulador_odometria) by extension 'python'
[3.844s] Level 1:colcon.colcon_core.package_identification:_identify(ros2_taller3/src/manipulador_odometria) by extensions ['python_setup_py']
[3.844s] Level 1:colcon.colcon_core.package_identification:_identify(ros2_taller3/src/manipulador_odometria) by extension 'python_setup_py'
[3.845s] Level 1:colcon.colcon_core.package_identification:_identify(ros2_taller3/src/manipularoreal.ino) by extensions ['ignore', 'ignore_ament_install']
[3.845s] Level 1:colcon.colcon_core.package_identification:_identify(ros2_taller3/src/manipularoreal.ino) by extension 'ignore'
[3.845s] Level 1:colcon.colcon_core.package_identification:_identify(ros2_taller3/src/manipularoreal.ino) by extension 'ignore_ament_install'
[3.846s] Level 1:colcon.colcon_core.package_identification:_identify(ros2_taller3/src/manipularoreal.ino) by extensions ['colcon_pkg']
[3.846s] Level 1:colcon.colcon_core.package_identification:_identify(ros2_taller3/src/manipularoreal.ino) by extension 'colcon_pkg'
[3.846s] Level 1:colcon.colcon_core.package_identification:_identify(ros2_taller3/src/manipularoreal.ino) by extensions ['colcon_meta']
[3.847s] Level 1:colcon.colcon_core.package_identification:_identify(ros2_taller3/src/manipularoreal.ino) by extension 'colcon_meta'
[3.847s] Level 1:colcon.colcon_core.package_identification:_identify(ros2_taller3/src/manipularoreal.ino) by extensions ['ros']
[3.847s] Level 1:colcon.colcon_core.package_identification:_identify(ros2_taller3/src/manipularoreal.ino) by extension 'ros'
[3.848s] Level 1:colcon.colcon_core.package_identification:_identify(ros2_taller3/src/manipularoreal.ino) by extensions ['cmake', 'python']
[3.848s] Level 1:colcon.colcon_core.package_identification:_identify(ros2_taller3/src/manipularoreal.ino) by extension 'cmake'
[3.848s] Level 1:colcon.colcon_core.package_identification:_identify(ros2_taller3/src/manipularoreal.ino) by extension 'python'
[3.849s] Level 1:colcon.colcon_core.package_identification:_identify(ros2_taller3/src/manipularoreal.ino) by extensions ['python_setup_py']
[3.849s] Level 1:colcon.colcon_core.package_identification:_identify(ros2_taller3/src/manipularoreal.ino) by extension 'python_setup_py'
[3.850s] Level 1:colcon.colcon_core.package_identification:_identify(ros2_taller3/src/manipularoreal.ino/manipularoreal) by extensions ['ignore', 'ignore_ament_install']
[3.850s] Level 1:colcon.colcon_core.package_identification:_identify(ros2_taller3/src/manipularoreal.ino/manipularoreal) by extension 'ignore'
[3.850s] Level 1:colcon.colcon_core.package_identification:_identify(ros2_taller3/src/manipularoreal.ino/manipularoreal) by extension 'ignore_ament_install'
[3.851s] Level 1:colcon.colcon_core.package_identification:_identify(ros2_taller3/src/manipularoreal.ino/manipularoreal) by extensions ['colcon_pkg']
[3.851s] Level 1:colcon.colcon_core.package_identification:_identify(ros2_taller3/src/manipularoreal.ino/manipularoreal) by extension 'colcon_pkg'
[3.851s] Level 1:colcon.colcon_core.package_identification:_identify(ros2_taller3/src/manipularoreal.ino/manipularoreal) by extensions ['colcon_meta']
[3.851s] Level 1:colcon.colcon_core.package_identification:_identify(ros2_taller3/src/manipularoreal.ino/manipularoreal) by extension 'colcon_meta'
[3.852s] Level 1:colcon.colcon_core.package_identification:_identify(ros2_taller3/src/manipularoreal.ino/manipularoreal) by extensions ['ros']
[3.852s] Level 1:colcon.colcon_core.package_identification:_identify(ros2_taller3/src/manipularoreal.ino/manipularoreal) by extension 'ros'
[3.852s] Level 1:colcon.colcon_core.package_identification:_identify(ros2_taller3/src/manipularoreal.ino/manipularoreal) by extensions ['cmake', 'python']
[3.852s] Level 1:colcon.colcon_core.package_identification:_identify(ros2_taller3/src/manipularoreal.ino/manipularoreal) by extension 'cmake'
[3.853s] Level 1:colcon.colcon_core.package_identification:_identify(ros2_taller3/src/manipularoreal.ino/manipularoreal) by extension 'python'
[3.853s] Level 1:colcon.colcon_core.package_identification:_identify(ros2_taller3/src/manipularoreal.ino/manipularoreal) by extensions ['python_setup_py']
[3.853s] Level 1:colcon.colcon_core.package_identification:_identify(ros2_taller3/src/manipularoreal.ino/manipularoreal) by extension 'python_setup_py'
[3.854s] Level 1:colcon.colcon_core.package_identification:_identify(ros2_taller3/src/mi_robot_manipulador_3) by extensions ['ignore', 'ignore_ament_install']
[3.854s] Level 1:colcon.colcon_core.package_identification:_identify(ros2_taller3/src/mi_robot_manipulador_3) by extension 'ignore'
[3.854s] Level 1:colcon.colcon_core.package_identification:_identify(ros2_taller3/src/mi_robot_manipulador_3) by extension 'ignore_ament_install'
[3.855s] Level 1:colcon.colcon_core.package_identification:_identify(ros2_taller3/src/mi_robot_manipulador_3) by extensions ['colcon_pkg']
[3.855s] Level 1:colcon.colcon_core.package_identification:_identify(ros2_taller3/src/mi_robot_manipulador_3) by extension 'colcon_pkg'
[3.855s] Level 1:colcon.colcon_core.package_identification:_identify(ros2_taller3/src/mi_robot_manipulador_3) by extensions ['colcon_meta']
[3.855s] Level 1:colcon.colcon_core.package_identification:_identify(ros2_taller3/src/mi_robot_manipulador_3) by extension 'colcon_meta'
[3.855s] Level 1:colcon.colcon_core.package_identification:_identify(ros2_taller3/src/mi_robot_manipulador_3) by extensions ['ros']
[3.855s] Level 1:colcon.colcon_core.package_identification:_identify(ros2_taller3/src/mi_robot_manipulador_3) by extension 'ros'
[3.869s] DEBUG:colcon.colcon_core.package_identification:Package 'ros2_taller3/src/mi_robot_manipulador_3' with type 'ros.ament_python' and name 'mi_robot_manipulador_3'
[3.869s] Level 1:colcon.colcon_core.package_discovery:discover_packages(recursive) using defaults
[3.870s] Level 1:colcon.colcon_core.package_discovery:discover_packages(ignore) discover
[3.870s] Level 1:colcon.colcon_core.package_discovery:discover_packages(ignore) using defaults
[3.870s] Level 1:colcon.colcon_core.package_discovery:discover_packages(path) discover
[3.870s] Level 1:colcon.colcon_core.package_discovery:discover_packages(path) using defaults
[4.075s] Level 1:colcon.colcon_core.package_discovery:discover_packages(prefix_path) check parameters
[4.075s] Level 1:colcon.colcon_core.package_discovery:discover_packages(prefix_path) discover
[4.099s] DEBUG:colcon.colcon_installed_package_information.package_discovery:Found 1 installed packages in /home/robotica/Taller_3/install
[4.104s] DEBUG:colcon.colcon_installed_package_information.package_discovery:Found 1 installed packages in /home/robotica/Taller_3/ros2_taller3/install
[4.123s] DEBUG:colcon.colcon_installed_package_information.package_discovery:Found 270 installed packages in /opt/ros/humble
[4.131s] Level 1:colcon.colcon_core.package_discovery:discover_packages(prefix_path) using defaults
[4.676s] Level 5:colcon.colcon_core.verb:set package 'mi_robot_manipulador_3' build argument 'cmake_args' from command line to 'None'
[4.677s] Level 5:colcon.colcon_core.verb:set package 'mi_robot_manipulador_3' build argument 'cmake_target' from command line to 'None'
[4.677s] Level 5:colcon.colcon_core.verb:set package 'mi_robot_manipulador_3' build argument 'cmake_target_skip_unavailable' from command line to 'False'
[4.677s] Level 5:colcon.colcon_core.verb:set package 'mi_robot_manipulador_3' build argument 'cmake_clean_cache' from command line to 'False'
[4.677s] Level 5:colcon.colcon_core.verb:set package 'mi_robot_manipulador_3' build argument 'cmake_clean_first' from command line to 'False'
[4.677s] Level 5:colcon.colcon_core.verb:set package 'mi_robot_manipulador_3' build argument 'cmake_force_configure' from command line to 'False'
[4.677s] Level 5:colcon.colcon_core.verb:set package 'mi_robot_manipulador_3' build argument 'ament_cmake_args' from command line to 'None'
[4.677s] Level 5:colcon.colcon_core.verb:set package 'mi_robot_manipulador_3' build argument 'catkin_cmake_args' from command line to 'None'
[4.678s] Level 5:colcon.colcon_core.verb:set package 'mi_robot_manipulador_3' build argument 'catkin_skip_building_tests' from command line to 'False'
[4.678s] DEBUG:colcon.colcon_core.verb:Building package 'mi_robot_manipulador_3' with the following arguments: {'ament_cmake_args': None, 'build_base': '/home/robotica/Taller_3/build/mi_robot_manipulador_3', 'catkin_cmake_args': None, 'catkin_skip_building_tests': False, 'cmake_args': None, 'cmake_clean_cache': False, 'cmake_clean_first': False, 'cmake_force_configure': False, 'cmake_target': None, 'cmake_target_skip_unavailable': False, 'install_base': '/home/robotica/Taller_3/install/mi_robot_manipulador_3', 'merge_install': False, 'path': '/home/robotica/Taller_3/ros2_taller3/src/mi_robot_manipulador_3', 'symlink_install': False, 'test_result_base': None}
[4.681s] INFO:colcon.colcon_core.executor:Executing jobs using 'parallel' executor
[4.695s] DEBUG:colcon.colcon_parallel_executor.executor.parallel:run_until_complete
[4.696s] INFO:colcon.colcon_ros.task.ament_python.build:Building ROS package in '/home/robotica/Taller_3/ros2_taller3/src/mi_robot_manipulador_3' with build type 'ament_python'
[4.697s] Level 1:colcon.colcon_core.shell:create_environment_hook('mi_robot_manipulador_3', 'ament_prefix_path')
[4.736s] INFO:colcon.colcon_core.plugin_system:Skipping extension 'colcon_core.shell.bat': Not used on non-Windows systems
[4.737s] INFO:colcon.colcon_core.shell:Creating environment hook '/home/robotica/Taller_3/install/mi_robot_manipulador_3/share/mi_robot_manipulador_3/hook/ament_prefix_path.ps1'
[4.742s] INFO:colcon.colcon_core.shell:Creating environment descriptor '/home/robotica/Taller_3/install/mi_robot_manipulador_3/share/mi_robot_manipulador_3/hook/ament_prefix_path.dsv'
[4.746s] INFO:colcon.colcon_core.shell:Creating environment hook '/home/robotica/Taller_3/install/mi_robot_manipulador_3/share/mi_robot_manipulador_3/hook/ament_prefix_path.sh'
[4.757s] INFO:colcon.colcon_core.shell:Skip shell extension 'powershell' for command environment: Not usable outside of PowerShell
[4.757s] DEBUG:colcon.colcon_core.shell:Skip shell extension 'dsv' for command environment
[6.174s] INFO:colcon.colcon_core.task.python.build:Building Python package in '/home/robotica/Taller_3/ros2_taller3/src/mi_robot_manipulador_3'
[6.180s] INFO:colcon.colcon_core.shell:Skip shell extension 'powershell' for command environment: Not usable outside of PowerShell
[6.181s] DEBUG:colcon.colcon_core.shell:Skip shell extension 'dsv' for command environment
[8.124s] DEBUG:colcon.colcon_core.event_handler.log_command:Invoking command in '/home/robotica/Taller_3/ros2_taller3/src/mi_robot_manipulador_3': PYTHONPATH=/home/robotica/Taller_3/build/mi_robot_manipulador_3/prefix_override:/home/robotica/Taller_3/install/mi_robot_manipulador_3/lib/python3.10/site-packages:${PYTHONPATH} /usr/bin/python3 setup.py egg_info --egg-base ../../../build/mi_robot_manipulador_3 build --build-base /home/robotica/Taller_3/build/mi_robot_manipulador_3/build install --record /home/robotica/Taller_3/build/mi_robot_manipulador_3/install.log --single-version-externally-managed
[9.687s] DEBUG:colcon.colcon_core.event_handler.log_command:Invoked command in '/home/robotica/Taller_3/ros2_taller3/src/mi_robot_manipulador_3' returned '0': PYTHONPATH=/home/robotica/Taller_3/build/mi_robot_manipulador_3/prefix_override:/home/robotica/Taller_3/install/mi_robot_manipulador_3/lib/python3.10/site-packages:${PYTHONPATH} /usr/bin/python3 setup.py egg_info --egg-base ../../../build/mi_robot_manipulador_3 build --build-base /home/robotica/Taller_3/build/mi_robot_manipulador_3/build install --record /home/robotica/Taller_3/build/mi_robot_manipulador_3/install.log --single-version-externally-managed
[9.729s] Level 1:colcon.colcon_core.environment:checking '/home/robotica/Taller_3/install/mi_robot_manipulador_3' for CMake module files
[9.733s] Level 1:colcon.colcon_core.environment:checking '/home/robotica/Taller_3/install/mi_robot_manipulador_3' for CMake config files
[9.739s] Level 1:colcon.colcon_core.environment:checking '/home/robotica/Taller_3/install/mi_robot_manipulador_3/lib'
[9.740s] Level 1:colcon.colcon_core.environment:checking '/home/robotica/Taller_3/install/mi_robot_manipulador_3/bin'
[9.741s] Level 1:colcon.colcon_core.environment:checking '/home/robotica/Taller_3/install/mi_robot_manipulador_3/lib/pkgconfig/mi_robot_manipulador_3.pc'
[9.742s] Level 1:colcon.colcon_core.environment:checking '/home/robotica/Taller_3/install/mi_robot_manipulador_3/lib/python3.10/site-packages'
[9.742s] Level 1:colcon.colcon_core.shell:create_environment_hook('mi_robot_manipulador_3', 'pythonpath')
[9.748s] INFO:colcon.colcon_core.shell:Creating environment hook '/home/robotica/Taller_3/install/mi_robot_manipulador_3/share/mi_robot_manipulador_3/hook/pythonpath.ps1'
[9.751s] INFO:colcon.colcon_core.shell:Creating environment descriptor '/home/robotica/Taller_3/install/mi_robot_manipulador_3/share/mi_robot_manipulador_3/hook/pythonpath.dsv'
[9.752s] INFO:colcon.colcon_core.shell:Creating environment hook '/home/robotica/Taller_3/install/mi_robot_manipulador_3/share/mi_robot_manipulador_3/hook/pythonpath.sh'
[9.755s] Level 1:colcon.colcon_core.environment:checking '/home/robotica/Taller_3/install/mi_robot_manipulador_3/bin'
[9.756s] Level 1:colcon.colcon_core.environment:create_environment_scripts_only(mi_robot_manipulador_3)
[9.762s] INFO:colcon.colcon_core.shell:Creating package script '/home/robotica/Taller_3/install/mi_robot_manipulador_3/share/mi_robot_manipulador_3/package.ps1'
[9.768s] INFO:colcon.colcon_core.shell:Creating package descriptor '/home/robotica/Taller_3/install/mi_robot_manipulador_3/share/mi_robot_manipulador_3/package.dsv'
[9.772s] INFO:colcon.colcon_core.shell:Creating package script '/home/robotica/Taller_3/install/mi_robot_manipulador_3/share/mi_robot_manipulador_3/package.sh'
[9.777s] INFO:colcon.colcon_core.shell:Creating package script '/home/robotica/Taller_3/install/mi_robot_manipulador_3/share/mi_robot_manipulador_3/package.bash'
[9.783s] INFO:colcon.colcon_core.shell:Creating package script '/home/robotica/Taller_3/install/mi_robot_manipulador_3/share/mi_robot_manipulador_3/package.zsh'
[9.789s] Level 1:colcon.colcon_core.environment:create_file_with_runtime_dependencies(/home/robotica/Taller_3/install/mi_robot_manipulador_3/share/colcon-core/packages/mi_robot_manipulador_3)
[9.791s] DEBUG:colcon.colcon_parallel_executor.executor.parallel:closing loop
[9.792s] DEBUG:colcon.colcon_parallel_executor.executor.parallel:loop closed
[9.793s] DEBUG:colcon.colcon_parallel_executor.executor.parallel:run_until_complete finished with '0'
[9.793s] DEBUG:colcon.colcon_core.event_reactor:joining thread
[9.862s] INFO:colcon.colcon_core.plugin_system:Skipping extension 'colcon_notification.desktop_notification.terminal_notifier': Not used on non-Darwin systems
[9.863s] INFO:colcon.colcon_core.plugin_system:Skipping extension 'colcon_notification.desktop_notification.win32': Not used on non-Windows systems
[9.863s] INFO:colcon.colcon_notification.desktop_notification:Sending desktop notification using 'notify2'
[10.243s] DEBUG:colcon.colcon_core.event_reactor:joined thread
[10.254s] INFO:colcon.colcon_core.shell:Creating prefix script '/home/robotica/Taller_3/install/local_setup.ps1'
[10.260s] INFO:colcon.colcon_core.shell:Creating prefix util module '/home/robotica/Taller_3/install/_local_setup_util_ps1.py'
[10.272s] INFO:colcon.colcon_core.shell:Creating prefix chain script '/home/robotica/Taller_3/install/setup.ps1'
[10.282s] INFO:colcon.colcon_core.shell:Creating prefix script '/home/robotica/Taller_3/install/local_setup.sh'
[10.289s] INFO:colcon.colcon_core.shell:Creating prefix util module '/home/robotica/Taller_3/install/_local_setup_util_sh.py'
[10.292s] INFO:colcon.colcon_core.shell:Creating prefix chain script '/home/robotica/Taller_3/install/setup.sh'
[10.306s] INFO:colcon.colcon_core.shell:Creating prefix script '/home/robotica/Taller_3/install/local_setup.bash'
[10.315s] INFO:colcon.colcon_core.shell:Creating prefix chain script '/home/robotica/Taller_3/install/setup.bash'
[10.328s] INFO:colcon.colcon_core.shell:Creating prefix script '/home/robotica/Taller_3/install/local_setup.zsh'
[10.335s] INFO:colcon.colcon_core.shell:Creating prefix chain script '/home/robotica/Taller_3/install/setup.zsh'
