[1.963s] DEBUG:colcon:Command line arguments: ['/usr/bin/colcon', 'build']
[1.964s] DEBUG:colcon:Parsed command line arguments: Namespace(log_base=None, log_level=None, verb_name='build', build_base='build', install_base='install', merge_install=False, symlink_install=False, test_result_base=None, continue_on_error=False, executor='parallel', parallel_workers=4, event_handlers=None, ignore_user_meta=False, metas=['./colcon.meta'], base_paths=['.'], packages_ignore=None, packages_ignore_regex=None, paths=None, packages_up_to=None, packages_up_to_regex=None, packages_above=None, packages_above_and_dependencies=None, packages_above_depth=None, packages_select_by_dep=None, packages_skip_by_dep=None, packages_skip_up_to=None, packages_select_build_failed=False, packages_skip_build_finished=False, packages_select_test_failures=False, packages_skip_test_passed=False, packages_select=None, packages_skip=None, packages_select_regex=None, packages_skip_regex=None, packages_start=None, packages_end=None, allow_overriding=[], cmake_args=None, cmake_target=None, cmake_target_skip_unavailable=False, cmake_clean_cache=False, cmake_clean_first=False, cmake_force_configure=False, ament_cmake_args=None, catkin_cmake_args=None, catkin_skip_building_tests=False, verb_parser=<colcon_defaults.argument_parser.defaults.DefaultArgumentsDecorator object at 0xffffb4d3bfd0>, verb_extension=<colcon_core.verb.build.BuildVerb object at 0xffffb560d450>, main=<bound method BuildVerb.main of <colcon_core.verb.build.BuildVerb object at 0xffffb560d450>>)
[2.132s] Level 1:colcon.colcon_core.package_discovery:discover_packages(colcon_meta) check parameters
[2.133s] Level 1:colcon.colcon_core.package_discovery:discover_packages(recursive) check parameters
[2.133s] Level 1:colcon.colcon_core.package_discovery:discover_packages(ignore) check parameters
[2.133s] Level 1:colcon.colcon_core.package_discovery:discover_packages(path) check parameters
[2.133s] Level 1:colcon.colcon_core.package_discovery:discover_packages(colcon_meta) discover
[2.134s] Level 1:colcon.colcon_core.package_discovery:discover_packages(recursive) discover
[2.134s] INFO:colcon.colcon_core.package_discovery:Crawling recursively for packages in '/home/robotica/Taller_3/ros2_taller3'
[2.134s] Level 1:colcon.colcon_core.package_identification:_identify(.) by extensions ['ignore', 'ignore_ament_install']
[2.135s] Level 1:colcon.colcon_core.package_identification:_identify(.) by extension 'ignore'
[2.135s] Level 1:colcon.colcon_core.package_identification:_identify(.) by extension 'ignore_ament_install'
[2.136s] Level 1:colcon.colcon_core.package_identification:_identify(.) by extensions ['colcon_pkg']
[2.136s] Level 1:colcon.colcon_core.package_identification:_identify(.) by extension 'colcon_pkg'
[2.137s] Level 1:colcon.colcon_core.package_identification:_identify(.) by extensions ['colcon_meta']
[2.137s] Level 1:colcon.colcon_core.package_identification:_identify(.) by extension 'colcon_meta'
[2.137s] Level 1:colcon.colcon_core.package_identification:_identify(.) by extensions ['ros']
[2.137s] Level 1:colcon.colcon_core.package_identification:_identify(.) by extension 'ros'
[2.196s] Level 1:colcon.colcon_core.package_identification:_identify(.) by extensions ['cmake', 'python']
[2.196s] Level 1:colcon.colcon_core.package_identification:_identify(.) by extension 'cmake'
[2.197s] Level 1:colcon.colcon_core.package_identification:_identify(.) by extension 'python'
[2.197s] Level 1:colcon.colcon_core.package_identification:_identify(.) by extensions ['python_setup_py']
[2.197s] Level 1:colcon.colcon_core.package_identification:_identify(.) by extension 'python_setup_py'
[2.198s] Level 1:colcon.colcon_core.package_identification:_identify(build) by extensions ['ignore', 'ignore_ament_install']
[2.198s] Level 1:colcon.colcon_core.package_identification:_identify(build) by extension 'ignore'
[2.199s] Level 1:colcon.colcon_core.package_identification:_identify(build) ignored
[2.199s] Level 1:colcon.colcon_core.package_identification:_identify(install) by extensions ['ignore', 'ignore_ament_install']
[2.200s] Level 1:colcon.colcon_core.package_identification:_identify(install) by extension 'ignore'
[2.200s] Level 1:colcon.colcon_core.package_identification:_identify(install) ignored
[2.203s] Level 1:colcon.colcon_core.package_identification:_identify(log) by extensions ['ignore', 'ignore_ament_install']
[2.203s] Level 1:colcon.colcon_core.package_identification:_identify(log) by extension 'ignore'
[2.204s] Level 1:colcon.colcon_core.package_identification:_identify(log) ignored
[2.204s] Level 1:colcon.colcon_core.package_identification:_identify(src) by extensions ['ignore', 'ignore_ament_install']
[2.205s] Level 1:colcon.colcon_core.package_identification:_identify(src) by extension 'ignore'
[2.205s] Level 1:colcon.colcon_core.package_identification:_identify(src) by extension 'ignore_ament_install'
[2.205s] Level 1:colcon.colcon_core.package_identification:_identify(src) by extensions ['colcon_pkg']
[2.206s] Level 1:colcon.colcon_core.package_identification:_identify(src) by extension 'colcon_pkg'
[2.206s] Level 1:colcon.colcon_core.package_identification:_identify(src) by extensions ['colcon_meta']
[2.206s] Level 1:colcon.colcon_core.package_identification:_identify(src) by extension 'colcon_meta'
[2.207s] Level 1:colcon.colcon_core.package_identification:_identify(src) by extensions ['ros']
[2.207s] Level 1:colcon.colcon_core.package_identification:_identify(src) by extension 'ros'
[2.208s] Level 1:colcon.colcon_core.package_identification:_identify(src) by extensions ['cmake', 'python']
[2.209s] Level 1:colcon.colcon_core.package_identification:_identify(src) by extension 'cmake'
[2.209s] Level 1:colcon.colcon_core.package_identification:_identify(src) by extension 'python'
[2.210s] Level 1:colcon.colcon_core.package_identification:_identify(src) by extensions ['python_setup_py']
[2.210s] Level 1:colcon.colcon_core.package_identification:_identify(src) by extension 'python_setup_py'
[2.211s] Level 1:colcon.colcon_core.package_identification:_identify(src/manipulador_odometria) by extensions ['ignore', 'ignore_ament_install']
[2.211s] Level 1:colcon.colcon_core.package_identification:_identify(src/manipulador_odometria) by extension 'ignore'
[2.212s] Level 1:colcon.colcon_core.package_identification:_identify(src/manipulador_odometria) by extension 'ignore_ament_install'
[2.212s] Level 1:colcon.colcon_core.package_identification:_identify(src/manipulador_odometria) by extensions ['colcon_pkg']
[2.212s] Level 1:colcon.colcon_core.package_identification:_identify(src/manipulador_odometria) by extension 'colcon_pkg'
[2.212s] Level 1:colcon.colcon_core.package_identification:_identify(src/manipulador_odometria) by extensions ['colcon_meta']
[2.213s] Level 1:colcon.colcon_core.package_identification:_identify(src/manipulador_odometria) by extension 'colcon_meta'
[2.213s] Level 1:colcon.colcon_core.package_identification:_identify(src/manipulador_odometria) by extensions ['ros']
[2.213s] Level 1:colcon.colcon_core.package_identification:_identify(src/manipulador_odometria) by extension 'ros'
[2.214s] Level 1:colcon.colcon_core.package_identification:_identify(src/manipulador_odometria) by extensions ['cmake', 'python']
[2.214s] Level 1:colcon.colcon_core.package_identification:_identify(src/manipulador_odometria) by extension 'cmake'
[2.214s] Level 1:colcon.colcon_core.package_identification:_identify(src/manipulador_odometria) by extension 'python'
[2.214s] Level 1:colcon.colcon_core.package_identification:_identify(src/manipulador_odometria) by extensions ['python_setup_py']
[2.215s] Level 1:colcon.colcon_core.package_identification:_identify(src/manipulador_odometria) by extension 'python_setup_py'
[2.215s] Level 1:colcon.colcon_core.package_identification:_identify(src/manipularoreal.ino) by extensions ['ignore', 'ignore_ament_install']
[2.216s] Level 1:colcon.colcon_core.package_identification:_identify(src/manipularoreal.ino) by extension 'ignore'
[2.216s] Level 1:colcon.colcon_core.package_identification:_identify(src/manipularoreal.ino) by extension 'ignore_ament_install'
[2.217s] Level 1:colcon.colcon_core.package_identification:_identify(src/manipularoreal.ino) by extensions ['colcon_pkg']
[2.217s] Level 1:colcon.colcon_core.package_identification:_identify(src/manipularoreal.ino) by extension 'colcon_pkg'
[2.217s] Level 1:colcon.colcon_core.package_identification:_identify(src/manipularoreal.ino) by extensions ['colcon_meta']
[2.218s] Level 1:colcon.colcon_core.package_identification:_identify(src/manipularoreal.ino) by extension 'colcon_meta'
[2.218s] Level 1:colcon.colcon_core.package_identification:_identify(src/manipularoreal.ino) by extensions ['ros']
[2.218s] Level 1:colcon.colcon_core.package_identification:_identify(src/manipularoreal.ino) by extension 'ros'
[2.219s] Level 1:colcon.colcon_core.package_identification:_identify(src/manipularoreal.ino) by extensions ['cmake', 'python']
[2.219s] Level 1:colcon.colcon_core.package_identification:_identify(src/manipularoreal.ino) by extension 'cmake'
[2.220s] Level 1:colcon.colcon_core.package_identification:_identify(src/manipularoreal.ino) by extension 'python'
[2.220s] Level 1:colcon.colcon_core.package_identification:_identify(src/manipularoreal.ino) by extensions ['python_setup_py']
[2.220s] Level 1:colcon.colcon_core.package_identification:_identify(src/manipularoreal.ino) by extension 'python_setup_py'
[2.221s] Level 1:colcon.colcon_core.package_identification:_identify(src/manipularoreal.ino/manipularoreal) by extensions ['ignore', 'ignore_ament_install']
[2.221s] Level 1:colcon.colcon_core.package_identification:_identify(src/manipularoreal.ino/manipularoreal) by extension 'ignore'
[2.222s] Level 1:colcon.colcon_core.package_identification:_identify(src/manipularoreal.ino/manipularoreal) by extension 'ignore_ament_install'
[2.222s] Level 1:colcon.colcon_core.package_identification:_identify(src/manipularoreal.ino/manipularoreal) by extensions ['colcon_pkg']
[2.222s] Level 1:colcon.colcon_core.package_identification:_identify(src/manipularoreal.ino/manipularoreal) by extension 'colcon_pkg'
[2.223s] Level 1:colcon.colcon_core.package_identification:_identify(src/manipularoreal.ino/manipularoreal) by extensions ['colcon_meta']
[2.223s] Level 1:colcon.colcon_core.package_identification:_identify(src/manipularoreal.ino/manipularoreal) by extension 'colcon_meta'
[2.224s] Level 1:colcon.colcon_core.package_identification:_identify(src/manipularoreal.ino/manipularoreal) by extensions ['ros']
[2.224s] Level 1:colcon.colcon_core.package_identification:_identify(src/manipularoreal.ino/manipularoreal) by extension 'ros'
[2.224s] Level 1:colcon.colcon_core.package_identification:_identify(src/manipularoreal.ino/manipularoreal) by extensions ['cmake', 'python']
[2.225s] Level 1:colcon.colcon_core.package_identification:_identify(src/manipularoreal.ino/manipularoreal) by extension 'cmake'
[2.225s] Level 1:colcon.colcon_core.package_identification:_identify(src/manipularoreal.ino/manipularoreal) by extension 'python'
[2.225s] Level 1:colcon.colcon_core.package_identification:_identify(src/manipularoreal.ino/manipularoreal) by extensions ['python_setup_py']
[2.225s] Level 1:colcon.colcon_core.package_identification:_identify(src/manipularoreal.ino/manipularoreal) by extension 'python_setup_py'
[2.226s] Level 1:colcon.colcon_core.package_identification:_identify(src/mi_robot_manipulador_3) by extensions ['ignore', 'ignore_ament_install']
[2.227s] Level 1:colcon.colcon_core.package_identification:_identify(src/mi_robot_manipulador_3) by extension 'ignore'
[2.227s] Level 1:colcon.colcon_core.package_identification:_identify(src/mi_robot_manipulador_3) by extension 'ignore_ament_install'
[2.228s] Level 1:colcon.colcon_core.package_identification:_identify(src/mi_robot_manipulador_3) by extensions ['colcon_pkg']
[2.228s] Level 1:colcon.colcon_core.package_identification:_identify(src/mi_robot_manipulador_3) by extension 'colcon_pkg'
[2.229s] Level 1:colcon.colcon_core.package_identification:_identify(src/mi_robot_manipulador_3) by extensions ['colcon_meta']
[2.229s] Level 1:colcon.colcon_core.package_identification:_identify(src/mi_robot_manipulador_3) by extension 'colcon_meta'
[2.229s] Level 1:colcon.colcon_core.package_identification:_identify(src/mi_robot_manipulador_3) by extensions ['ros']
[2.230s] Level 1:colcon.colcon_core.package_identification:_identify(src/mi_robot_manipulador_3) by extension 'ros'
[2.241s] DEBUG:colcon.colcon_core.package_identification:Package 'src/mi_robot_manipulador_3' with type 'ros.ament_python' and name 'mi_robot_manipulador_3'
[2.241s] Level 1:colcon.colcon_core.package_discovery:discover_packages(recursive) using defaults
[2.241s] Level 1:colcon.colcon_core.package_discovery:discover_packages(ignore) discover
[2.242s] Level 1:colcon.colcon_core.package_discovery:discover_packages(ignore) using defaults
[2.242s] Level 1:colcon.colcon_core.package_discovery:discover_packages(path) discover
[2.242s] Level 1:colcon.colcon_core.package_discovery:discover_packages(path) using defaults
[2.360s] Level 1:colcon.colcon_core.package_discovery:discover_packages(prefix_path) check parameters
[2.361s] Level 1:colcon.colcon_core.package_discovery:discover_packages(prefix_path) discover
[2.375s] DEBUG:colcon.colcon_installed_package_information.package_discovery:Found 1 installed packages in /home/robotica/Taller_3/ros2_taller3/install
[2.389s] DEBUG:colcon.colcon_installed_package_information.package_discovery:Found 270 installed packages in /opt/ros/humble
[2.397s] Level 1:colcon.colcon_core.package_discovery:discover_packages(prefix_path) using defaults
[2.820s] Level 5:colcon.colcon_core.verb:set package 'mi_robot_manipulador_3' build argument 'cmake_args' from command line to 'None'
[2.820s] Level 5:colcon.colcon_core.verb:set package 'mi_robot_manipulador_3' build argument 'cmake_target' from command line to 'None'
[2.820s] Level 5:colcon.colcon_core.verb:set package 'mi_robot_manipulador_3' build argument 'cmake_target_skip_unavailable' from command line to 'False'
[2.820s] Level 5:colcon.colcon_core.verb:set package 'mi_robot_manipulador_3' build argument 'cmake_clean_cache' from command line to 'False'
[2.821s] Level 5:colcon.colcon_core.verb:set package 'mi_robot_manipulador_3' build argument 'cmake_clean_first' from command line to 'False'
[2.821s] Level 5:colcon.colcon_core.verb:set package 'mi_robot_manipulador_3' build argument 'cmake_force_configure' from command line to 'False'
[2.821s] Level 5:colcon.colcon_core.verb:set package 'mi_robot_manipulador_3' build argument 'ament_cmake_args' from command line to 'None'
[2.821s] Level 5:colcon.colcon_core.verb:set package 'mi_robot_manipulador_3' build argument 'catkin_cmake_args' from command line to 'None'
[2.821s] Level 5:colcon.colcon_core.verb:set package 'mi_robot_manipulador_3' build argument 'catkin_skip_building_tests' from command line to 'False'
[2.821s] DEBUG:colcon.colcon_core.verb:Building package 'mi_robot_manipulador_3' with the following arguments: {'ament_cmake_args': None, 'build_base': '/home/robotica/Taller_3/ros2_taller3/build/mi_robot_manipulador_3', 'catkin_cmake_args': None, 'catkin_skip_building_tests': False, 'cmake_args': None, 'cmake_clean_cache': False, 'cmake_clean_first': False, 'cmake_force_configure': False, 'cmake_target': None, 'cmake_target_skip_unavailable': False, 'install_base': '/home/robotica/Taller_3/ros2_taller3/install/mi_robot_manipulador_3', 'merge_install': False, 'path': '/home/robotica/Taller_3/ros2_taller3/src/mi_robot_manipulador_3', 'symlink_install': False, 'test_result_base': None}
[2.825s] INFO:colcon.colcon_core.executor:Executing jobs using 'parallel' executor
[2.842s] DEBUG:colcon.colcon_parallel_executor.executor.parallel:run_until_complete
[2.844s] INFO:colcon.colcon_ros.task.ament_python.build:Building ROS package in '/home/robotica/Taller_3/ros2_taller3/src/mi_robot_manipulador_3' with build type 'ament_python'
[2.846s] Level 1:colcon.colcon_core.shell:create_environment_hook('mi_robot_manipulador_3', 'ament_prefix_path')
[2.871s] INFO:colcon.colcon_core.plugin_system:Skipping extension 'colcon_core.shell.bat': Not used on non-Windows systems
[2.872s] INFO:colcon.colcon_core.shell:Creating environment hook '/home/robotica/Taller_3/ros2_taller3/install/mi_robot_manipulador_3/share/mi_robot_manipulador_3/hook/ament_prefix_path.ps1'
[2.876s] INFO:colcon.colcon_core.shell:Creating environment descriptor '/home/robotica/Taller_3/ros2_taller3/install/mi_robot_manipulador_3/share/mi_robot_manipulador_3/hook/ament_prefix_path.dsv'
[2.879s] INFO:colcon.colcon_core.shell:Creating environment hook '/home/robotica/Taller_3/ros2_taller3/install/mi_robot_manipulador_3/share/mi_robot_manipulador_3/hook/ament_prefix_path.sh'
[2.888s] INFO:colcon.colcon_core.shell:Skip shell extension 'powershell' for command environment: Not usable outside of PowerShell
[2.889s] DEBUG:colcon.colcon_core.shell:Skip shell extension 'dsv' for command environment
[4.727s] INFO:colcon.colcon_core.task.python.build:Building Python package in '/home/robotica/Taller_3/ros2_taller3/src/mi_robot_manipulador_3'
[4.735s] INFO:colcon.colcon_core.shell:Skip shell extension 'powershell' for command environment: Not usable outside of PowerShell
[4.736s] DEBUG:colcon.colcon_core.shell:Skip shell extension 'dsv' for command environment
[6.951s] DEBUG:colcon.colcon_core.event_handler.log_command:Invoking command in '/home/robotica/Taller_3/ros2_taller3/src/mi_robot_manipulador_3': PYTHONPATH=/home/robotica/Taller_3/ros2_taller3/build/mi_robot_manipulador_3/prefix_override:/home/robotica/Taller_3/ros2_taller3/install/mi_robot_manipulador_3/lib/python3.10/site-packages:${PYTHONPATH} /usr/bin/python3 setup.py egg_info --egg-base ../../build/mi_robot_manipulador_3 build --build-base /home/robotica/Taller_3/ros2_taller3/build/mi_robot_manipulador_3/build install --record /home/robotica/Taller_3/ros2_taller3/build/mi_robot_manipulador_3/install.log --single-version-externally-managed
[8.685s] DEBUG:colcon.colcon_core.event_handler.log_command:Invoked command in '/home/robotica/Taller_3/ros2_taller3/src/mi_robot_manipulador_3' returned '0': PYTHONPATH=/home/robotica/Taller_3/ros2_taller3/build/mi_robot_manipulador_3/prefix_override:/home/robotica/Taller_3/ros2_taller3/install/mi_robot_manipulador_3/lib/python3.10/site-packages:${PYTHONPATH} /usr/bin/python3 setup.py egg_info --egg-base ../../build/mi_robot_manipulador_3 build --build-base /home/robotica/Taller_3/ros2_taller3/build/mi_robot_manipulador_3/build install --record /home/robotica/Taller_3/ros2_taller3/build/mi_robot_manipulador_3/install.log --single-version-externally-managed
[8.709s] Level 1:colcon.colcon_core.environment:checking '/home/robotica/Taller_3/ros2_taller3/install/mi_robot_manipulador_3' for CMake module files
[8.712s] Level 1:colcon.colcon_core.environment:checking '/home/robotica/Taller_3/ros2_taller3/install/mi_robot_manipulador_3' for CMake config files
[8.721s] Level 1:colcon.colcon_core.environment:checking '/home/robotica/Taller_3/ros2_taller3/install/mi_robot_manipulador_3/lib'
[8.722s] Level 1:colcon.colcon_core.environment:checking '/home/robotica/Taller_3/ros2_taller3/install/mi_robot_manipulador_3/bin'
[8.723s] Level 1:colcon.colcon_core.environment:checking '/home/robotica/Taller_3/ros2_taller3/install/mi_robot_manipulador_3/lib/pkgconfig/mi_robot_manipulador_3.pc'
[8.724s] Level 1:colcon.colcon_core.environment:checking '/home/robotica/Taller_3/ros2_taller3/install/mi_robot_manipulador_3/lib/python3.10/site-packages'
[8.725s] Level 1:colcon.colcon_core.shell:create_environment_hook('mi_robot_manipulador_3', 'pythonpath')
[8.732s] INFO:colcon.colcon_core.shell:Creating environment hook '/home/robotica/Taller_3/ros2_taller3/install/mi_robot_manipulador_3/share/mi_robot_manipulador_3/hook/pythonpath.ps1'
[8.734s] INFO:colcon.colcon_core.shell:Creating environment descriptor '/home/robotica/Taller_3/ros2_taller3/install/mi_robot_manipulador_3/share/mi_robot_manipulador_3/hook/pythonpath.dsv'
[8.737s] INFO:colcon.colcon_core.shell:Creating environment hook '/home/robotica/Taller_3/ros2_taller3/install/mi_robot_manipulador_3/share/mi_robot_manipulador_3/hook/pythonpath.sh'
[8.740s] Level 1:colcon.colcon_core.environment:checking '/home/robotica/Taller_3/ros2_taller3/install/mi_robot_manipulador_3/bin'
[8.741s] Level 1:colcon.colcon_core.environment:create_environment_scripts_only(mi_robot_manipulador_3)
[8.748s] INFO:colcon.colcon_core.shell:Creating package script '/home/robotica/Taller_3/ros2_taller3/install/mi_robot_manipulador_3/share/mi_robot_manipulador_3/package.ps1'
[8.752s] INFO:colcon.colcon_core.shell:Creating package descriptor '/home/robotica/Taller_3/ros2_taller3/install/mi_robot_manipulador_3/share/mi_robot_manipulador_3/package.dsv'
[8.755s] INFO:colcon.colcon_core.shell:Creating package script '/home/robotica/Taller_3/ros2_taller3/install/mi_robot_manipulador_3/share/mi_robot_manipulador_3/package.sh'
[8.759s] INFO:colcon.colcon_core.shell:Creating package script '/home/robotica/Taller_3/ros2_taller3/install/mi_robot_manipulador_3/share/mi_robot_manipulador_3/package.bash'
[8.763s] INFO:colcon.colcon_core.shell:Creating package script '/home/robotica/Taller_3/ros2_taller3/install/mi_robot_manipulador_3/share/mi_robot_manipulador_3/package.zsh'
[8.767s] Level 1:colcon.colcon_core.environment:create_file_with_runtime_dependencies(/home/robotica/Taller_3/ros2_taller3/install/mi_robot_manipulador_3/share/colcon-core/packages/mi_robot_manipulador_3)
[8.768s] DEBUG:colcon.colcon_parallel_executor.executor.parallel:closing loop
[8.769s] DEBUG:colcon.colcon_parallel_executor.executor.parallel:loop closed
[8.770s] DEBUG:colcon.colcon_parallel_executor.executor.parallel:run_until_complete finished with '0'
[8.770s] DEBUG:colcon.colcon_core.event_reactor:joining thread
[8.800s] INFO:colcon.colcon_core.plugin_system:Skipping extension 'colcon_notification.desktop_notification.terminal_notifier': Not used on non-Darwin systems
[8.801s] INFO:colcon.colcon_core.plugin_system:Skipping extension 'colcon_notification.desktop_notification.win32': Not used on non-Windows systems
[8.801s] INFO:colcon.colcon_notification.desktop_notification:Sending desktop notification using 'notify2'
[8.879s] DEBUG:colcon.colcon_core.event_reactor:joined thread
[8.887s] INFO:colcon.colcon_core.shell:Creating prefix script '/home/robotica/Taller_3/ros2_taller3/install/local_setup.ps1'
[8.892s] INFO:colcon.colcon_core.shell:Creating prefix util module '/home/robotica/Taller_3/ros2_taller3/install/_local_setup_util_ps1.py'
[8.898s] INFO:colcon.colcon_core.shell:Creating prefix chain script '/home/robotica/Taller_3/ros2_taller3/install/setup.ps1'
[8.904s] INFO:colcon.colcon_core.shell:Creating prefix script '/home/robotica/Taller_3/ros2_taller3/install/local_setup.sh'
[8.907s] INFO:colcon.colcon_core.shell:Creating prefix util module '/home/robotica/Taller_3/ros2_taller3/install/_local_setup_util_sh.py'
[8.910s] INFO:colcon.colcon_core.shell:Creating prefix chain script '/home/robotica/Taller_3/ros2_taller3/install/setup.sh'
[8.917s] INFO:colcon.colcon_core.shell:Creating prefix script '/home/robotica/Taller_3/ros2_taller3/install/local_setup.bash'
[8.920s] INFO:colcon.colcon_core.shell:Creating prefix chain script '/home/robotica/Taller_3/ros2_taller3/install/setup.bash'
[8.926s] INFO:colcon.colcon_core.shell:Creating prefix script '/home/robotica/Taller_3/ros2_taller3/install/local_setup.zsh'
[8.929s] INFO:colcon.colcon_core.shell:Creating prefix chain script '/home/robotica/Taller_3/ros2_taller3/install/setup.zsh'
