[3.200s] Invoking command in '/home/robotica/Taller_3/ros2_taller3/src/mi_robot_manipulador_3': PYTHONPATH=/home/robotica/Taller_3/build/mi_robot_manipulador_3/prefix_override:/home/robotica/Taller_3/install/mi_robot_manipulador_3/lib/python3.10/site-packages:${PYTHONPATH} /usr/bin/python3 setup.py egg_info --egg-base ../../../build/mi_robot_manipulador_3 build --build-base /home/robotica/Taller_3/build/mi_robot_manipulador_3/build install --record /home/robotica/Taller_3/build/mi_robot_manipulador_3/install.log --single-version-externally-managed
[4.476s] running egg_info
[4.480s] writing ../../../build/mi_robot_manipulador_3/mi_robot_manipulador_3.egg-info/PKG-INFO
[4.481s] writing dependency_links to ../../../build/mi_robot_manipulador_3/mi_robot_manipulador_3.egg-info/dependency_links.txt
[4.482s] writing entry points to ../../../build/mi_robot_manipulador_3/mi_robot_manipulador_3.egg-info/entry_points.txt
[4.483s] writing requirements to ../../../build/mi_robot_manipulador_3/mi_robot_manipulador_3.egg-info/requires.txt
[4.484s] writing top-level names to ../../../build/mi_robot_manipulador_3/mi_robot_manipulador_3.egg-info/top_level.txt
[4.493s] reading manifest file '../../../build/mi_robot_manipulador_3/mi_robot_manipulador_3.egg-info/SOURCES.txt'
[4.498s] writing manifest file '../../../build/mi_robot_manipulador_3/mi_robot_manipulador_3.egg-info/SOURCES.txt'
[4.499s] running build
[4.500s] running build_py
[4.500s] copying mi_robot_manipulador_3/manipulador_controller.py -> /home/robotica/Taller_3/build/mi_robot_manipulador_3/build/lib/mi_robot_manipulador_3
[4.502s] copying mi_robot_manipulador_3/manipulador_punto.py -> /home/robotica/Taller_3/build/mi_robot_manipulador_3/build/lib/mi_robot_manipulador_3
[4.504s] running install
[4.505s] /usr/lib/python3/dist-packages/setuptools/command/install.py:34: SetuptoolsDeprecationWarning: setup.py install is deprecated. Use build and pip and other standards-based tools.
[4.505s]   warnings.warn(
[4.506s] running install_lib
[4.510s] copying /home/robotica/Taller_3/build/mi_robot_manipulador_3/build/lib/mi_robot_manipulador_3/manipulador_controller.py -> /home/robotica/Taller_3/install/mi_robot_manipulador_3/lib/python3.10/site-packages/mi_robot_manipulador_3
[4.512s] copying /home/robotica/Taller_3/build/mi_robot_manipulador_3/build/lib/mi_robot_manipulador_3/manipulador_punto.py -> /home/robotica/Taller_3/install/mi_robot_manipulador_3/lib/python3.10/site-packages/mi_robot_manipulador_3
[4.515s] byte-compiling /home/robotica/Taller_3/install/mi_robot_manipulador_3/lib/python3.10/site-packages/mi_robot_manipulador_3/manipulador_controller.py to manipulador_controller.cpython-310.pyc
[4.519s] byte-compiling /home/robotica/Taller_3/install/mi_robot_manipulador_3/lib/python3.10/site-packages/mi_robot_manipulador_3/manipulador_punto.py to manipulador_punto.cpython-310.pyc
[4.522s] running install_data
[4.525s] running install_egg_info
[4.532s] removing '/home/robotica/Taller_3/install/mi_robot_manipulador_3/lib/python3.10/site-packages/mi_robot_manipulador_3-0.0.0-py3.10.egg-info' (and everything under it)
[4.534s] Copying ../../../build/mi_robot_manipulador_3/mi_robot_manipulador_3.egg-info to /home/robotica/Taller_3/install/mi_robot_manipulador_3/lib/python3.10/site-packages/mi_robot_manipulador_3-0.0.0-py3.10.egg-info
[4.541s] running install_scripts
[4.633s] Installing robot_manipulator_controller script to /home/robotica/Taller_3/install/mi_robot_manipulador_3/lib/mi_robot_manipulador_3
[4.634s] Installing robot_manipulator_interface script to /home/robotica/Taller_3/install/mi_robot_manipulador_3/lib/mi_robot_manipulador_3
[4.635s] Installing robot_manipulator_planner script to /home/robotica/Taller_3/install/mi_robot_manipulador_3/lib/mi_robot_manipulador_3
[4.636s] Installing robot_manipulator_tarea script to /home/robotica/Taller_3/install/mi_robot_manipulador_3/lib/mi_robot_manipulador_3
[4.637s] Installing robot_manipulator_teleop script to /home/robotica/Taller_3/install/mi_robot_manipulador_3/lib/mi_robot_manipulador_3
[4.640s] writing list of installed files to '/home/robotica/Taller_3/build/mi_robot_manipulador_3/install.log'
[4.771s] Invoked command in '/home/robotica/Taller_3/ros2_taller3/src/mi_robot_manipulador_3' returned '0': PYTHONPATH=/home/robotica/Taller_3/build/mi_robot_manipulador_3/prefix_override:/home/robotica/Taller_3/install/mi_robot_manipulador_3/lib/python3.10/site-packages:${PYTHONPATH} /usr/bin/python3 setup.py egg_info --egg-base ../../../build/mi_robot_manipulador_3 build --build-base /home/robotica/Taller_3/build/mi_robot_manipulador_3/build install --record /home/robotica/Taller_3/build/mi_robot_manipulador_3/install.log --single-version-externally-managed
