[3.087s] DEBUG:colcon:Command line arguments: ['/usr/bin/colcon', 'build']
[3.088s] DEBUG:colcon:Parsed command line arguments: Namespace(log_base=None, log_level=None, verb_name='build', build_base='build', install_base='install', merge_install=False, symlink_install=False, test_result_base=None, continue_on_error=False, executor='parallel', parallel_workers=4, event_handlers=None, ignore_user_meta=False, metas=['./colcon.meta'], base_paths=['.'], packages_ignore=None, packages_ignore_regex=None, paths=None, packages_up_to=None, packages_up_to_regex=None, packages_above=None, packages_above_and_dependencies=None, packages_above_depth=None, packages_select_by_dep=None, packages_skip_by_dep=None, packages_skip_up_to=None, packages_select_build_failed=False, packages_skip_build_finished=False, packages_select_test_failures=False, packages_skip_test_passed=False, packages_select=None, packages_skip=None, packages_select_regex=None, packages_skip_regex=None, packages_start=None, packages_end=None, allow_overriding=[], cmake_args=None, cmake_target=None, cmake_target_skip_unavailable=False, cmake_clean_cache=False, cmake_clean_first=False, cmake_force_configure=False, ament_cmake_args=None, catkin_cmake_args=None, catkin_skip_building_tests=False, verb_parser=<colcon_defaults.argument_parser.defaults.DefaultArgumentsDecorator object at 0xffff911ac160>, verb_extension=<colcon_core.verb.build.BuildVerb object at 0xffff91a0f6d0>, main=<bound method BuildVerb.main of <colcon_core.verb.build.BuildVerb object at 0xffff91a0f6d0>>)
[3.410s] Level 1:colcon.colcon_core.package_discovery:discover_packages(colcon_meta) check parameters
[3.411s] Level 1:colcon.colcon_core.package_discovery:discover_packages(recursive) check parameters
[3.411s] Level 1:colcon.colcon_core.package_discovery:discover_packages(ignore) check parameters
[3.411s] Level 1:colcon.colcon_core.package_discovery:discover_packages(path) check parameters
[3.411s] Level 1:colcon.colcon_core.package_discovery:discover_packages(colcon_meta) discover
[3.412s] Level 1:colcon.colcon_core.package_discovery:discover_packages(recursive) discover
[3.412s] INFO:colcon.colcon_core.package_discovery:Crawling recursively for packages in '/home/robotica/Taller_3/ros2_taller3'
[3.413s] Level 1:colcon.colcon_core.package_identification:_identify(.) by extensions ['ignore', 'ignore_ament_install']
[3.413s] Level 1:colcon.colcon_core.package_identification:_identify(.) by extension 'ignore'
[3.413s] Level 1:colcon.colcon_core.package_identification:_identify(.) by extension 'ignore_ament_install'
[3.414s] Level 1:colcon.colcon_core.package_identification:_identify(.) by extensions ['colcon_pkg']
[3.414s] Level 1:colcon.colcon_core.package_identification:_identify(.) by extension 'colcon_pkg'
[3.414s] Level 1:colcon.colcon_core.package_identification:_identify(.) by extensions ['colcon_meta']
[3.415s] Level 1:colcon.colcon_core.package_identification:_identify(.) by extension 'colcon_meta'
[3.415s] Level 1:colcon.colcon_core.package_identification:_identify(.) by extensions ['ros']
[3.415s] Level 1:colcon.colcon_core.package_identification:_identify(.) by extension 'ros'
[3.515s] Level 1:colcon.colcon_core.package_identification:_identify(.) by extensions ['cmake', 'python']
[3.516s] Level 1:colcon.colcon_core.package_identification:_identify(.) by extension 'cmake'
[3.516s] Level 1:colcon.colcon_core.package_identification:_identify(.) by extension 'python'
[3.516s] Level 1:colcon.colcon_core.package_identification:_identify(.) by extensions ['python_setup_py']
[3.516s] Level 1:colcon.colcon_core.package_identification:_identify(.) by extension 'python_setup_py'
[3.517s] Level 1:colcon.colcon_core.package_identification:_identify(build) by extensions ['ignore', 'ignore_ament_install']
[3.518s] Level 1:colcon.colcon_core.package_identification:_identify(build) by extension 'ignore'
[3.518s] Level 1:colcon.colcon_core.package_identification:_identify(build) ignored
[3.519s] Level 1:colcon.colcon_core.package_identification:_identify(install) by extensions ['ignore', 'ignore_ament_install']
[3.519s] Level 1:colcon.colcon_core.package_identification:_identify(install) by extension 'ignore'
[3.519s] Level 1:colcon.colcon_core.package_identification:_identify(install) ignored
[3.521s] Level 1:colcon.colcon_core.package_identification:_identify(log) by extensions ['ignore', 'ignore_ament_install']
[3.521s] Level 1:colcon.colcon_core.package_identification:_identify(log) by extension 'ignore'
[3.521s] Level 1:colcon.colcon_core.package_identification:_identify(log) ignored
[3.522s] Level 1:colcon.colcon_core.package_identification:_identify(src) by extensions ['ignore', 'ignore_ament_install']
[3.522s] Level 1:colcon.colcon_core.package_identification:_identify(src) by extension 'ignore'
[3.522s] Level 1:colcon.colcon_core.package_identification:_identify(src) by extension 'ignore_ament_install'
[3.523s] Level 1:colcon.colcon_core.package_identification:_identify(src) by extensions ['colcon_pkg']
[3.523s] Level 1:colcon.colcon_core.package_identification:_identify(src) by extension 'colcon_pkg'
[3.523s] Level 1:colcon.colcon_core.package_identification:_identify(src) by extensions ['colcon_meta']
[3.523s] Level 1:colcon.colcon_core.package_identification:_identify(src) by extension 'colcon_meta'
[3.524s] Level 1:colcon.colcon_core.package_identification:_identify(src) by extensions ['ros']
[3.524s] Level 1:colcon.colcon_core.package_identification:_identify(src) by extension 'ros'
[3.524s] Level 1:colcon.colcon_core.package_identification:_identify(src) by extensions ['cmake', 'python']
[3.524s] Level 1:colcon.colcon_core.package_identification:_identify(src) by extension 'cmake'
[3.525s] Level 1:colcon.colcon_core.package_identification:_identify(src) by extension 'python'
[3.525s] Level 1:colcon.colcon_core.package_identification:_identify(src) by extensions ['python_setup_py']
[3.525s] Level 1:colcon.colcon_core.package_identification:_identify(src) by extension 'python_setup_py'
[3.526s] Level 1:colcon.colcon_core.package_identification:_identify(src/manipulador_odometria) by extensions ['ignore', 'ignore_ament_install']
[3.526s] Level 1:colcon.colcon_core.package_identification:_identify(src/manipulador_odometria) by extension 'ignore'
[3.526s] Level 1:colcon.colcon_core.package_identification:_identify(src/manipulador_odometria) by extension 'ignore_ament_install'
[3.527s] Level 1:colcon.colcon_core.package_identification:_identify(src/manipulador_odometria) by extensions ['colcon_pkg']
[3.527s] Level 1:colcon.colcon_core.package_identification:_identify(src/manipulador_odometria) by extension 'colcon_pkg'
[3.527s] Level 1:colcon.colcon_core.package_identification:_identify(src/manipulador_odometria) by extensions ['colcon_meta']
[3.527s] Level 1:colcon.colcon_core.package_identification:_identify(src/manipulador_odometria) by extension 'colcon_meta'
[3.528s] Level 1:colcon.colcon_core.package_identification:_identify(src/manipulador_odometria) by extensions ['ros']
[3.528s] Level 1:colcon.colcon_core.package_identification:_identify(src/manipulador_odometria) by extension 'ros'
[3.528s] Level 1:colcon.colcon_core.package_identification:_identify(src/manipulador_odometria) by extensions ['cmake', 'python']
[3.528s] Level 1:colcon.colcon_core.package_identification:_identify(src/manipulador_odometria) by extension 'cmake'
[3.529s] Level 1:colcon.colcon_core.package_identification:_identify(src/manipulador_odometria) by extension 'python'
[3.529s] Level 1:colcon.colcon_core.package_identification:_identify(src/manipulador_odometria) by extensions ['python_setup_py']
[3.529s] Level 1:colcon.colcon_core.package_identification:_identify(src/manipulador_odometria) by extension 'python_setup_py'
[3.530s] Level 1:colcon.colcon_core.package_identification:_identify(src/mi_robot_manipulador_3) by extensions ['ignore', 'ignore_ament_install']
[3.530s] Level 1:colcon.colcon_core.package_identification:_identify(src/mi_robot_manipulador_3) by extension 'ignore'
[3.530s] Level 1:colcon.colcon_core.package_identification:_identify(src/mi_robot_manipulador_3) by extension 'ignore_ament_install'
[3.531s] Level 1:colcon.colcon_core.package_identification:_identify(src/mi_robot_manipulador_3) by extensions ['colcon_pkg']
[3.531s] Level 1:colcon.colcon_core.package_identification:_identify(src/mi_robot_manipulador_3) by extension 'colcon_pkg'
[3.531s] Level 1:colcon.colcon_core.package_identification:_identify(src/mi_robot_manipulador_3) by extensions ['colcon_meta']
[3.531s] Level 1:colcon.colcon_core.package_identification:_identify(src/mi_robot_manipulador_3) by extension 'colcon_meta'
[3.532s] Level 1:colcon.colcon_core.package_identification:_identify(src/mi_robot_manipulador_3) by extensions ['ros']
[3.532s] Level 1:colcon.colcon_core.package_identification:_identify(src/mi_robot_manipulador_3) by extension 'ros'
[3.555s] DEBUG:colcon.colcon_core.package_identification:Package 'src/mi_robot_manipulador_3' with type 'ros.ament_python' and name 'mi_robot_manipulador_3'
[3.555s] Level 1:colcon.colcon_core.package_discovery:discover_packages(recursive) using defaults
[3.556s] Level 1:colcon.colcon_core.package_discovery:discover_packages(ignore) discover
[3.556s] Level 1:colcon.colcon_core.package_discovery:discover_packages(ignore) using defaults
[3.556s] Level 1:colcon.colcon_core.package_discovery:discover_packages(path) discover
[3.556s] Level 1:colcon.colcon_core.package_discovery:discover_packages(path) using defaults
[3.763s] Level 1:colcon.colcon_core.package_discovery:discover_packages(prefix_path) check parameters
[3.764s] Level 1:colcon.colcon_core.package_discovery:discover_packages(prefix_path) discover
[3.789s] DEBUG:colcon.colcon_installed_package_information.package_discovery:Found 1 installed packages in /home/robotica/Taller_3/ros2_taller3/install
[3.803s] DEBUG:colcon.colcon_installed_package_information.package_discovery:Found 182 installed packages in /opt/ros/humble
[3.809s] Level 1:colcon.colcon_core.package_discovery:discover_packages(prefix_path) using defaults
[4.198s] Level 5:colcon.colcon_core.verb:set package 'mi_robot_manipulador_3' build argument 'cmake_args' from command line to 'None'
[4.198s] Level 5:colcon.colcon_core.verb:set package 'mi_robot_manipulador_3' build argument 'cmake_target' from command line to 'None'
[4.199s] Level 5:colcon.colcon_core.verb:set package 'mi_robot_manipulador_3' build argument 'cmake_target_skip_unavailable' from command line to 'False'
[4.199s] Level 5:colcon.colcon_core.verb:set package 'mi_robot_manipulador_3' build argument 'cmake_clean_cache' from command line to 'False'
[4.199s] Level 5:colcon.colcon_core.verb:set package 'mi_robot_manipulador_3' build argument 'cmake_clean_first' from command line to 'False'
[4.199s] Level 5:colcon.colcon_core.verb:set package 'mi_robot_manipulador_3' build argument 'cmake_force_configure' from command line to 'False'
[4.200s] Level 5:colcon.colcon_core.verb:set package 'mi_robot_manipulador_3' build argument 'ament_cmake_args' from command line to 'None'
[4.200s] Level 5:colcon.colcon_core.verb:set package 'mi_robot_manipulador_3' build argument 'catkin_cmake_args' from command line to 'None'
[4.200s] Level 5:colcon.colcon_core.verb:set package 'mi_robot_manipulador_3' build argument 'catkin_skip_building_tests' from command line to 'False'
[4.200s] DEBUG:colcon.colcon_core.verb:Building package 'mi_robot_manipulador_3' with the following arguments: {'ament_cmake_args': None, 'build_base': '/home/robotica/Taller_3/ros2_taller3/build/mi_robot_manipulador_3', 'catkin_cmake_args': None, 'catkin_skip_building_tests': False, 'cmake_args': None, 'cmake_clean_cache': False, 'cmake_clean_first': False, 'cmake_force_configure': False, 'cmake_target': None, 'cmake_target_skip_unavailable': False, 'install_base': '/home/robotica/Taller_3/ros2_taller3/install/mi_robot_manipulador_3', 'merge_install': False, 'path': '/home/robotica/Taller_3/ros2_taller3/src/mi_robot_manipulador_3', 'symlink_install': False, 'test_result_base': None}
[4.203s] INFO:colcon.colcon_core.executor:Executing jobs using 'parallel' executor
[4.217s] DEBUG:colcon.colcon_parallel_executor.executor.parallel:run_until_complete
[4.219s] INFO:colcon.colcon_ros.task.ament_python.build:Building ROS package in '/home/robotica/Taller_3/ros2_taller3/src/mi_robot_manipulador_3' with build type 'ament_python'
[4.220s] Level 1:colcon.colcon_core.shell:create_environment_hook('mi_robot_manipulador_3', 'ament_prefix_path')
[4.269s] INFO:colcon.colcon_core.plugin_system:Skipping extension 'colcon_core.shell.bat': Not used on non-Windows systems
[4.271s] INFO:colcon.colcon_core.shell:Creating environment hook '/home/robotica/Taller_3/ros2_taller3/install/mi_robot_manipulador_3/share/mi_robot_manipulador_3/hook/ament_prefix_path.ps1'
[4.276s] INFO:colcon.colcon_core.shell:Creating environment descriptor '/home/robotica/Taller_3/ros2_taller3/install/mi_robot_manipulador_3/share/mi_robot_manipulador_3/hook/ament_prefix_path.dsv'
[4.280s] INFO:colcon.colcon_core.shell:Creating environment hook '/home/robotica/Taller_3/ros2_taller3/install/mi_robot_manipulador_3/share/mi_robot_manipulador_3/hook/ament_prefix_path.sh'
[4.290s] INFO:colcon.colcon_core.shell:Skip shell extension 'powershell' for command environment: Not usable outside of PowerShell
[4.291s] DEBUG:colcon.colcon_core.shell:Skip shell extension 'dsv' for command environment
[6.161s] INFO:colcon.colcon_core.task.python.build:Building Python package in '/home/robotica/Taller_3/ros2_taller3/src/mi_robot_manipulador_3'
[6.176s] INFO:colcon.colcon_core.shell:Skip shell extension 'powershell' for command environment: Not usable outside of PowerShell
[6.177s] DEBUG:colcon.colcon_core.shell:Skip shell extension 'dsv' for command environment
[8.524s] DEBUG:colcon.colcon_core.event_handler.log_command:Invoking command in '/home/robotica/Taller_3/ros2_taller3/src/mi_robot_manipulador_3': PYTHONPATH=/home/robotica/Taller_3/ros2_taller3/build/mi_robot_manipulador_3/prefix_override:/home/robotica/Taller_3/ros2_taller3/install/mi_robot_manipulador_3/lib/python3.10/site-packages:${PYTHONPATH} /usr/bin/python3 setup.py egg_info --egg-base ../../build/mi_robot_manipulador_3 build --build-base /home/robotica/Taller_3/ros2_taller3/build/mi_robot_manipulador_3/build install --record /home/robotica/Taller_3/ros2_taller3/build/mi_robot_manipulador_3/install.log --single-version-externally-managed
[10.100s] DEBUG:colcon.colcon_core.event_handler.log_command:Invoked command in '/home/robotica/Taller_3/ros2_taller3/src/mi_robot_manipulador_3' returned '0': PYTHONPATH=/home/robotica/Taller_3/ros2_taller3/build/mi_robot_manipulador_3/prefix_override:/home/robotica/Taller_3/ros2_taller3/install/mi_robot_manipulador_3/lib/python3.10/site-packages:${PYTHONPATH} /usr/bin/python3 setup.py egg_info --egg-base ../../build/mi_robot_manipulador_3 build --build-base /home/robotica/Taller_3/ros2_taller3/build/mi_robot_manipulador_3/build install --record /home/robotica/Taller_3/ros2_taller3/build/mi_robot_manipulador_3/install.log --single-version-externally-managed
[10.148s] Level 1:colcon.colcon_core.environment:checking '/home/robotica/Taller_3/ros2_taller3/install/mi_robot_manipulador_3' for CMake module files
[10.154s] Level 1:colcon.colcon_core.environment:checking '/home/robotica/Taller_3/ros2_taller3/install/mi_robot_manipulador_3' for CMake config files
[10.160s] Level 1:colcon.colcon_core.environment:checking '/home/robotica/Taller_3/ros2_taller3/install/mi_robot_manipulador_3/lib'
[10.161s] Level 1:colcon.colcon_core.environment:checking '/home/robotica/Taller_3/ros2_taller3/install/mi_robot_manipulador_3/bin'
[10.162s] Level 1:colcon.colcon_core.environment:checking '/home/robotica/Taller_3/ros2_taller3/install/mi_robot_manipulador_3/lib/pkgconfig/mi_robot_manipulador_3.pc'
[10.163s] Level 1:colcon.colcon_core.environment:checking '/home/robotica/Taller_3/ros2_taller3/install/mi_robot_manipulador_3/lib/python3.10/site-packages'
[10.164s] Level 1:colcon.colcon_core.shell:create_environment_hook('mi_robot_manipulador_3', 'pythonpath')
[10.171s] INFO:colcon.colcon_core.shell:Creating environment hook '/home/robotica/Taller_3/ros2_taller3/install/mi_robot_manipulador_3/share/mi_robot_manipulador_3/hook/pythonpath.ps1'
[10.176s] INFO:colcon.colcon_core.shell:Creating environment descriptor '/home/robotica/Taller_3/ros2_taller3/install/mi_robot_manipulador_3/share/mi_robot_manipulador_3/hook/pythonpath.dsv'
[10.180s] INFO:colcon.colcon_core.shell:Creating environment hook '/home/robotica/Taller_3/ros2_taller3/install/mi_robot_manipulador_3/share/mi_robot_manipulador_3/hook/pythonpath.sh'
[10.185s] Level 1:colcon.colcon_core.environment:checking '/home/robotica/Taller_3/ros2_taller3/install/mi_robot_manipulador_3/bin'
[10.186s] Level 1:colcon.colcon_core.environment:create_environment_scripts_only(mi_robot_manipulador_3)
[10.193s] INFO:colcon.colcon_core.shell:Creating package script '/home/robotica/Taller_3/ros2_taller3/install/mi_robot_manipulador_3/share/mi_robot_manipulador_3/package.ps1'
[10.208s] INFO:colcon.colcon_core.shell:Creating package descriptor '/home/robotica/Taller_3/ros2_taller3/install/mi_robot_manipulador_3/share/mi_robot_manipulador_3/package.dsv'
[10.254s] INFO:colcon.colcon_core.shell:Creating package script '/home/robotica/Taller_3/ros2_taller3/install/mi_robot_manipulador_3/share/mi_robot_manipulador_3/package.sh'
[10.264s] INFO:colcon.colcon_core.shell:Creating package script '/home/robotica/Taller_3/ros2_taller3/install/mi_robot_manipulador_3/share/mi_robot_manipulador_3/package.bash'
[10.272s] INFO:colcon.colcon_core.shell:Creating package script '/home/robotica/Taller_3/ros2_taller3/install/mi_robot_manipulador_3/share/mi_robot_manipulador_3/package.zsh'
[10.278s] Level 1:colcon.colcon_core.environment:create_file_with_runtime_dependencies(/home/robotica/Taller_3/ros2_taller3/install/mi_robot_manipulador_3/share/colcon-core/packages/mi_robot_manipulador_3)
[10.280s] DEBUG:colcon.colcon_parallel_executor.executor.parallel:closing loop
[10.282s] DEBUG:colcon.colcon_parallel_executor.executor.parallel:loop closed
[10.282s] DEBUG:colcon.colcon_parallel_executor.executor.parallel:run_until_complete finished with '0'
[10.283s] DEBUG:colcon.colcon_core.event_reactor:joining thread
[10.400s] INFO:colcon.colcon_core.plugin_system:Skipping extension 'colcon_notification.desktop_notification.terminal_notifier': Not used on non-Darwin systems
[10.401s] INFO:colcon.colcon_core.plugin_system:Skipping extension 'colcon_notification.desktop_notification.win32': Not used on non-Windows systems
[10.401s] INFO:colcon.colcon_notification.desktop_notification:Sending desktop notification using 'notify2'
[10.681s] DEBUG:colcon.colcon_core.event_reactor:joined thread
[10.689s] INFO:colcon.colcon_core.shell:Creating prefix script '/home/robotica/Taller_3/ros2_taller3/install/local_setup.ps1'
[10.701s] INFO:colcon.colcon_core.shell:Creating prefix util module '/home/robotica/Taller_3/ros2_taller3/install/_local_setup_util_ps1.py'
[10.713s] INFO:colcon.colcon_core.shell:Creating prefix chain script '/home/robotica/Taller_3/ros2_taller3/install/setup.ps1'
[10.725s] INFO:colcon.colcon_core.shell:Creating prefix script '/home/robotica/Taller_3/ros2_taller3/install/local_setup.sh'
[10.735s] INFO:colcon.colcon_core.shell:Creating prefix util module '/home/robotica/Taller_3/ros2_taller3/install/_local_setup_util_sh.py'
[10.741s] INFO:colcon.colcon_core.shell:Creating prefix chain script '/home/robotica/Taller_3/ros2_taller3/install/setup.sh'
[10.753s] INFO:colcon.colcon_core.shell:Creating prefix script '/home/robotica/Taller_3/ros2_taller3/install/local_setup.bash'
[10.761s] INFO:colcon.colcon_core.shell:Creating prefix chain script '/home/robotica/Taller_3/ros2_taller3/install/setup.bash'
[10.774s] INFO:colcon.colcon_core.shell:Creating prefix script '/home/robotica/Taller_3/ros2_taller3/install/local_setup.zsh'
[10.779s] INFO:colcon.colcon_core.shell:Creating prefix chain script '/home/robotica/Taller_3/ros2_taller3/install/setup.zsh'
