[3.323s] Invoking command in '/home/robotica/Taller_3/ros2_taller3/src/mi_robot_manipulador_3': PYTHONPATH=/home/robotica/Taller_3/ros2_taller3/build/mi_robot_manipulador_3/prefix_override:/home/robotica/Taller_3/ros2_taller3/install/mi_robot_manipulador_3/lib/python3.10/site-packages:${PYTHONPATH} /usr/bin/python3 setup.py egg_info --egg-base ../../build/mi_robot_manipulador_3 build --build-base /home/robotica/Taller_3/ros2_taller3/build/mi_robot_manipulador_3/build install --record /home/robotica/Taller_3/ros2_taller3/build/mi_robot_manipulador_3/install.log --single-version-externally-managed
[4.513s] running egg_info
[4.516s] writing ../../build/mi_robot_manipulador_3/mi_robot_manipulador_3.egg-info/PKG-INFO
[4.517s] writing dependency_links to ../../build/mi_robot_manipulador_3/mi_robot_manipulador_3.egg-info/dependency_links.txt
[4.519s] writing entry points to ../../build/mi_robot_manipulador_3/mi_robot_manipulador_3.egg-info/entry_points.txt
[4.520s] writing requirements to ../../build/mi_robot_manipulador_3/mi_robot_manipulador_3.egg-info/requires.txt
[4.520s] writing top-level names to ../../build/mi_robot_manipulador_3/mi_robot_manipulador_3.egg-info/top_level.txt
[4.530s] reading manifest file '../../build/mi_robot_manipulador_3/mi_robot_manipulador_3.egg-info/SOURCES.txt'
[4.536s] writing manifest file '../../build/mi_robot_manipulador_3/mi_robot_manipulador_3.egg-info/SOURCES.txt'
[4.537s] running build
[4.538s] running build_py
[4.540s] running install
[4.542s] /usr/lib/python3/dist-packages/setuptools/command/install.py:34: SetuptoolsDeprecationWarning: setup.py install is deprecated. Use build and pip and other standards-based tools.
[4.543s]   warnings.warn(
[4.544s] running install_lib
[4.551s] running install_data
[4.554s] running install_egg_info
[4.563s] removing '/home/robotica/Taller_3/ros2_taller3/install/mi_robot_manipulador_3/lib/python3.10/site-packages/mi_robot_manipulador_3-0.0.0-py3.10.egg-info' (and everything under it)
[4.575s] Copying ../../build/mi_robot_manipulador_3/mi_robot_manipulador_3.egg-info to /home/robotica/Taller_3/ros2_taller3/install/mi_robot_manipulador_3/lib/python3.10/site-packages/mi_robot_manipulador_3-0.0.0-py3.10.egg-info
[4.591s] running install_scripts
[4.689s] Installing robot_manipulator_interface script to /home/robotica/Taller_3/ros2_taller3/install/mi_robot_manipulador_3/lib/mi_robot_manipulador_3
[4.690s] Installing robot_manipulator_planner script to /home/robotica/Taller_3/ros2_taller3/install/mi_robot_manipulador_3/lib/mi_robot_manipulador_3
[4.691s] Installing robot_manipulator_teleop script to /home/robotica/Taller_3/ros2_taller3/install/mi_robot_manipulador_3/lib/mi_robot_manipulador_3
[4.694s] writing list of installed files to '/home/robotica/Taller_3/ros2_taller3/build/mi_robot_manipulador_3/install.log'
[4.830s] Invoked command in '/home/robotica/Taller_3/ros2_taller3/src/mi_robot_manipulador_3' returned '0': PYTHONPATH=/home/robotica/Taller_3/ros2_taller3/build/mi_robot_manipulador_3/prefix_override:/home/robotica/Taller_3/ros2_taller3/install/mi_robot_manipulador_3/lib/python3.10/site-packages:${PYTHONPATH} /usr/bin/python3 setup.py egg_info --egg-base ../../build/mi_robot_manipulador_3 build --build-base /home/robotica/Taller_3/ros2_taller3/build/mi_robot_manipulador_3/build install --record /home/robotica/Taller_3/ros2_taller3/build/mi_robot_manipulador_3/install.log --single-version-externally-managed
